[ 2018-08-07T16:27:20+08:00 ] 127.0.0.1 /index.php/Service/load_tongchou
INFO: [ app_init ] --START--
INFO: Run Behavior\BuildLiteBehavior [ RunTime:0.000000s ]
INFO: [ app_init ] --END-- [ RunTime:0.004000s ]
INFO: [ app_begin ] --START--
INFO: Run Behavior\ReadHtmlCacheBehavior [ RunTime:0.001000s ]
INFO: [ app_begin ] --END-- [ RunTime:0.001000s ]
SQL: SHOW COLUMNS FROM `Shops` [ RunTime:0.0210s ]
SQL: SELECT * FROM `Shops` WHERE `user_id` = 100022 LIMIT 1   [ RunTime:0.0170s ]
SQL: SHOW COLUMNS FROM `bills` [ RunTime:0.0170s ]
SQL: SELECT SUM(total_price) AS tp_sum FROM `bills` WHERE `sell_user_id` = 100022 AND `pay_date` BETWEEN '2018-08-01' AND '2018-08-31' AND (  (is_pay = 1)  OR ( pay_state = 1)  ) LIMIT 1   [ RunTime:0.0160s ]
SQL: SELECT SUM(total_price) AS tp_sum FROM `bills` WHERE `sell_user_id` = 100022 AND `start_date` BETWEEN '2018-08-01' AND '2018-08-31' AND `is_pay` = 0 AND `pay_state` = 0 LIMIT 1   [ RunTime:0.0160s ]
SQL: SELECT SUM(total_price) AS tp_sum FROM `bills` WHERE `sell_user_id` = 100022 AND `pay_date` BETWEEN '2018-07-01' AND '2018-07-31' AND (  (is_pay = 1)  OR ( pay_state = 1)  ) LIMIT 1   [ RunTime:0.0170s ]
SQL: SHOW COLUMNS FROM `agreement` [ RunTime:0.0170s ]
SQL: SELECT COUNT(*) AS tp_count FROM `agreement` WHERE `sell_user_id` = 100022 AND `end_date` BETWEEN '2018-08-07' AND '2018-09-06' LIMIT 1   [ RunTime:0.0170s ]
SQL: SHOW COLUMNS FROM `RentalHouses` [ RunTime:0.0170s ]
SQL: SELECT * FROM `RentalHouses` WHERE `source` = 9 AND `userId` = 100022  [ RunTime:0.0180s ]
INFO: [ app_end ] --START--
INFO: Run Behavior\ShowPageTraceBehavior [ RunTime:0.003000s ]
INFO: [ app_end ] --END-- [ RunTime:0.003000s ]

[ 2018-08-07T17:16:40+08:00 ] 127.0.0.1 /index.php/Service
INFO: [ app_init ] --START--
INFO: Run Behavior\BuildLiteBehavior [ RunTime:0.000000s ]
INFO: [ app_init ] --END-- [ RunTime:0.002000s ]
INFO: [ app_begin ] --START--
INFO: Run Behavior\ReadHtmlCacheBehavior [ RunTime:0.004000s ]
INFO: [ app_begin ] --END-- [ RunTime:0.004000s ]
SQL: SHOW COLUMNS FROM `Shops` [ RunTime:0.0180s ]
SQL: SELECT * FROM `Shops` WHERE `user_id` = 100022 LIMIT 1   [ RunTime:0.0180s ]
INFO: [ view_parse ] --START--
INFO: [ template_filter ] --START--
INFO: Run Behavior\ContentReplaceBehavior [ RunTime:0.000000s ]
INFO: [ template_filter ] --END-- [ RunTime:0.000000s ]
INFO: Run Behavior\ParseTemplateBehavior [ RunTime:0.019000s ]
INFO: [ view_parse ] --END-- [ RunTime:0.019000s ]
INFO: [ view_filter ] --START--
INFO: Run Behavior\WriteHtmlCacheBehavior [ RunTime:0.001000s ]
INFO: [ view_filter ] --END-- [ RunTime:0.001000s ]
INFO: [ app_end ] --START--
INFO: Run Behavior\ShowPageTraceBehavior [ RunTime:0.002000s ]
INFO: [ app_end ] --END-- [ RunTime:0.002000s ]

[ 2018-08-07T17:16:41+08:00 ] 127.0.0.1 /index.php/Im/getLoginInfo.html
INFO: [ app_init ] --START--
INFO: Run Behavior\BuildLiteBehavior [ RunTime:0.000000s ]
INFO: [ app_init ] --END-- [ RunTime:0.001000s ]
INFO: [ app_begin ] --START--
INFO: Run Behavior\ReadHtmlCacheBehavior [ RunTime:0.001000s ]
INFO: [ app_begin ] --END-- [ RunTime:0.001000s ]
NOTIC: [2] Missing argument 1 for Library\TencentIMSdk\IMSdk::createAndInitRestAPI(), called in E:\myphp\fkx\Application\Home\Controller\ImController.class.php on line 200 and defined E:\myphp\fkx\Library\TencentIMSdk\IMSdk.class.php 第 32 行.
NOTIC: [8] Undefined variable: identifier E:\myphp\fkx\Library\TencentIMSdk\IMSdk.class.php 第 35 行.

[ 2018-08-07T17:16:44+08:00 ] 127.0.0.1 /index.php/Service/load_tongchou.html
INFO: [ app_init ] --START--
INFO: Run Behavior\BuildLiteBehavior [ RunTime:0.000000s ]
INFO: [ app_init ] --END-- [ RunTime:0.001000s ]
INFO: [ app_begin ] --START--
INFO: Run Behavior\ReadHtmlCacheBehavior [ RunTime:0.001000s ]
INFO: [ app_begin ] --END-- [ RunTime:0.001000s ]
SQL: SHOW COLUMNS FROM `Shops` [ RunTime:0.0200s ]
SQL: SELECT * FROM `Shops` WHERE `user_id` = 100022 LIMIT 1   [ RunTime:0.0200s ]
SQL: SHOW COLUMNS FROM `bills` [ RunTime:0.0200s ]
SQL: SELECT SUM(total_price) AS tp_sum FROM `bills` WHERE `sell_user_id` = 100022 AND `pay_date` BETWEEN '2018-08-01' AND '2018-08-31' AND (  (is_pay = 1)  OR ( pay_state = 1)  ) LIMIT 1   [ RunTime:0.0190s ]
SQL: SELECT SUM(total_price) AS tp_sum FROM `bills` WHERE `sell_user_id` = 100022 AND `is_msg` = 1 AND `is_pay` = 0 AND `pay_state` = 0 LIMIT 1   [ RunTime:0.0180s ]
SQL: SELECT SUM(total_price) AS tp_sum FROM `bills` WHERE `sell_user_id` = 100022 AND `pay_date` BETWEEN '2018-07-01' AND '2018-07-31' AND (  (is_pay = 1)  OR ( pay_state = 1)  ) LIMIT 1   [ RunTime:0.0190s ]
SQL: SHOW COLUMNS FROM `agreement` [ RunTime:0.0200s ]
SQL: SELECT COUNT(*) AS tp_count FROM `agreement` WHERE `sell_user_id` = 100022 AND `end_date` BETWEEN '2018-08-07' AND '2018-09-06' LIMIT 1   [ RunTime:0.0190s ]
SQL: SHOW COLUMNS FROM `RentalHouses` [ RunTime:0.0200s ]
SQL: SELECT * FROM `RentalHouses` WHERE `source` = 9 AND `userId` = 100022  [ RunTime:0.0210s ]
SQL: SHOW COLUMNS FROM `apartment_rooms` [ RunTime:0.0200s ]
SQL: SELECT COUNT(*) AS tp_count FROM `apartment_rooms` WHERE `house_id` IN ('1000000066') LIMIT 1   [ RunTime:0.0190s ]
SQL: SELECT COUNT(*) AS tp_count FROM `apartment_rooms` WHERE `house_id` IN ('1000000066') AND `is_tenant` = 0 LIMIT 1   [ RunTime:0.0190s ]
INFO: [ app_end ] --START--
INFO: Run Behavior\ShowPageTraceBehavior [ RunTime:0.001000s ]
INFO: [ app_end ] --END-- [ RunTime:0.001000s ]

[ 2018-08-07T17:16:49+08:00 ] 127.0.0.1 /index.php/Service/total_detail.html
INFO: [ app_init ] --START--
INFO: Run Behavior\BuildLiteBehavior [ RunTime:0.000000s ]
INFO: [ app_init ] --END-- [ RunTime:0.001000s ]
INFO: [ app_begin ] --START--
INFO: Run Behavior\ReadHtmlCacheBehavior [ RunTime:0.001000s ]
INFO: [ app_begin ] --END-- [ RunTime:0.001000s ]
SQL: SHOW COLUMNS FROM `Shops` [ RunTime:0.0200s ]
SQL: SELECT * FROM `Shops` WHERE `user_id` = 100022 LIMIT 1   [ RunTime:0.0200s ]
INFO: [ view_parse ] --START--
INFO: [ template_filter ] --START--
INFO: Run Behavior\ContentReplaceBehavior [ RunTime:0.001000s ]
INFO: [ template_filter ] --END-- [ RunTime:0.001000s ]
INFO: Run Behavior\ParseTemplateBehavior [ RunTime:0.012000s ]
INFO: [ view_parse ] --END-- [ RunTime:0.012000s ]
INFO: [ view_filter ] --START--
INFO: Run Behavior\WriteHtmlCacheBehavior [ RunTime:0.001000s ]
INFO: [ view_filter ] --END-- [ RunTime:0.001000s ]
INFO: [ app_end ] --START--
INFO: Run Behavior\ShowPageTraceBehavior [ RunTime:0.001000s ]
INFO: [ app_end ] --END-- [ RunTime:0.001000s ]

[ 2018-08-07T17:16:52+08:00 ] 127.0.0.1 /index.php/Service/load_house_tongchou.html
INFO: [ app_init ] --START--
INFO: Run Behavior\BuildLiteBehavior [ RunTime:0.000000s ]
INFO: [ app_init ] --END-- [ RunTime:0.010000s ]
INFO: [ app_begin ] --START--
INFO: Run Behavior\ReadHtmlCacheBehavior [ RunTime:0.001000s ]
INFO: [ app_begin ] --END-- [ RunTime:0.001000s ]
SQL: SHOW COLUMNS FROM `Shops` [ RunTime:0.0180s ]
SQL: SELECT * FROM `Shops` WHERE `user_id` = 100022 LIMIT 1   [ RunTime:0.0180s ]
SQL: SHOW COLUMNS FROM `RentalHouses` [ RunTime:0.0190s ]
SQL: SELECT * FROM `RentalHouses` WHERE `source` = 9 AND `userId` = 100022 AND `shop_id` = 1 LIMIT 0,20   [ RunTime:0.0180s ]
SQL: SELECT COUNT(*) AS tp_count FROM `RentalHouses` WHERE `source` = 9 AND `userId` = 100022 AND `shop_id` = 1 LIMIT 1   [ RunTime:0.0210s ]
SQL: SHOW COLUMNS FROM `bills` [ RunTime:0.0180s ]
SQL: SELECT SUM(total_price) AS tp_sum FROM `bills` WHERE `sell_user_id` = 100022 AND `house_id` = 1000000066 AND `pay_date` BETWEEN '2018-08-01' AND '2018-08-31' AND (  (is_pay = 1)  OR ( pay_state = 1)  ) LIMIT 1   [ RunTime:0.0170s ]
SQL: SELECT SUM(total_price) AS tp_sum FROM `bills` WHERE `sell_user_id` = 100022 AND `house_id` = 1000000066 AND `is_msg` = 1 AND `is_pay` = 0 AND `pay_state` = 0 LIMIT 1   [ RunTime:0.0180s ]
SQL: SELECT SUM(total_price) AS tp_sum FROM `bills` WHERE `sell_user_id` = 100022 AND `house_id` = 1000000066 AND `pay_date` BETWEEN '2018-07-01' AND '2018-07-31' AND (  (is_pay = 1)  OR ( pay_state = 1)  ) LIMIT 1   [ RunTime:0.0190s ]
SQL: SHOW COLUMNS FROM `agreement` [ RunTime:0.0180s ]
SQL: SELECT COUNT(*) AS tp_count FROM `agreement` WHERE `sell_user_id` = 100022 AND `house_id` = 1000000066 AND `end_date` BETWEEN '2018-08-07' AND '2018-09-06' LIMIT 1   [ RunTime:0.0240s ]
SQL: SHOW COLUMNS FROM `apartment_rooms` [ RunTime:0.0190s ]
SQL: SELECT COUNT(*) AS tp_count FROM `apartment_rooms` WHERE `house_id` = 1000000066 LIMIT 1   [ RunTime:0.0180s ]
SQL: SELECT COUNT(*) AS tp_count FROM `apartment_rooms` WHERE `house_id` = 1000000066 AND `is_tenant` = 0 LIMIT 1   [ RunTime:0.0170s ]
INFO: [ app_end ] --START--
INFO: Run Behavior\ShowPageTraceBehavior [ RunTime:0.002000s ]
INFO: [ app_end ] --END-- [ RunTime:0.002000s ]

[ 2018-08-07T17:16:53+08:00 ] 127.0.0.1 /index.php/Service/load_tongchou.html
INFO: [ app_init ] --START--
INFO: Run Behavior\BuildLiteBehavior [ RunTime:0.000000s ]
INFO: [ app_init ] --END-- [ RunTime:0.001000s ]
INFO: [ app_begin ] --START--
INFO: Run Behavior\ReadHtmlCacheBehavior [ RunTime:0.001000s ]
INFO: [ app_begin ] --END-- [ RunTime:0.001000s ]
SQL: SHOW COLUMNS FROM `Shops` [ RunTime:0.0200s ]
SQL: SELECT * FROM `Shops` WHERE `user_id` = 100022 LIMIT 1   [ RunTime:0.0190s ]
SQL: SHOW COLUMNS FROM `bills` [ RunTime:0.0190s ]
SQL: SELECT SUM(total_price) AS tp_sum FROM `bills` WHERE `sell_user_id` = 100022 AND `pay_date` BETWEEN '2018-08-01' AND '2018-08-31' AND (  (is_pay = 1)  OR ( pay_state = 1)  ) LIMIT 1   [ RunTime:0.0190s ]
SQL: SELECT SUM(total_price) AS tp_sum FROM `bills` WHERE `sell_user_id` = 100022 AND `is_msg` = 1 AND `is_pay` = 0 AND `pay_state` = 0 LIMIT 1   [ RunTime:0.0190s ]
SQL: SELECT SUM(total_price) AS tp_sum FROM `bills` WHERE `sell_user_id` = 100022 AND `pay_date` BETWEEN '2018-07-01' AND '2018-07-31' AND (  (is_pay = 1)  OR ( pay_state = 1)  ) LIMIT 1   [ RunTime:0.0190s ]
SQL: SHOW COLUMNS FROM `agreement` [ RunTime:0.0200s ]
SQL: SELECT COUNT(*) AS tp_count FROM `agreement` WHERE `sell_user_id` = 100022 AND `end_date` BETWEEN '2018-08-07' AND '2018-09-06' LIMIT 1   [ RunTime:0.0190s ]
SQL: SHOW COLUMNS FROM `RentalHouses` [ RunTime:0.0200s ]
SQL: SELECT * FROM `RentalHouses` WHERE `source` = 9 AND `userId` = 100022  [ RunTime:0.0200s ]
SQL: SHOW COLUMNS FROM `apartment_rooms` [ RunTime:0.0190s ]
SQL: SELECT COUNT(*) AS tp_count FROM `apartment_rooms` WHERE `house_id` IN ('1000000066') LIMIT 1   [ RunTime:0.0190s ]
SQL: SELECT COUNT(*) AS tp_count FROM `apartment_rooms` WHERE `house_id` IN ('1000000066') AND `is_tenant` = 0 LIMIT 1   [ RunTime:0.0200s ]
INFO: [ app_end ] --START--
INFO: Run Behavior\ShowPageTraceBehavior [ RunTime:0.003000s ]
INFO: [ app_end ] --END-- [ RunTime:0.003000s ]

[ 2018-08-07T17:16:58+08:00 ] 127.0.0.1 /index.php/Service/total_item4house_detail/type/1/house_id/1000000066.html
INFO: [ app_init ] --START--
INFO: Run Behavior\BuildLiteBehavior [ RunTime:0.000000s ]
INFO: [ app_init ] --END-- [ RunTime:0.001000s ]
INFO: [ app_begin ] --START--
INFO: Run Behavior\ReadHtmlCacheBehavior [ RunTime:0.001000s ]
INFO: [ app_begin ] --END-- [ RunTime:0.001000s ]
SQL: SHOW COLUMNS FROM `Shops` [ RunTime:0.0170s ]
SQL: SELECT * FROM `Shops` WHERE `user_id` = 100022 LIMIT 1   [ RunTime:0.0180s ]
SQL: SHOW COLUMNS FROM `RentalHouses` [ RunTime:0.0170s ]
SQL: SELECT * FROM `RentalHouses` WHERE `id` = 1000000066 LIMIT 1   [ RunTime:0.0170s ]
INFO: [ view_parse ] --START--
INFO: [ template_filter ] --START--
INFO: Run Behavior\ContentReplaceBehavior [ RunTime:0.000000s ]
INFO: [ template_filter ] --END-- [ RunTime:0.000000s ]
INFO: Run Behavior\ParseTemplateBehavior [ RunTime:0.014000s ]
INFO: [ view_parse ] --END-- [ RunTime:0.014000s ]
INFO: [ view_filter ] --START--
INFO: Run Behavior\WriteHtmlCacheBehavior [ RunTime:0.001000s ]
INFO: [ view_filter ] --END-- [ RunTime:0.001000s ]
INFO: [ app_end ] --START--
INFO: Run Behavior\ShowPageTraceBehavior [ RunTime:0.002000s ]
INFO: [ app_end ] --END-- [ RunTime:0.002000s ]

[ 2018-08-07T17:16:59+08:00 ] 127.0.0.1 /index.php/Service/load_month_in_detail.html
INFO: [ app_init ] --START--
INFO: Run Behavior\BuildLiteBehavior [ RunTime:0.000000s ]
INFO: [ app_init ] --END-- [ RunTime:0.001000s ]
INFO: [ app_begin ] --START--
INFO: Run Behavior\ReadHtmlCacheBehavior [ RunTime:0.001000s ]
INFO: [ app_begin ] --END-- [ RunTime:0.001000s ]
SQL: SHOW COLUMNS FROM `Shops` [ RunTime:0.0210s ]
SQL: SELECT * FROM `Shops` WHERE `user_id` = 100022 LIMIT 1   [ RunTime:0.0200s ]
SQL: SHOW COLUMNS FROM `bills` [ RunTime:0.0210s ]
SQL: SELECT SUM(total_price) AS tp_sum FROM `bills` WHERE `sell_user_id` = 100022 AND `house_id` = 1000000066 AND `pay_date` BETWEEN '2018-08-01' AND '2018-08-31' AND (  (is_pay = 1)  OR ( pay_state = 1)  ) LIMIT 1   [ RunTime:0.0210s ]
SQL: SELECT * FROM `bills` WHERE `sell_user_id` = 100022 AND `house_id` = 1000000066 AND `pay_date` BETWEEN '2018-08-01' AND '2018-08-31' AND (  (is_pay = 1)  OR ( pay_state = 1)  ) LIMIT 0,20   [ RunTime:0.0200s ]
SQL: SELECT COUNT(*) AS tp_count FROM `bills` WHERE `sell_user_id` = 100022 AND `house_id` = 1000000066 AND `pay_date` BETWEEN '2018-08-01' AND '2018-08-31' AND (  (is_pay = 1)  OR ( pay_state = 1)  ) LIMIT 1   [ RunTime:0.0200s ]
SQL: SHOW COLUMNS FROM `apartment_rooms` [ RunTime:0.0210s ]
SQL: SELECT `id`,`room_name` FROM `apartment_rooms` WHERE `id` IN (0,'109','107')  [ RunTime:0.0200s ]
INFO: [ app_end ] --START--
INFO: Run Behavior\ShowPageTraceBehavior [ RunTime:0.001000s ]
INFO: [ app_end ] --END-- [ RunTime:0.002000s ]

[ 2018-08-07T17:17:10+08:00 ] 127.0.0.1 /index.php/Service/bills_info/room_id/109.html
INFO: [ app_init ] --START--
INFO: Run Behavior\BuildLiteBehavior [ RunTime:0.000000s ]
INFO: [ app_init ] --END-- [ RunTime:0.001000s ]
INFO: [ app_begin ] --START--
INFO: Run Behavior\ReadHtmlCacheBehavior [ RunTime:0.001000s ]
INFO: [ app_begin ] --END-- [ RunTime:0.001000s ]
SQL: SHOW COLUMNS FROM `Shops` [ RunTime:0.0180s ]
SQL: SELECT * FROM `Shops` WHERE `user_id` = 100022 LIMIT 1   [ RunTime:0.0200s ]
SQL: SHOW COLUMNS FROM `apartment_rooms` [ RunTime:0.0190s ]
SQL: SELECT * FROM `apartment_rooms` WHERE `id` = 109 LIMIT 1   [ RunTime:0.0180s ]
SQL: SHOW COLUMNS FROM `RentalHouses` [ RunTime:0.0180s ]
SQL: SELECT * FROM `RentalHouses` WHERE `id` = 1000000066 LIMIT 1   [ RunTime:0.0180s ]
SQL: SHOW COLUMNS FROM `agreement` [ RunTime:0.0180s ]
SQL: SELECT * FROM `agreement` WHERE `sell_user_id` = 100022 AND `room_id` = 109 AND `status` = 1 LIMIT 1   [ RunTime:0.0180s ]
SQL: SHOW COLUMNS FROM `agreement_cost` [ RunTime:0.0220s ]
SQL: SELECT * FROM `agreement_cost` WHERE `a_id` = 30  [ RunTime:0.0180s ]
SQL: SHOW COLUMNS FROM `bills` [ RunTime:0.0180s ]
SQL: SELECT * FROM `bills` WHERE `room_id` = 109 AND `start_date` = '2018-08-04' AND `end_date` = '2018-09-03' LIMIT 1   [ RunTime:0.0180s ]
SQL: SHOW COLUMNS FROM `bills_detail` [ RunTime:0.0180s ]
SQL: SELECT * FROM `bills_detail` WHERE `b_id` = 1  [ RunTime:0.0180s ]
INFO: [ view_parse ] --START--
INFO: [ template_filter ] --START--
INFO: Run Behavior\ContentReplaceBehavior [ RunTime:0.000000s ]
INFO: [ template_filter ] --END-- [ RunTime:0.000000s ]
NOTIC: [8] Undefined index: pay_status E:\myphp\fkx\Runtime\Cache\Home\ff8acb40b44465ce158708c04745adbf.php 第 163 行.
INFO: Run Behavior\ParseTemplateBehavior [ RunTime:0.015000s ]
INFO: [ view_parse ] --END-- [ RunTime:0.015000s ]
INFO: [ view_filter ] --START--
INFO: Run Behavior\WriteHtmlCacheBehavior [ RunTime:0.000000s ]
INFO: [ view_filter ] --END-- [ RunTime:0.000000s ]
INFO: [ app_end ] --START--
INFO: Run Behavior\ShowPageTraceBehavior [ RunTime:0.001000s ]
INFO: [ app_end ] --END-- [ RunTime:0.001000s ]

[ 2018-08-07T17:17:22+08:00 ] 127.0.0.1 /index.php/Service/load_month_in_detail.html
INFO: [ app_init ] --START--
INFO: Run Behavior\BuildLiteBehavior [ RunTime:0.000000s ]
INFO: [ app_init ] --END-- [ RunTime:0.001000s ]
INFO: [ app_begin ] --START--
INFO: Run Behavior\ReadHtmlCacheBehavior [ RunTime:0.002000s ]
INFO: [ app_begin ] --END-- [ RunTime:0.002000s ]
SQL: SHOW COLUMNS FROM `Shops` [ RunTime:0.0210s ]
SQL: SELECT * FROM `Shops` WHERE `user_id` = 100022 LIMIT 1   [ RunTime:0.0200s ]
SQL: SHOW COLUMNS FROM `bills` [ RunTime:0.0200s ]
SQL: SELECT SUM(total_price) AS tp_sum FROM `bills` WHERE `sell_user_id` = 100022 AND `house_id` = 1000000066 AND `pay_date` BETWEEN '2018-08-01' AND '2018-08-31' AND (  (is_pay = 1)  OR ( pay_state = 1)  ) LIMIT 1   [ RunTime:0.0200s ]
SQL: SELECT * FROM `bills` WHERE `sell_user_id` = 100022 AND `house_id` = 1000000066 AND `pay_date` BETWEEN '2018-08-01' AND '2018-08-31' AND (  (is_pay = 1)  OR ( pay_state = 1)  ) LIMIT 0,20   [ RunTime:0.0210s ]
SQL: SELECT COUNT(*) AS tp_count FROM `bills` WHERE `sell_user_id` = 100022 AND `house_id` = 1000000066 AND `pay_date` BETWEEN '2018-08-01' AND '2018-08-31' AND (  (is_pay = 1)  OR ( pay_state = 1)  ) LIMIT 1   [ RunTime:0.0200s ]
SQL: SHOW COLUMNS FROM `apartment_rooms` [ RunTime:0.0210s ]
SQL: SELECT `id`,`room_name` FROM `apartment_rooms` WHERE `id` IN (0,'109','107')  [ RunTime:0.0200s ]
INFO: [ app_end ] --START--
INFO: Run Behavior\ShowPageTraceBehavior [ RunTime:0.002000s ]
INFO: [ app_end ] --END-- [ RunTime:0.002000s ]

[ 2018-08-07T17:19:09+08:00 ] 127.0.0.1 /index.php/Service/load_month_in_detail.html
INFO: [ app_init ] --START--
INFO: Run Behavior\BuildLiteBehavior [ RunTime:0.000000s ]
INFO: [ app_init ] --END-- [ RunTime:0.001000s ]
INFO: [ app_begin ] --START--
INFO: Run Behavior\ReadHtmlCacheBehavior [ RunTime:0.001000s ]
INFO: [ app_begin ] --END-- [ RunTime:0.001000s ]
SQL: SHOW COLUMNS FROM `Shops` [ RunTime:0.0210s ]
SQL: SELECT * FROM `Shops` WHERE `user_id` = 100022 LIMIT 1   [ RunTime:0.0200s ]
SQL: SHOW COLUMNS FROM `bills` [ RunTime:0.0200s ]
SQL: SELECT SUM(total_price) AS tp_sum FROM `bills` WHERE `sell_user_id` = 100022 AND `house_id` = 1000000066 AND `pay_date` BETWEEN '2018-08-01' AND '2018-08-31' AND (  (is_pay = 1)  OR ( pay_state = 1)  ) LIMIT 1   [ RunTime:0.0190s ]
SQL: SELECT * FROM `bills` WHERE `sell_user_id` = 100022 AND `house_id` = 1000000066 AND `pay_date` BETWEEN '2018-08-01' AND '2018-08-31' AND (  (is_pay = 1)  OR ( pay_state = 1)  ) LIMIT 0,20   [ RunTime:0.0200s ]
SQL: SELECT COUNT(*) AS tp_count FROM `bills` WHERE `sell_user_id` = 100022 AND `house_id` = 1000000066 AND `pay_date` BETWEEN '2018-08-01' AND '2018-08-31' AND (  (is_pay = 1)  OR ( pay_state = 1)  ) LIMIT 1   [ RunTime:0.0200s ]
SQL: SHOW COLUMNS FROM `apartment_rooms` [ RunTime:0.0210s ]
SQL: SELECT `id`,`room_name` FROM `apartment_rooms` WHERE `id` IN (0,'109','107')  [ RunTime:0.0200s ]

[ 2018-08-07T17:19:58+08:00 ] 127.0.0.1 /index.php/Service/load_tongchou.html
INFO: [ app_init ] --START--
INFO: Run Behavior\BuildLiteBehavior [ RunTime:0.000000s ]
INFO: [ app_init ] --END-- [ RunTime:0.000000s ]
INFO: [ app_begin ] --START--
INFO: Run Behavior\ReadHtmlCacheBehavior [ RunTime:0.001000s ]
INFO: [ app_begin ] --END-- [ RunTime:0.001000s ]
SQL: SHOW COLUMNS FROM `Shops` [ RunTime:0.0180s ]
SQL: SELECT * FROM `Shops` WHERE `user_id` = 100022 LIMIT 1   [ RunTime:0.0160s ]
SQL: SHOW COLUMNS FROM `bills` [ RunTime:0.0170s ]
SQL: SELECT SUM(total_price) AS tp_sum FROM `bills` WHERE `sell_user_id` = 100022 AND `pay_date` BETWEEN '2018-08-01' AND '2018-08-31' AND (  (is_pay = 1)  OR ( pay_state = 1)  ) LIMIT 1   [ RunTime:0.0170s ]
SQL: SELECT SUM(total_price) AS tp_sum FROM `bills` WHERE `sell_user_id` = 100022 AND `is_msg` = 1 AND `is_pay` = 0 AND `pay_state` = 0 LIMIT 1   [ RunTime:0.0160s ]
SQL: SELECT SUM(total_price) AS tp_sum FROM `bills` WHERE `sell_user_id` = 100022 AND `pay_date` BETWEEN '2018-07-01' AND '2018-07-31' AND (  (is_pay = 1)  OR ( pay_state = 1)  ) LIMIT 1   [ RunTime:0.0220s ]
SQL: SHOW COLUMNS FROM `agreement` [ RunTime:0.0170s ]
SQL: SELECT COUNT(*) AS tp_count FROM `agreement` WHERE `sell_user_id` = 100022 AND `end_date` BETWEEN '2018-08-07' AND '2018-09-06' LIMIT 1   [ RunTime:0.0160s ]
SQL: SHOW COLUMNS FROM `RentalHouses` [ RunTime:0.0210s ]
SQL: SELECT * FROM `RentalHouses` WHERE `source` = 9 AND `userId` = 100022  [ RunTime:0.0170s ]
SQL: SHOW COLUMNS FROM `apartment_rooms` [ RunTime:0.0180s ]
SQL: SELECT COUNT(*) AS tp_count FROM `apartment_rooms` WHERE `house_id` IN ('1000000066') LIMIT 1   [ RunTime:0.0170s ]
SQL: SELECT COUNT(*) AS tp_count FROM `apartment_rooms` WHERE `house_id` IN ('1000000066') AND `is_tenant` = 0 LIMIT 1   [ RunTime:0.0170s ]
INFO: [ app_end ] --START--
INFO: Run Behavior\ShowPageTraceBehavior [ RunTime:0.001000s ]
INFO: [ app_end ] --END-- [ RunTime:0.002000s ]

[ 2018-08-07T17:20:01+08:00 ] 127.0.0.1 /index.php/Service/load_house_tongchou.html
INFO: [ app_init ] --START--
INFO: Run Behavior\BuildLiteBehavior [ RunTime:0.000000s ]
INFO: [ app_init ] --END-- [ RunTime:0.001000s ]
INFO: [ app_begin ] --START--
INFO: Run Behavior\ReadHtmlCacheBehavior [ RunTime:0.001000s ]
INFO: [ app_begin ] --END-- [ RunTime:0.001000s ]
SQL: SHOW COLUMNS FROM `Shops` [ RunTime:0.0190s ]
SQL: SELECT * FROM `Shops` WHERE `user_id` = 100022 LIMIT 1   [ RunTime:0.0200s ]
SQL: SHOW COLUMNS FROM `RentalHouses` [ RunTime:0.0200s ]
SQL: SELECT * FROM `RentalHouses` WHERE `source` = 9 AND `userId` = 100022 AND `shop_id` = 1 LIMIT 0,20   [ RunTime:0.0190s ]
SQL: SELECT COUNT(*) AS tp_count FROM `RentalHouses` WHERE `source` = 9 AND `userId` = 100022 AND `shop_id` = 1 LIMIT 1   [ RunTime:0.0190s ]
SQL: SHOW COLUMNS FROM `bills` [ RunTime:0.0190s ]
SQL: SELECT SUM(total_price) AS tp_sum FROM `bills` WHERE `sell_user_id` = 100022 AND `house_id` = 1000000066 AND `pay_date` BETWEEN '2018-08-01' AND '2018-08-31' AND (  (is_pay = 1)  OR ( pay_state = 1)  ) LIMIT 1   [ RunTime:0.0190s ]
SQL: SELECT SUM(total_price) AS tp_sum FROM `bills` WHERE `sell_user_id` = 100022 AND `house_id` = 1000000066 AND `is_msg` = 1 AND `is_pay` = 0 AND `pay_state` = 0 LIMIT 1   [ RunTime:0.0200s ]
SQL: SELECT SUM(total_price) AS tp_sum FROM `bills` WHERE `sell_user_id` = 100022 AND `house_id` = 1000000066 AND `pay_date` BETWEEN '2018-07-01' AND '2018-07-31' AND (  (is_pay = 1)  OR ( pay_state = 1)  ) LIMIT 1   [ RunTime:0.0190s ]
SQL: SHOW COLUMNS FROM `agreement` [ RunTime:0.0200s ]
SQL: SELECT COUNT(*) AS tp_count FROM `agreement` WHERE `sell_user_id` = 100022 AND `house_id` = 1000000066 AND `end_date` BETWEEN '2018-08-07' AND '2018-09-06' LIMIT 1   [ RunTime:0.0200s ]
SQL: SHOW COLUMNS FROM `apartment_rooms` [ RunTime:0.0200s ]
SQL: SELECT COUNT(*) AS tp_count FROM `apartment_rooms` WHERE `house_id` = 1000000066 LIMIT 1   [ RunTime:0.0190s ]
SQL: SELECT COUNT(*) AS tp_count FROM `apartment_rooms` WHERE `house_id` = 1000000066 AND `is_tenant` = 0 LIMIT 1   [ RunTime:0.0190s ]
INFO: [ app_end ] --START--
INFO: Run Behavior\ShowPageTraceBehavior [ RunTime:0.001000s ]
INFO: [ app_end ] --END-- [ RunTime:0.001000s ]

[ 2018-08-07T17:21:54+08:00 ] 127.0.0.1 /index.php/Service/total_detail.html
INFO: [ app_init ] --START--
INFO: Run Behavior\BuildLiteBehavior [ RunTime:0.000000s ]
INFO: [ app_init ] --END-- [ RunTime:0.001000s ]
INFO: [ app_begin ] --START--
INFO: Run Behavior\ReadHtmlCacheBehavior [ RunTime:0.001000s ]
INFO: [ app_begin ] --END-- [ RunTime:0.001000s ]
SQL: SHOW COLUMNS FROM `Shops` [ RunTime:0.0180s ]
SQL: SELECT * FROM `Shops` WHERE `user_id` = 100022 LIMIT 1   [ RunTime:0.0180s ]
INFO: [ view_parse ] --START--
INFO: [ template_filter ] --START--
INFO: Run Behavior\ContentReplaceBehavior [ RunTime:0.000000s ]
INFO: [ template_filter ] --END-- [ RunTime:0.000000s ]
INFO: Run Behavior\ParseTemplateBehavior [ RunTime:0.013000s ]
INFO: [ view_parse ] --END-- [ RunTime:0.013000s ]
INFO: [ view_filter ] --START--
INFO: Run Behavior\WriteHtmlCacheBehavior [ RunTime:0.001000s ]
INFO: [ view_filter ] --END-- [ RunTime:0.001000s ]
INFO: [ app_end ] --START--
INFO: Run Behavior\ShowPageTraceBehavior [ RunTime:0.001000s ]
INFO: [ app_end ] --END-- [ RunTime:0.001000s ]

[ 2018-08-07T17:21:57+08:00 ] 127.0.0.1 /index.php/Service/load_tongchou.html
INFO: [ app_init ] --START--
INFO: Run Behavior\BuildLiteBehavior [ RunTime:0.000000s ]
INFO: [ app_init ] --END-- [ RunTime:0.001000s ]
INFO: [ app_begin ] --START--
INFO: Run Behavior\ReadHtmlCacheBehavior [ RunTime:0.001000s ]
INFO: [ app_begin ] --END-- [ RunTime:0.001000s ]
SQL: SHOW COLUMNS FROM `Shops` [ RunTime:0.0170s ]
SQL: SELECT * FROM `Shops` WHERE `user_id` = 100022 LIMIT 1   [ RunTime:0.0170s ]
SQL: SHOW COLUMNS FROM `bills` [ RunTime:0.0170s ]
SQL: SELECT SUM(total_price) AS tp_sum FROM `bills` WHERE `sell_user_id` = 100022 AND `pay_date` BETWEEN '2018-08-01' AND '2018-08-31' AND (  (is_pay = 1)  OR ( pay_state = 1)  ) LIMIT 1   [ RunTime:0.0160s ]
SQL: SELECT SUM(total_price) AS tp_sum FROM `bills` WHERE `sell_user_id` = 100022 AND `is_msg` = 1 AND `is_pay` = 0 AND `pay_state` = 0 LIMIT 1   [ RunTime:0.0170s ]
SQL: SELECT SUM(total_price) AS tp_sum FROM `bills` WHERE `sell_user_id` = 100022 AND `pay_date` BETWEEN '2018-07-01' AND '2018-07-31' AND (  (is_pay = 1)  OR ( pay_state = 1)  ) LIMIT 1   [ RunTime:0.0170s ]
SQL: SHOW COLUMNS FROM `agreement` [ RunTime:0.0170s ]
SQL: SELECT COUNT(*) AS tp_count FROM `agreement` WHERE `sell_user_id` = 100022 AND `end_date` BETWEEN '2018-08-07' AND '2018-09-06' LIMIT 1   [ RunTime:0.0160s ]
SQL: SHOW COLUMNS FROM `RentalHouses` [ RunTime:0.0170s ]
SQL: SELECT * FROM `RentalHouses` WHERE `source` = 9 AND `userId` = 100022  [ RunTime:0.0170s ]
SQL: SHOW COLUMNS FROM `apartment_rooms` [ RunTime:0.0170s ]
SQL: SELECT COUNT(*) AS tp_count FROM `apartment_rooms` WHERE `house_id` IN ('1000000066') LIMIT 1   [ RunTime:0.0170s ]
SQL: SELECT COUNT(*) AS tp_count FROM `apartment_rooms` WHERE `house_id` IN ('1000000066') AND `is_tenant` = 0 LIMIT 1   [ RunTime:0.0170s ]
INFO: [ app_end ] --START--
INFO: Run Behavior\ShowPageTraceBehavior [ RunTime:0.001000s ]
INFO: [ app_end ] --END-- [ RunTime:0.001000s ]

[ 2018-08-07T17:21:59+08:00 ] 127.0.0.1 /index.php/Service/load_house_tongchou.html
INFO: [ app_init ] --START--
INFO: Run Behavior\BuildLiteBehavior [ RunTime:0.000000s ]
INFO: [ app_init ] --END-- [ RunTime:0.001000s ]
INFO: [ app_begin ] --START--
INFO: Run Behavior\ReadHtmlCacheBehavior [ RunTime:0.001000s ]
INFO: [ app_begin ] --END-- [ RunTime:0.001000s ]
SQL: SHOW COLUMNS FROM `Shops` [ RunTime:0.0200s ]
SQL: SELECT * FROM `Shops` WHERE `user_id` = 100022 LIMIT 1   [ RunTime:0.0220s ]
SQL: SHOW COLUMNS FROM `RentalHouses` [ RunTime:0.0200s ]
SQL: SELECT * FROM `RentalHouses` WHERE `source` = 9 AND `userId` = 100022 AND `shop_id` = 1 LIMIT 0,20   [ RunTime:0.0210s ]
SQL: SELECT COUNT(*) AS tp_count FROM `RentalHouses` WHERE `source` = 9 AND `userId` = 100022 AND `shop_id` = 1 LIMIT 1   [ RunTime:0.0190s ]
SQL: SHOW COLUMNS FROM `bills` [ RunTime:0.0220s ]
SQL: SELECT SUM(total_price) AS tp_sum FROM `bills` WHERE `sell_user_id` = 100022 AND `house_id` = 1000000066 AND `pay_date` BETWEEN '2018-08-01' AND '2018-08-31' AND (  (is_pay = 1)  OR ( pay_state = 1)  ) LIMIT 1   [ RunTime:0.0190s ]
SQL: SELECT SUM(total_price) AS tp_sum FROM `bills` WHERE `sell_user_id` = 100022 AND `house_id` = 1000000066 AND `is_msg` = 1 AND `is_pay` = 0 AND `pay_state` = 0 LIMIT 1   [ RunTime:0.0190s ]
SQL: SELECT SUM(total_price) AS tp_sum FROM `bills` WHERE `sell_user_id` = 100022 AND `house_id` = 1000000066 AND `pay_date` BETWEEN '2018-07-01' AND '2018-07-31' AND (  (is_pay = 1)  OR ( pay_state = 1)  ) LIMIT 1   [ RunTime:0.0200s ]
SQL: SHOW COLUMNS FROM `agreement` [ RunTime:0.0200s ]
SQL: SELECT COUNT(*) AS tp_count FROM `agreement` WHERE `sell_user_id` = 100022 AND `house_id` = 1000000066 AND `end_date` BETWEEN '2018-08-07' AND '2018-09-06' LIMIT 1   [ RunTime:0.0190s ]
SQL: SHOW COLUMNS FROM `apartment_rooms` [ RunTime:0.0200s ]
SQL: SELECT COUNT(*) AS tp_count FROM `apartment_rooms` WHERE `house_id` = 1000000066 LIMIT 1   [ RunTime:0.0190s ]
SQL: SELECT COUNT(*) AS tp_count FROM `apartment_rooms` WHERE `house_id` = 1000000066 AND `is_tenant` = 0 LIMIT 1   [ RunTime:0.0190s ]
INFO: [ app_end ] --START--
INFO: Run Behavior\ShowPageTraceBehavior [ RunTime:0.002000s ]
INFO: [ app_end ] --END-- [ RunTime:0.002000s ]

[ 2018-08-07T17:22:12+08:00 ] 127.0.0.1 /index.php/Service/total_item4house_detail/type/2/house_id/1000000066.html
INFO: [ app_init ] --START--
INFO: Run Behavior\BuildLiteBehavior [ RunTime:0.000000s ]
INFO: [ app_init ] --END-- [ RunTime:0.000000s ]
INFO: [ app_begin ] --START--
INFO: Run Behavior\ReadHtmlCacheBehavior [ RunTime:0.001000s ]
INFO: [ app_begin ] --END-- [ RunTime:0.001000s ]
SQL: SHOW COLUMNS FROM `Shops` [ RunTime:0.0200s ]
SQL: SELECT * FROM `Shops` WHERE `user_id` = 100022 LIMIT 1   [ RunTime:0.0200s ]
SQL: SHOW COLUMNS FROM `RentalHouses` [ RunTime:0.0200s ]
SQL: SELECT * FROM `RentalHouses` WHERE `id` = 1000000066 LIMIT 1   [ RunTime:0.0200s ]
INFO: [ view_parse ] --START--
INFO: [ template_filter ] --START--
INFO: Run Behavior\ContentReplaceBehavior [ RunTime:0.000000s ]
INFO: [ template_filter ] --END-- [ RunTime:0.001000s ]
INFO: Run Behavior\ParseTemplateBehavior [ RunTime:0.010000s ]
INFO: [ view_parse ] --END-- [ RunTime:0.010000s ]
INFO: [ view_filter ] --START--
INFO: Run Behavior\WriteHtmlCacheBehavior [ RunTime:0.001000s ]
INFO: [ view_filter ] --END-- [ RunTime:0.001000s ]
INFO: [ app_end ] --START--
INFO: Run Behavior\ShowPageTraceBehavior [ RunTime:0.001000s ]
INFO: [ app_end ] --END-- [ RunTime:0.001000s ]

[ 2018-08-07T17:22:14+08:00 ] 127.0.0.1 /index.php/Service/load_not_pay_detail.html
INFO: [ app_init ] --START--
INFO: Run Behavior\BuildLiteBehavior [ RunTime:0.000000s ]
INFO: [ app_init ] --END-- [ RunTime:0.004000s ]
INFO: [ app_begin ] --START--
INFO: Run Behavior\ReadHtmlCacheBehavior [ RunTime:0.001000s ]
INFO: [ app_begin ] --END-- [ RunTime:0.001000s ]
SQL: SHOW COLUMNS FROM `Shops` [ RunTime:0.0200s ]
SQL: SELECT * FROM `Shops` WHERE `user_id` = 100022 LIMIT 1   [ RunTime:0.0200s ]
SQL: SHOW COLUMNS FROM `bills` [ RunTime:0.0200s ]
SQL: SELECT SUM(total_price) AS tp_sum FROM `bills` WHERE `sell_user_id` = 100022 AND `house_id` = 1000000066 AND `is_msg` = 1 AND `is_pay` = 0 AND `pay_state` = 0 LIMIT 1   [ RunTime:0.0200s ]
SQL: SELECT * FROM `bills` WHERE `sell_user_id` = 100022 AND `house_id` = 1000000066 AND `is_msg` = 1 AND `is_pay` = 0 AND `pay_state` = 0 LIMIT 0,20   [ RunTime:0.0200s ]
SQL: SELECT COUNT(*) AS tp_count FROM `bills` WHERE `sell_user_id` = 100022 AND `house_id` = 1000000066 AND `is_msg` = 1 AND `is_pay` = 0 AND `pay_state` = 0 LIMIT 1   [ RunTime:0.0200s ]
SQL: SHOW COLUMNS FROM `apartment_rooms` [ RunTime:0.0210s ]
SQL: SELECT `id`,`room_name` FROM `apartment_rooms` WHERE `id` IN (0,'107')  [ RunTime:0.0200s ]
INFO: [ app_end ] --START--
INFO: Run Behavior\ShowPageTraceBehavior [ RunTime:0.002000s ]
INFO: [ app_end ] --END-- [ RunTime:0.002000s ]

[ 2018-08-07T17:22:20+08:00 ] 127.0.0.1 /index.php/Service/load_tongchou.html
INFO: [ app_init ] --START--
INFO: Run Behavior\BuildLiteBehavior [ RunTime:0.000000s ]
INFO: [ app_init ] --END-- [ RunTime:0.002000s ]
INFO: [ app_begin ] --START--
INFO: Run Behavior\ReadHtmlCacheBehavior [ RunTime:0.003000s ]
INFO: [ app_begin ] --END-- [ RunTime:0.003000s ]
SQL: SHOW COLUMNS FROM `Shops` [ RunTime:0.0200s ]
SQL: SELECT * FROM `Shops` WHERE `user_id` = 100022 LIMIT 1   [ RunTime:0.0200s ]
SQL: SHOW COLUMNS FROM `bills` [ RunTime:0.0200s ]
SQL: SELECT SUM(total_price) AS tp_sum FROM `bills` WHERE `sell_user_id` = 100022 AND `pay_date` BETWEEN '2018-08-01' AND '2018-08-31' AND (  (is_pay = 1)  OR ( pay_state = 1)  ) LIMIT 1   [ RunTime:0.0190s ]
SQL: SELECT SUM(total_price) AS tp_sum FROM `bills` WHERE `sell_user_id` = 100022 AND `is_msg` = 1 AND `is_pay` = 0 AND `pay_state` = 0 LIMIT 1   [ RunTime:0.0190s ]
SQL: SELECT SUM(total_price) AS tp_sum FROM `bills` WHERE `sell_user_id` = 100022 AND `pay_date` BETWEEN '2018-07-01' AND '2018-07-31' AND (  (is_pay = 1)  OR ( pay_state = 1)  ) LIMIT 1   [ RunTime:0.0200s ]
SQL: SHOW COLUMNS FROM `agreement` [ RunTime:0.0200s ]
SQL: SELECT COUNT(*) AS tp_count FROM `agreement` WHERE `sell_user_id` = 100022 AND `end_date` BETWEEN '2018-08-07' AND '2018-09-06' LIMIT 1   [ RunTime:0.0190s ]
SQL: SHOW COLUMNS FROM `RentalHouses` [ RunTime:0.0210s ]
SQL: SELECT * FROM `RentalHouses` WHERE `source` = 9 AND `userId` = 100022  [ RunTime:0.0210s ]
SQL: SHOW COLUMNS FROM `apartment_rooms` [ RunTime:0.0200s ]
SQL: SELECT COUNT(*) AS tp_count FROM `apartment_rooms` WHERE `house_id` IN ('1000000066') LIMIT 1   [ RunTime:0.0190s ]
SQL: SELECT COUNT(*) AS tp_count FROM `apartment_rooms` WHERE `house_id` IN ('1000000066') AND `is_tenant` = 0 LIMIT 1   [ RunTime:0.0190s ]
INFO: [ app_end ] --START--
INFO: Run Behavior\ShowPageTraceBehavior [ RunTime:0.001000s ]
INFO: [ app_end ] --END-- [ RunTime:0.001000s ]

[ 2018-08-07T17:22:21+08:00 ] 127.0.0.1 /index.php/Service/load_house_tongchou.html
INFO: [ app_init ] --START--
INFO: Run Behavior\BuildLiteBehavior [ RunTime:0.000000s ]
INFO: [ app_init ] --END-- [ RunTime:0.001000s ]
INFO: [ app_begin ] --START--
INFO: Run Behavior\ReadHtmlCacheBehavior [ RunTime:0.002000s ]
INFO: [ app_begin ] --END-- [ RunTime:0.002000s ]
SQL: SHOW COLUMNS FROM `Shops` [ RunTime:0.0170s ]
SQL: SELECT * FROM `Shops` WHERE `user_id` = 100022 LIMIT 1   [ RunTime:0.0180s ]
SQL: SHOW COLUMNS FROM `RentalHouses` [ RunTime:0.0180s ]
SQL: SELECT * FROM `RentalHouses` WHERE `source` = 9 AND `userId` = 100022 AND `shop_id` = 1 LIMIT 0,20   [ RunTime:0.0170s ]
SQL: SELECT COUNT(*) AS tp_count FROM `RentalHouses` WHERE `source` = 9 AND `userId` = 100022 AND `shop_id` = 1 LIMIT 1   [ RunTime:0.0160s ]
SQL: SHOW COLUMNS FROM `bills` [ RunTime:0.0170s ]
SQL: SELECT SUM(total_price) AS tp_sum FROM `bills` WHERE `sell_user_id` = 100022 AND `house_id` = 1000000066 AND `pay_date` BETWEEN '2018-08-01' AND '2018-08-31' AND (  (is_pay = 1)  OR ( pay_state = 1)  ) LIMIT 1   [ RunTime:0.0180s ]
SQL: SELECT SUM(total_price) AS tp_sum FROM `bills` WHERE `sell_user_id` = 100022 AND `house_id` = 1000000066 AND `is_msg` = 1 AND `is_pay` = 0 AND `pay_state` = 0 LIMIT 1   [ RunTime:0.0170s ]
SQL: SELECT SUM(total_price) AS tp_sum FROM `bills` WHERE `sell_user_id` = 100022 AND `house_id` = 1000000066 AND `pay_date` BETWEEN '2018-07-01' AND '2018-07-31' AND (  (is_pay = 1)  OR ( pay_state = 1)  ) LIMIT 1   [ RunTime:0.0170s ]
SQL: SHOW COLUMNS FROM `agreement` [ RunTime:0.0180s ]
SQL: SELECT COUNT(*) AS tp_count FROM `agreement` WHERE `sell_user_id` = 100022 AND `house_id` = 1000000066 AND `end_date` BETWEEN '2018-08-07' AND '2018-09-06' LIMIT 1   [ RunTime:0.0170s ]
SQL: SHOW COLUMNS FROM `apartment_rooms` [ RunTime:0.0180s ]
SQL: SELECT COUNT(*) AS tp_count FROM `apartment_rooms` WHERE `house_id` = 1000000066 LIMIT 1   [ RunTime:0.0170s ]
SQL: SELECT COUNT(*) AS tp_count FROM `apartment_rooms` WHERE `house_id` = 1000000066 AND `is_tenant` = 0 LIMIT 1   [ RunTime:0.0170s ]
INFO: [ app_end ] --START--
INFO: Run Behavior\ShowPageTraceBehavior [ RunTime:0.002000s ]
INFO: [ app_end ] --END-- [ RunTime:0.002000s ]

[ 2018-08-07T17:22:23+08:00 ] 127.0.0.1 /index.php/Service/total_item4house_detail/type/2/house_id/1000000066.html
INFO: [ app_init ] --START--
INFO: Run Behavior\BuildLiteBehavior [ RunTime:0.000000s ]
INFO: [ app_init ] --END-- [ RunTime:0.001000s ]
INFO: [ app_begin ] --START--
INFO: Run Behavior\ReadHtmlCacheBehavior [ RunTime:0.001000s ]
INFO: [ app_begin ] --END-- [ RunTime:0.001000s ]
SQL: SHOW COLUMNS FROM `Shops` [ RunTime:0.0200s ]
SQL: SELECT * FROM `Shops` WHERE `user_id` = 100022 LIMIT 1   [ RunTime:0.0190s ]
SQL: SHOW COLUMNS FROM `RentalHouses` [ RunTime:0.0200s ]
SQL: SELECT * FROM `RentalHouses` WHERE `id` = 1000000066 LIMIT 1   [ RunTime:0.0200s ]
INFO: [ view_parse ] --START--
INFO: [ template_filter ] --START--
INFO: Run Behavior\ContentReplaceBehavior [ RunTime:0.001000s ]
INFO: [ template_filter ] --END-- [ RunTime:0.001000s ]
INFO: Run Behavior\ParseTemplateBehavior [ RunTime:0.010000s ]
INFO: [ view_parse ] --END-- [ RunTime:0.010000s ]
INFO: [ view_filter ] --START--
INFO: Run Behavior\WriteHtmlCacheBehavior [ RunTime:0.001000s ]
INFO: [ view_filter ] --END-- [ RunTime:0.001000s ]
INFO: [ app_end ] --START--
INFO: Run Behavior\ShowPageTraceBehavior [ RunTime:0.004000s ]
INFO: [ app_end ] --END-- [ RunTime:0.004000s ]

[ 2018-08-07T17:22:25+08:00 ] 127.0.0.1 /index.php/Service/load_not_pay_detail.html
INFO: [ app_init ] --START--
INFO: Run Behavior\BuildLiteBehavior [ RunTime:0.000000s ]
INFO: [ app_init ] --END-- [ RunTime:0.002000s ]
INFO: [ app_begin ] --START--
INFO: Run Behavior\ReadHtmlCacheBehavior [ RunTime:0.001000s ]
INFO: [ app_begin ] --END-- [ RunTime:0.001000s ]
SQL: SHOW COLUMNS FROM `Shops` [ RunTime:0.0200s ]
SQL: SELECT * FROM `Shops` WHERE `user_id` = 100022 LIMIT 1   [ RunTime:0.0200s ]
SQL: SHOW COLUMNS FROM `bills` [ RunTime:0.0200s ]
SQL: SELECT SUM(total_price) AS tp_sum FROM `bills` WHERE `sell_user_id` = 100022 AND `house_id` = 1000000066 AND `is_msg` = 1 AND `is_pay` = 0 AND `pay_state` = 0 LIMIT 1   [ RunTime:0.0190s ]
SQL: SELECT * FROM `bills` WHERE `sell_user_id` = 100022 AND `house_id` = 1000000066 AND `is_msg` = 1 AND `is_pay` = 0 AND `pay_state` = 0 LIMIT 0,20   [ RunTime:0.0200s ]
SQL: SELECT COUNT(*) AS tp_count FROM `bills` WHERE `sell_user_id` = 100022 AND `house_id` = 1000000066 AND `is_msg` = 1 AND `is_pay` = 0 AND `pay_state` = 0 LIMIT 1   [ RunTime:0.0190s ]
SQL: SHOW COLUMNS FROM `apartment_rooms` [ RunTime:0.0200s ]
SQL: SELECT `id`,`room_name` FROM `apartment_rooms` WHERE `id` IN (0,'107')  [ RunTime:0.0200s ]
INFO: [ app_end ] --START--
INFO: Run Behavior\ShowPageTraceBehavior [ RunTime:0.001000s ]
INFO: [ app_end ] --END-- [ RunTime:0.001000s ]

[ 2018-08-07T17:24:24+08:00 ] 127.0.0.1 /index.php/Service/load_house_tongchou.html
INFO: [ app_init ] --START--
INFO: Run Behavior\BuildLiteBehavior [ RunTime:0.000000s ]
INFO: [ app_init ] --END-- [ RunTime:0.001000s ]
INFO: [ app_begin ] --START--
INFO: Run Behavior\ReadHtmlCacheBehavior [ RunTime:0.001000s ]
INFO: [ app_begin ] --END-- [ RunTime:0.001000s ]
SQL: SHOW COLUMNS FROM `Shops` [ RunTime:0.0200s ]
SQL: SELECT * FROM `Shops` WHERE `user_id` = 100022 LIMIT 1   [ RunTime:0.0200s ]
SQL: SHOW COLUMNS FROM `RentalHouses` [ RunTime:0.0210s ]
SQL: SELECT * FROM `RentalHouses` WHERE `source` = 9 AND `userId` = 100022 AND `shop_id` = 1 LIMIT 0,20   [ RunTime:0.0210s ]
SQL: SELECT COUNT(*) AS tp_count FROM `RentalHouses` WHERE `source` = 9 AND `userId` = 100022 AND `shop_id` = 1 LIMIT 1   [ RunTime:0.0200s ]
SQL: SHOW COLUMNS FROM `bills` [ RunTime:0.0200s ]
SQL: SELECT SUM(total_price) AS tp_sum FROM `bills` WHERE `sell_user_id` = 100022 AND `house_id` = 1000000066 AND `pay_date` BETWEEN '2018-08-01' AND '2018-08-31' AND (  (is_pay = 1)  OR ( pay_state = 1)  ) LIMIT 1   [ RunTime:0.0200s ]
SQL: SELECT SUM(total_price) AS tp_sum FROM `bills` WHERE `sell_user_id` = 100022 AND `house_id` = 1000000066 AND `is_msg` = 1 AND `is_pay` = 0 AND `pay_state` = 0 LIMIT 1   [ RunTime:0.0190s ]
SQL: SELECT SUM(total_price) AS tp_sum FROM `bills` WHERE `sell_user_id` = 100022 AND `house_id` = 1000000066 AND `pay_date` BETWEEN '2018-07-01' AND '2018-07-31' AND (  (is_pay = 1)  OR ( pay_state = 1)  ) LIMIT 1   [ RunTime:0.0190s ]
SQL: SHOW COLUMNS FROM `agreement` [ RunTime:0.0200s ]
SQL: SELECT COUNT(*) AS tp_count FROM `agreement` WHERE `sell_user_id` = 100022 AND `house_id` = 1000000066 AND `end_date` BETWEEN '2018-08-07' AND '2018-09-06' LIMIT 1   [ RunTime:0.0200s ]
SQL: SHOW COLUMNS FROM `apartment_rooms` [ RunTime:0.0200s ]
SQL: SELECT COUNT(*) AS tp_count FROM `apartment_rooms` WHERE `house_id` = 1000000066 LIMIT 1   [ RunTime:0.0190s ]
SQL: SELECT COUNT(*) AS tp_count FROM `apartment_rooms` WHERE `house_id` = 1000000066 AND `is_tenant` = 0 LIMIT 1   [ RunTime:0.0190s ]
INFO: [ app_end ] --START--
INFO: Run Behavior\ShowPageTraceBehavior [ RunTime:0.001000s ]
INFO: [ app_end ] --END-- [ RunTime:0.001000s ]

[ 2018-08-07T17:24:26+08:00 ] 127.0.0.1 /index.php/Service/load_tongchou.html
INFO: [ app_init ] --START--
INFO: Run Behavior\BuildLiteBehavior [ RunTime:0.000000s ]
INFO: [ app_init ] --END-- [ RunTime:0.001000s ]
INFO: [ app_begin ] --START--
INFO: Run Behavior\ReadHtmlCacheBehavior [ RunTime:0.001000s ]
INFO: [ app_begin ] --END-- [ RunTime:0.002000s ]
SQL: SHOW COLUMNS FROM `Shops` [ RunTime:0.0180s ]
SQL: SELECT * FROM `Shops` WHERE `user_id` = 100022 LIMIT 1   [ RunTime:0.0170s ]
SQL: SHOW COLUMNS FROM `bills` [ RunTime:0.0170s ]
SQL: SELECT SUM(total_price) AS tp_sum FROM `bills` WHERE `sell_user_id` = 100022 AND `pay_date` BETWEEN '2018-08-01' AND '2018-08-31' AND (  (is_pay = 1)  OR ( pay_state = 1)  ) LIMIT 1   [ RunTime:0.0170s ]
SQL: SELECT SUM(total_price) AS tp_sum FROM `bills` WHERE `sell_user_id` = 100022 AND `is_msg` = 1 AND `is_pay` = 0 AND `pay_state` = 0 LIMIT 1   [ RunTime:0.0170s ]
SQL: SELECT SUM(total_price) AS tp_sum FROM `bills` WHERE `sell_user_id` = 100022 AND `pay_date` BETWEEN '2018-07-01' AND '2018-07-31' AND (  (is_pay = 1)  OR ( pay_state = 1)  ) LIMIT 1   [ RunTime:0.0170s ]
SQL: SHOW COLUMNS FROM `agreement` [ RunTime:0.0180s ]
SQL: SELECT COUNT(*) AS tp_count FROM `agreement` WHERE `sell_user_id` = 100022 AND `end_date` BETWEEN '2018-08-07' AND '2018-09-06' LIMIT 1   [ RunTime:0.0170s ]
SQL: SHOW COLUMNS FROM `RentalHouses` [ RunTime:0.0180s ]
SQL: SELECT * FROM `RentalHouses` WHERE `source` = 9 AND `userId` = 100022  [ RunTime:0.0190s ]
SQL: SHOW COLUMNS FROM `apartment_rooms` [ RunTime:0.0180s ]
SQL: SELECT COUNT(*) AS tp_count FROM `apartment_rooms` WHERE `house_id` IN ('1000000066') LIMIT 1   [ RunTime:0.0170s ]
SQL: SELECT COUNT(*) AS tp_count FROM `apartment_rooms` WHERE `house_id` IN ('1000000066') AND `is_tenant` = 0 LIMIT 1   [ RunTime:0.0170s ]
INFO: [ app_end ] --START--
INFO: Run Behavior\ShowPageTraceBehavior [ RunTime:0.001000s ]
INFO: [ app_end ] --END-- [ RunTime:0.001000s ]

[ 2018-08-07T17:24:32+08:00 ] 127.0.0.1 /index.php/Service/total_item_detail/type/5.html
INFO: [ app_init ] --START--
INFO: Run Behavior\BuildLiteBehavior [ RunTime:0.000000s ]
INFO: [ app_init ] --END-- [ RunTime:0.001000s ]
INFO: [ app_begin ] --START--
INFO: Run Behavior\ReadHtmlCacheBehavior [ RunTime:0.001000s ]
INFO: [ app_begin ] --END-- [ RunTime:0.001000s ]
SQL: SHOW COLUMNS FROM `Shops` [ RunTime:0.0190s ]
SQL: SELECT * FROM `Shops` WHERE `user_id` = 100022 LIMIT 1   [ RunTime:0.0180s ]
INFO: [ view_parse ] --START--
INFO: [ template_filter ] --START--
INFO: Run Behavior\ContentReplaceBehavior [ RunTime:0.000000s ]
INFO: [ template_filter ] --END-- [ RunTime:0.000000s ]
INFO: Run Behavior\ParseTemplateBehavior [ RunTime:0.018000s ]
INFO: [ view_parse ] --END-- [ RunTime:0.018000s ]
INFO: [ view_filter ] --START--
INFO: Run Behavior\WriteHtmlCacheBehavior [ RunTime:0.001000s ]
INFO: [ view_filter ] --END-- [ RunTime:0.001000s ]
INFO: [ app_end ] --START--
INFO: Run Behavior\ShowPageTraceBehavior [ RunTime:0.001000s ]
INFO: [ app_end ] --END-- [ RunTime:0.001000s ]

[ 2018-08-07T17:24:34+08:00 ] 127.0.0.1 /index.php/Service/load_total_tongchou.html
INFO: [ app_init ] --START--
INFO: Run Behavior\BuildLiteBehavior [ RunTime:0.000000s ]
INFO: [ app_init ] --END-- [ RunTime:0.005000s ]
INFO: [ app_begin ] --START--
INFO: Run Behavior\ReadHtmlCacheBehavior [ RunTime:0.001000s ]
INFO: [ app_begin ] --END-- [ RunTime:0.001000s ]
SQL: SHOW COLUMNS FROM `Shops` [ RunTime:0.0190s ]
SQL: SELECT * FROM `Shops` WHERE `user_id` = 100022 LIMIT 1   [ RunTime:0.0190s ]
SQL: SHOW COLUMNS FROM `RentalHouses` [ RunTime:0.0200s ]
SQL: SELECT * FROM `RentalHouses` WHERE `source` = 9 AND `userId` = 100022 AND `shop_id` = 1 LIMIT 0,20   [ RunTime:0.0200s ]
SQL: SELECT COUNT(*) AS tp_count FROM `RentalHouses` WHERE `source` = 9 AND `userId` = 100022 AND `shop_id` = 1 LIMIT 1   [ RunTime:0.0190s ]
SQL: SHOW COLUMNS FROM `apartment_rooms` [ RunTime:0.0190s ]
SQL: SELECT COUNT(*) AS tp_count FROM `apartment_rooms` WHERE `house_id` = 1000000066 LIMIT 1   [ RunTime:0.0190s ]
SQL: SELECT COUNT(*) AS tp_count FROM `apartment_rooms` WHERE `house_id` = 1000000066 AND `is_tenant` = 0 LIMIT 1   [ RunTime:0.0190s ]
INFO: [ app_end ] --START--
INFO: Run Behavior\ShowPageTraceBehavior [ RunTime:0.001000s ]
INFO: [ app_end ] --END-- [ RunTime:0.001000s ]

[ 2018-08-07T17:24:41+08:00 ] 127.0.0.1 /index.php/Service/load_tongchou.html
INFO: [ app_init ] --START--
INFO: Run Behavior\BuildLiteBehavior [ RunTime:0.000000s ]
INFO: [ app_init ] --END-- [ RunTime:0.001000s ]
INFO: [ app_begin ] --START--
INFO: Run Behavior\ReadHtmlCacheBehavior [ RunTime:0.001000s ]
INFO: [ app_begin ] --END-- [ RunTime:0.002000s ]
SQL: SHOW COLUMNS FROM `Shops` [ RunTime:0.0200s ]
SQL: SELECT * FROM `Shops` WHERE `user_id` = 100022 LIMIT 1   [ RunTime:0.0210s ]
SQL: SHOW COLUMNS FROM `bills` [ RunTime:0.0200s ]
SQL: SELECT SUM(total_price) AS tp_sum FROM `bills` WHERE `sell_user_id` = 100022 AND `pay_date` BETWEEN '2018-08-01' AND '2018-08-31' AND (  (is_pay = 1)  OR ( pay_state = 1)  ) LIMIT 1   [ RunTime:0.0190s ]
SQL: SELECT SUM(total_price) AS tp_sum FROM `bills` WHERE `sell_user_id` = 100022 AND `is_msg` = 1 AND `is_pay` = 0 AND `pay_state` = 0 LIMIT 1   [ RunTime:0.0190s ]
SQL: SELECT SUM(total_price) AS tp_sum FROM `bills` WHERE `sell_user_id` = 100022 AND `pay_date` BETWEEN '2018-07-01' AND '2018-07-31' AND (  (is_pay = 1)  OR ( pay_state = 1)  ) LIMIT 1   [ RunTime:0.0210s ]
SQL: SHOW COLUMNS FROM `agreement` [ RunTime:0.0200s ]
SQL: SELECT COUNT(*) AS tp_count FROM `agreement` WHERE `sell_user_id` = 100022 AND `end_date` BETWEEN '2018-08-07' AND '2018-09-06' LIMIT 1   [ RunTime:0.0240s ]
SQL: SHOW COLUMNS FROM `RentalHouses` [ RunTime:0.0200s ]
SQL: SELECT * FROM `RentalHouses` WHERE `source` = 9 AND `userId` = 100022  [ RunTime:0.0200s ]
SQL: SHOW COLUMNS FROM `apartment_rooms` [ RunTime:0.0200s ]
SQL: SELECT COUNT(*) AS tp_count FROM `apartment_rooms` WHERE `house_id` IN ('1000000066') LIMIT 1   [ RunTime:0.0190s ]
SQL: SELECT COUNT(*) AS tp_count FROM `apartment_rooms` WHERE `house_id` IN ('1000000066') AND `is_tenant` = 0 LIMIT 1   [ RunTime:0.0190s ]
INFO: [ app_end ] --START--
INFO: Run Behavior\ShowPageTraceBehavior [ RunTime:0.001000s ]
INFO: [ app_end ] --END-- [ RunTime:0.001000s ]

[ 2018-08-07T17:24:43+08:00 ] 127.0.0.1 /index.php/Service/load_house_tongchou.html
INFO: [ app_init ] --START--
INFO: Run Behavior\BuildLiteBehavior [ RunTime:0.000000s ]
INFO: [ app_init ] --END-- [ RunTime:0.001000s ]
INFO: [ app_begin ] --START--
INFO: Run Behavior\ReadHtmlCacheBehavior [ RunTime:0.000000s ]
INFO: [ app_begin ] --END-- [ RunTime:0.001000s ]
SQL: SHOW COLUMNS FROM `Shops` [ RunTime:0.0170s ]
SQL: SELECT * FROM `Shops` WHERE `user_id` = 100022 LIMIT 1   [ RunTime:0.0170s ]
SQL: SHOW COLUMNS FROM `RentalHouses` [ RunTime:0.0180s ]
SQL: SELECT * FROM `RentalHouses` WHERE `source` = 9 AND `userId` = 100022 AND `shop_id` = 1 LIMIT 0,20   [ RunTime:0.0180s ]
SQL: SELECT COUNT(*) AS tp_count FROM `RentalHouses` WHERE `source` = 9 AND `userId` = 100022 AND `shop_id` = 1 LIMIT 1   [ RunTime:0.0160s ]
SQL: SHOW COLUMNS FROM `bills` [ RunTime:0.0170s ]
SQL: SELECT SUM(total_price) AS tp_sum FROM `bills` WHERE `sell_user_id` = 100022 AND `house_id` = 1000000066 AND `pay_date` BETWEEN '2018-08-01' AND '2018-08-31' AND (  (is_pay = 1)  OR ( pay_state = 1)  ) LIMIT 1   [ RunTime:0.0160s ]
SQL: SELECT SUM(total_price) AS tp_sum FROM `bills` WHERE `sell_user_id` = 100022 AND `house_id` = 1000000066 AND `is_msg` = 1 AND `is_pay` = 0 AND `pay_state` = 0 LIMIT 1   [ RunTime:0.0160s ]
SQL: SELECT SUM(total_price) AS tp_sum FROM `bills` WHERE `sell_user_id` = 100022 AND `house_id` = 1000000066 AND `pay_date` BETWEEN '2018-07-01' AND '2018-07-31' AND (  (is_pay = 1)  OR ( pay_state = 1)  ) LIMIT 1   [ RunTime:0.0160s ]
SQL: SHOW COLUMNS FROM `agreement` [ RunTime:0.0160s ]
SQL: SELECT COUNT(*) AS tp_count FROM `agreement` WHERE `sell_user_id` = 100022 AND `house_id` = 1000000066 AND `end_date` BETWEEN '2018-08-07' AND '2018-09-06' LIMIT 1   [ RunTime:0.0160s ]
SQL: SHOW COLUMNS FROM `apartment_rooms` [ RunTime:0.0170s ]
SQL: SELECT COUNT(*) AS tp_count FROM `apartment_rooms` WHERE `house_id` = 1000000066 LIMIT 1   [ RunTime:0.0160s ]
SQL: SELECT COUNT(*) AS tp_count FROM `apartment_rooms` WHERE `house_id` = 1000000066 AND `is_tenant` = 0 LIMIT 1   [ RunTime:0.0160s ]
INFO: [ app_end ] --START--
INFO: Run Behavior\ShowPageTraceBehavior [ RunTime:0.001000s ]
INFO: [ app_end ] --END-- [ RunTime:0.001000s ]

[ 2018-08-07T17:25:08+08:00 ] 127.0.0.1 /index.php/Service/total_detail.html
INFO: [ app_init ] --START--
INFO: Run Behavior\BuildLiteBehavior [ RunTime:0.000000s ]
INFO: [ app_init ] --END-- [ RunTime:0.002000s ]
INFO: [ app_begin ] --START--
INFO: Run Behavior\ReadHtmlCacheBehavior [ RunTime:0.001000s ]
INFO: [ app_begin ] --END-- [ RunTime:0.001000s ]
SQL: SHOW COLUMNS FROM `Shops` [ RunTime:0.0200s ]
SQL: SELECT * FROM `Shops` WHERE `user_id` = 100022 LIMIT 1   [ RunTime:0.0200s ]
INFO: [ view_parse ] --START--
INFO: [ template_filter ] --START--
INFO: Run Behavior\ContentReplaceBehavior [ RunTime:0.000000s ]
INFO: [ template_filter ] --END-- [ RunTime:0.001000s ]
INFO: Run Behavior\ParseTemplateBehavior [ RunTime:0.011000s ]
INFO: [ view_parse ] --END-- [ RunTime:0.011000s ]
INFO: [ view_filter ] --START--
INFO: Run Behavior\WriteHtmlCacheBehavior [ RunTime:0.000000s ]
INFO: [ view_filter ] --END-- [ RunTime:0.002000s ]
INFO: [ app_end ] --START--
INFO: Run Behavior\ShowPageTraceBehavior [ RunTime:0.005000s ]
INFO: [ app_end ] --END-- [ RunTime:0.005000s ]

[ 2018-08-07T17:25:08+08:00 ] 127.0.0.1 /index.php/Service/load_tongchou.html
INFO: [ app_init ] --START--
INFO: Run Behavior\BuildLiteBehavior [ RunTime:0.000000s ]
INFO: [ app_init ] --END-- [ RunTime:0.000000s ]
INFO: [ app_begin ] --START--
INFO: Run Behavior\ReadHtmlCacheBehavior [ RunTime:0.001000s ]
INFO: [ app_begin ] --END-- [ RunTime:0.001000s ]
SQL: SHOW COLUMNS FROM `Shops` [ RunTime:0.0170s ]
SQL: SELECT * FROM `Shops` WHERE `user_id` = 100022 LIMIT 1   [ RunTime:0.0180s ]
SQL: SHOW COLUMNS FROM `bills` [ RunTime:0.0180s ]
SQL: SELECT SUM(total_price) AS tp_sum FROM `bills` WHERE `sell_user_id` = 100022 AND `pay_date` BETWEEN '2018-08-01' AND '2018-08-31' AND (  (is_pay = 1)  OR ( pay_state = 1)  ) LIMIT 1   [ RunTime:0.0170s ]
SQL: SELECT SUM(total_price) AS tp_sum FROM `bills` WHERE `sell_user_id` = 100022 AND `is_msg` = 1 AND `is_pay` = 0 AND `pay_state` = 0 LIMIT 1   [ RunTime:0.0180s ]
SQL: SELECT SUM(total_price) AS tp_sum FROM `bills` WHERE `sell_user_id` = 100022 AND `pay_date` BETWEEN '2018-07-01' AND '2018-07-31' AND (  (is_pay = 1)  OR ( pay_state = 1)  ) LIMIT 1   [ RunTime:0.0170s ]
SQL: SHOW COLUMNS FROM `agreement` [ RunTime:0.0180s ]
SQL: SELECT COUNT(*) AS tp_count FROM `agreement` WHERE `sell_user_id` = 100022 AND `end_date` BETWEEN '2018-08-07' AND '2018-09-06' LIMIT 1   [ RunTime:0.0170s ]
SQL: SHOW COLUMNS FROM `RentalHouses` [ RunTime:0.0190s ]
SQL: SELECT * FROM `RentalHouses` WHERE `source` = 9 AND `userId` = 100022  [ RunTime:0.0170s ]
SQL: SHOW COLUMNS FROM `apartment_rooms` [ RunTime:0.0170s ]
SQL: SELECT COUNT(*) AS tp_count FROM `apartment_rooms` WHERE `house_id` IN ('1000000066') LIMIT 1   [ RunTime:0.0170s ]
SQL: SELECT COUNT(*) AS tp_count FROM `apartment_rooms` WHERE `house_id` IN ('1000000066') AND `is_tenant` = 0 LIMIT 1   [ RunTime:0.0170s ]
INFO: [ app_end ] --START--
INFO: Run Behavior\ShowPageTraceBehavior [ RunTime:0.001000s ]
INFO: [ app_end ] --END-- [ RunTime:0.001000s ]

[ 2018-08-07T17:25:09+08:00 ] 127.0.0.1 /index.php/Service/load_house_tongchou.html
INFO: [ app_init ] --START--
INFO: Run Behavior\BuildLiteBehavior [ RunTime:0.001000s ]
INFO: [ app_init ] --END-- [ RunTime:0.001000s ]
INFO: [ app_begin ] --START--
INFO: Run Behavior\ReadHtmlCacheBehavior [ RunTime:0.001000s ]
INFO: [ app_begin ] --END-- [ RunTime:0.001000s ]
SQL: SHOW COLUMNS FROM `Shops` [ RunTime:0.0200s ]
SQL: SELECT * FROM `Shops` WHERE `user_id` = 100022 LIMIT 1   [ RunTime:0.0200s ]
SQL: SHOW COLUMNS FROM `RentalHouses` [ RunTime:0.0210s ]
SQL: SELECT * FROM `RentalHouses` WHERE `source` = 9 AND `userId` = 100022 AND `shop_id` = 1 LIMIT 0,20   [ RunTime:0.0200s ]
SQL: SELECT COUNT(*) AS tp_count FROM `RentalHouses` WHERE `source` = 9 AND `userId` = 100022 AND `shop_id` = 1 LIMIT 1   [ RunTime:0.0190s ]
SQL: SHOW COLUMNS FROM `bills` [ RunTime:0.0200s ]
SQL: SELECT SUM(total_price) AS tp_sum FROM `bills` WHERE `sell_user_id` = 100022 AND `house_id` = 1000000066 AND `pay_date` BETWEEN '2018-08-01' AND '2018-08-31' AND (  (is_pay = 1)  OR ( pay_state = 1)  ) LIMIT 1   [ RunTime:0.0200s ]
SQL: SELECT SUM(total_price) AS tp_sum FROM `bills` WHERE `sell_user_id` = 100022 AND `house_id` = 1000000066 AND `is_msg` = 1 AND `is_pay` = 0 AND `pay_state` = 0 LIMIT 1   [ RunTime:0.0200s ]
SQL: SELECT SUM(total_price) AS tp_sum FROM `bills` WHERE `sell_user_id` = 100022 AND `house_id` = 1000000066 AND `pay_date` BETWEEN '2018-07-01' AND '2018-07-31' AND (  (is_pay = 1)  OR ( pay_state = 1)  ) LIMIT 1   [ RunTime:0.0200s ]
SQL: SHOW COLUMNS FROM `agreement` [ RunTime:0.0200s ]
SQL: SELECT COUNT(*) AS tp_count FROM `agreement` WHERE `sell_user_id` = 100022 AND `house_id` = 1000000066 AND `end_date` BETWEEN '2018-08-07' AND '2018-09-06' LIMIT 1   [ RunTime:0.0190s ]
SQL: SHOW COLUMNS FROM `apartment_rooms` [ RunTime:0.0210s ]
SQL: SELECT COUNT(*) AS tp_count FROM `apartment_rooms` WHERE `house_id` = 1000000066 LIMIT 1   [ RunTime:0.0260s ]
SQL: SELECT COUNT(*) AS tp_count FROM `apartment_rooms` WHERE `house_id` = 1000000066 AND `is_tenant` = 0 LIMIT 1   [ RunTime:0.0200s ]
INFO: [ app_end ] --START--
INFO: Run Behavior\ShowPageTraceBehavior [ RunTime:0.002000s ]
INFO: [ app_end ] --END-- [ RunTime:0.002000s ]

[ 2018-08-07T17:25:49+08:00 ] 127.0.0.1 /index.php/Service/total_detail.html
INFO: [ app_init ] --START--
INFO: Run Behavior\BuildLiteBehavior [ RunTime:0.000000s ]
INFO: [ app_init ] --END-- [ RunTime:0.000000s ]
INFO: [ app_begin ] --START--
INFO: Run Behavior\ReadHtmlCacheBehavior [ RunTime:0.001000s ]
INFO: [ app_begin ] --END-- [ RunTime:0.002000s ]
SQL: SHOW COLUMNS FROM `Shops` [ RunTime:0.0200s ]
SQL: SELECT * FROM `Shops` WHERE `user_id` = 100022 LIMIT 1   [ RunTime:0.0190s ]
INFO: [ view_parse ] --START--
INFO: [ template_filter ] --START--
INFO: Run Behavior\ContentReplaceBehavior [ RunTime:0.000000s ]
INFO: [ template_filter ] --END-- [ RunTime:0.000000s ]
INFO: Run Behavior\ParseTemplateBehavior [ RunTime:0.011000s ]
INFO: [ view_parse ] --END-- [ RunTime:0.011000s ]
INFO: [ view_filter ] --START--
INFO: Run Behavior\WriteHtmlCacheBehavior [ RunTime:0.001000s ]
INFO: [ view_filter ] --END-- [ RunTime:0.001000s ]
INFO: [ app_end ] --START--
INFO: Run Behavior\ShowPageTraceBehavior [ RunTime:0.001000s ]
INFO: [ app_end ] --END-- [ RunTime:0.005000s ]

[ 2018-08-07T17:25:51+08:00 ] 127.0.0.1 /index.php/Service/load_house_tongchou.html
INFO: [ app_init ] --START--
INFO: Run Behavior\BuildLiteBehavior [ RunTime:0.000000s ]
INFO: [ app_init ] --END-- [ RunTime:0.002000s ]
INFO: [ app_begin ] --START--
INFO: Run Behavior\ReadHtmlCacheBehavior [ RunTime:0.002000s ]
INFO: [ app_begin ] --END-- [ RunTime:0.002000s ]
SQL: SHOW COLUMNS FROM `Shops` [ RunTime:0.0200s ]
SQL: SELECT * FROM `Shops` WHERE `user_id` = 100022 LIMIT 1   [ RunTime:0.0200s ]
SQL: SHOW COLUMNS FROM `RentalHouses` [ RunTime:0.0200s ]
SQL: SELECT * FROM `RentalHouses` WHERE `source` = 9 AND `userId` = 100022 AND `shop_id` = 1 LIMIT 0,20   [ RunTime:0.0200s ]
SQL: SELECT COUNT(*) AS tp_count FROM `RentalHouses` WHERE `source` = 9 AND `userId` = 100022 AND `shop_id` = 1 LIMIT 1   [ RunTime:0.0190s ]
SQL: SHOW COLUMNS FROM `bills` [ RunTime:0.0200s ]
SQL: SELECT SUM(total_price) AS tp_sum FROM `bills` WHERE `sell_user_id` = 100022 AND `house_id` = 1000000066 AND `pay_date` BETWEEN '2018-08-01' AND '2018-08-31' AND (  (is_pay = 1)  OR ( pay_state = 1)  ) LIMIT 1   [ RunTime:0.0190s ]
SQL: SELECT SUM(total_price) AS tp_sum FROM `bills` WHERE `sell_user_id` = 100022 AND `house_id` = 1000000066 AND `is_msg` = 1 AND `is_pay` = 0 AND `pay_state` = 0 LIMIT 1   [ RunTime:0.0190s ]
SQL: SELECT SUM(total_price) AS tp_sum FROM `bills` WHERE `sell_user_id` = 100022 AND `house_id` = 1000000066 AND `pay_date` BETWEEN '2018-07-01' AND '2018-07-31' AND (  (is_pay = 1)  OR ( pay_state = 1)  ) LIMIT 1   [ RunTime:0.0190s ]
SQL: SHOW COLUMNS FROM `agreement` [ RunTime:0.0200s ]
SQL: SELECT COUNT(*) AS tp_count FROM `agreement` WHERE `sell_user_id` = 100022 AND `house_id` = 1000000066 AND `end_date` BETWEEN '2018-08-07' AND '2018-09-06' LIMIT 1   [ RunTime:0.0190s ]
SQL: SHOW COLUMNS FROM `apartment_rooms` [ RunTime:0.0200s ]
SQL: SELECT COUNT(*) AS tp_count FROM `apartment_rooms` WHERE `house_id` = 1000000066 LIMIT 1   [ RunTime:0.0190s ]
SQL: SELECT COUNT(*) AS tp_count FROM `apartment_rooms` WHERE `house_id` = 1000000066 AND `is_tenant` = 0 LIMIT 1   [ RunTime:0.0190s ]
INFO: [ app_end ] --START--
INFO: Run Behavior\ShowPageTraceBehavior [ RunTime:0.001000s ]
INFO: [ app_end ] --END-- [ RunTime:0.001000s ]

[ 2018-08-07T17:25:51+08:00 ] 127.0.0.1 /index.php/Service/load_tongchou.html
INFO: [ app_init ] --START--
INFO: Run Behavior\BuildLiteBehavior [ RunTime:0.000000s ]
INFO: [ app_init ] --END-- [ RunTime:0.001000s ]
INFO: [ app_begin ] --START--
INFO: Run Behavior\ReadHtmlCacheBehavior [ RunTime:0.001000s ]
INFO: [ app_begin ] --END-- [ RunTime:0.001000s ]
SQL: SHOW COLUMNS FROM `Shops` [ RunTime:0.0170s ]
SQL: SELECT * FROM `Shops` WHERE `user_id` = 100022 LIMIT 1   [ RunTime:0.0170s ]
SQL: SHOW COLUMNS FROM `bills` [ RunTime:0.0170s ]
SQL: SELECT SUM(total_price) AS tp_sum FROM `bills` WHERE `sell_user_id` = 100022 AND `pay_date` BETWEEN '2018-08-01' AND '2018-08-31' AND (  (is_pay = 1)  OR ( pay_state = 1)  ) LIMIT 1   [ RunTime:0.0170s ]
SQL: SELECT SUM(total_price) AS tp_sum FROM `bills` WHERE `sell_user_id` = 100022 AND `is_msg` = 1 AND `is_pay` = 0 AND `pay_state` = 0 LIMIT 1   [ RunTime:0.0160s ]
SQL: SELECT SUM(total_price) AS tp_sum FROM `bills` WHERE `sell_user_id` = 100022 AND `pay_date` BETWEEN '2018-07-01' AND '2018-07-31' AND (  (is_pay = 1)  OR ( pay_state = 1)  ) LIMIT 1   [ RunTime:0.0160s ]
SQL: SHOW COLUMNS FROM `agreement` [ RunTime:0.0170s ]
SQL: SELECT COUNT(*) AS tp_count FROM `agreement` WHERE `sell_user_id` = 100022 AND `end_date` BETWEEN '2018-08-07' AND '2018-09-06' LIMIT 1   [ RunTime:0.0170s ]
SQL: SHOW COLUMNS FROM `RentalHouses` [ RunTime:0.0180s ]
SQL: SELECT * FROM `RentalHouses` WHERE `source` = 9 AND `userId` = 100022  [ RunTime:0.0220s ]
SQL: SHOW COLUMNS FROM `apartment_rooms` [ RunTime:0.0180s ]
SQL: SELECT COUNT(*) AS tp_count FROM `apartment_rooms` WHERE `house_id` IN ('1000000066') LIMIT 1   [ RunTime:0.0170s ]
SQL: SELECT COUNT(*) AS tp_count FROM `apartment_rooms` WHERE `house_id` IN ('1000000066') AND `is_tenant` = 0 LIMIT 1   [ RunTime:0.0160s ]
INFO: [ app_end ] --START--
INFO: Run Behavior\ShowPageTraceBehavior [ RunTime:0.001000s ]
INFO: [ app_end ] --END-- [ RunTime:0.001000s ]

[ 2018-08-07T17:26:02+08:00 ] 127.0.0.1 /index.php/Service/total_item_detail/type/3.html
INFO: [ app_init ] --START--
INFO: Run Behavior\BuildLiteBehavior [ RunTime:0.000000s ]
INFO: [ app_init ] --END-- [ RunTime:0.003000s ]
INFO: [ app_begin ] --START--
INFO: Run Behavior\ReadHtmlCacheBehavior [ RunTime:0.001000s ]
INFO: [ app_begin ] --END-- [ RunTime:0.002000s ]
SQL: SHOW COLUMNS FROM `Shops` [ RunTime:0.0210s ]
SQL: SELECT * FROM `Shops` WHERE `user_id` = 100022 LIMIT 1   [ RunTime:0.0210s ]
INFO: [ view_parse ] --START--
INFO: [ template_filter ] --START--
INFO: Run Behavior\ContentReplaceBehavior [ RunTime:0.000000s ]
INFO: [ template_filter ] --END-- [ RunTime:0.000000s ]
INFO: Run Behavior\ParseTemplateBehavior [ RunTime:0.010000s ]
INFO: [ view_parse ] --END-- [ RunTime:0.010000s ]
INFO: [ view_filter ] --START--
INFO: Run Behavior\WriteHtmlCacheBehavior [ RunTime:0.000000s ]
INFO: [ view_filter ] --END-- [ RunTime:0.000000s ]
INFO: [ app_end ] --START--
INFO: Run Behavior\ShowPageTraceBehavior [ RunTime:0.013000s ]
INFO: [ app_end ] --END-- [ RunTime:0.013000s ]

[ 2018-08-07T17:26:04+08:00 ] 127.0.0.1 /index.php/Service/load_total_tongchou.html
INFO: [ app_init ] --START--
INFO: Run Behavior\BuildLiteBehavior [ RunTime:0.000000s ]
INFO: [ app_init ] --END-- [ RunTime:0.001000s ]
INFO: [ app_begin ] --START--
INFO: Run Behavior\ReadHtmlCacheBehavior [ RunTime:0.001000s ]
INFO: [ app_begin ] --END-- [ RunTime:0.001000s ]
SQL: SHOW COLUMNS FROM `Shops` [ RunTime:0.0180s ]
SQL: SELECT * FROM `Shops` WHERE `user_id` = 100022 LIMIT 1   [ RunTime:0.0180s ]
SQL: SHOW COLUMNS FROM `RentalHouses` [ RunTime:0.0180s ]
SQL: SELECT * FROM `RentalHouses` WHERE `source` = 9 AND `userId` = 100022 AND `shop_id` = 1 LIMIT 0,20   [ RunTime:0.0180s ]
SQL: SELECT COUNT(*) AS tp_count FROM `RentalHouses` WHERE `source` = 9 AND `userId` = 100022 AND `shop_id` = 1 LIMIT 1   [ RunTime:0.0170s ]
SQL: SHOW COLUMNS FROM `bills` [ RunTime:0.0180s ]
SQL: SELECT SUM(total_price) AS tp_sum FROM `bills` WHERE `sell_user_id` = 100022 AND `house_id` = 1000000066 AND `pay_date` BETWEEN '2018-07-01' AND '2018-07-31' AND (  (is_pay = 1)  OR ( pay_state = 1)  ) LIMIT 1   [ RunTime:0.0170s ]
INFO: [ app_end ] --START--
INFO: Run Behavior\ShowPageTraceBehavior [ RunTime:0.001000s ]
INFO: [ app_end ] --END-- [ RunTime:0.001000s ]

[ 2018-08-07T17:26:28+08:00 ] 127.0.0.1 /index.php/Service/load_tongchou.html
INFO: [ app_init ] --START--
INFO: Run Behavior\BuildLiteBehavior [ RunTime:0.000000s ]
INFO: [ app_init ] --END-- [ RunTime:0.001000s ]
INFO: [ app_begin ] --START--
INFO: Run Behavior\ReadHtmlCacheBehavior [ RunTime:0.002000s ]
INFO: [ app_begin ] --END-- [ RunTime:0.002000s ]
SQL: SHOW COLUMNS FROM `Shops` [ RunTime:0.0170s ]
SQL: SELECT * FROM `Shops` WHERE `user_id` = 100022 LIMIT 1   [ RunTime:0.0170s ]
SQL: SHOW COLUMNS FROM `bills` [ RunTime:0.0160s ]
SQL: SELECT SUM(total_price) AS tp_sum FROM `bills` WHERE `sell_user_id` = 100022 AND `pay_date` BETWEEN '2018-08-01' AND '2018-08-31' AND (  (is_pay = 1)  OR ( pay_state = 1)  ) LIMIT 1   [ RunTime:0.0260s ]
SQL: SELECT SUM(total_price) AS tp_sum FROM `bills` WHERE `sell_user_id` = 100022 AND `is_msg` = 1 AND `is_pay` = 0 AND `pay_state` = 0 LIMIT 1   [ RunTime:0.0170s ]
SQL: SELECT SUM(total_price) AS tp_sum FROM `bills` WHERE `sell_user_id` = 100022 AND `pay_date` BETWEEN '2018-07-01' AND '2018-07-31' AND (  (is_pay = 1)  OR ( pay_state = 1)  ) LIMIT 1   [ RunTime:0.0170s ]
SQL: SHOW COLUMNS FROM `agreement` [ RunTime:0.0170s ]
SQL: SELECT COUNT(*) AS tp_count FROM `agreement` WHERE `sell_user_id` = 100022 AND `end_date` BETWEEN '2018-08-07' AND '2018-09-06' LIMIT 1   [ RunTime:0.0160s ]
SQL: SHOW COLUMNS FROM `RentalHouses` [ RunTime:0.0170s ]
SQL: SELECT * FROM `RentalHouses` WHERE `source` = 9 AND `userId` = 100022  [ RunTime:0.0170s ]
SQL: SHOW COLUMNS FROM `apartment_rooms` [ RunTime:0.0170s ]
SQL: SELECT COUNT(*) AS tp_count FROM `apartment_rooms` WHERE `house_id` IN ('1000000066') LIMIT 1   [ RunTime:0.0160s ]
SQL: SELECT COUNT(*) AS tp_count FROM `apartment_rooms` WHERE `house_id` IN ('1000000066') AND `is_tenant` = 0 LIMIT 1   [ RunTime:0.0170s ]
INFO: [ app_end ] --START--
INFO: Run Behavior\ShowPageTraceBehavior [ RunTime:0.001000s ]
INFO: [ app_end ] --END-- [ RunTime:0.001000s ]

[ 2018-08-07T17:26:30+08:00 ] 127.0.0.1 /index.php/Service/load_house_tongchou.html
INFO: [ app_init ] --START--
INFO: Run Behavior\BuildLiteBehavior [ RunTime:0.000000s ]
INFO: [ app_init ] --END-- [ RunTime:0.002000s ]
INFO: [ app_begin ] --START--
INFO: Run Behavior\ReadHtmlCacheBehavior [ RunTime:0.002000s ]
INFO: [ app_begin ] --END-- [ RunTime:0.002000s ]
SQL: SHOW COLUMNS FROM `Shops` [ RunTime:0.0200s ]
SQL: SELECT * FROM `Shops` WHERE `user_id` = 100022 LIMIT 1   [ RunTime:0.0200s ]
SQL: SHOW COLUMNS FROM `RentalHouses` [ RunTime:0.0220s ]
SQL: SELECT * FROM `RentalHouses` WHERE `source` = 9 AND `userId` = 100022 AND `shop_id` = 1 LIMIT 0,20   [ RunTime:0.0210s ]
SQL: SELECT COUNT(*) AS tp_count FROM `RentalHouses` WHERE `source` = 9 AND `userId` = 100022 AND `shop_id` = 1 LIMIT 1   [ RunTime:0.0190s ]
SQL: SHOW COLUMNS FROM `bills` [ RunTime:0.0200s ]
SQL: SELECT SUM(total_price) AS tp_sum FROM `bills` WHERE `sell_user_id` = 100022 AND `house_id` = 1000000066 AND `pay_date` BETWEEN '2018-08-01' AND '2018-08-31' AND (  (is_pay = 1)  OR ( pay_state = 1)  ) LIMIT 1   [ RunTime:0.0200s ]
SQL: SELECT SUM(total_price) AS tp_sum FROM `bills` WHERE `sell_user_id` = 100022 AND `house_id` = 1000000066 AND `is_msg` = 1 AND `is_pay` = 0 AND `pay_state` = 0 LIMIT 1   [ RunTime:0.0200s ]
SQL: SELECT SUM(total_price) AS tp_sum FROM `bills` WHERE `sell_user_id` = 100022 AND `house_id` = 1000000066 AND `pay_date` BETWEEN '2018-07-01' AND '2018-07-31' AND (  (is_pay = 1)  OR ( pay_state = 1)  ) LIMIT 1   [ RunTime:0.0210s ]
SQL: SHOW COLUMNS FROM `agreement` [ RunTime:0.0200s ]
SQL: SELECT COUNT(*) AS tp_count FROM `agreement` WHERE `sell_user_id` = 100022 AND `house_id` = 1000000066 AND `end_date` BETWEEN '2018-08-07' AND '2018-09-06' LIMIT 1   [ RunTime:0.0300s ]
SQL: SHOW COLUMNS FROM `apartment_rooms` [ RunTime:0.0200s ]
SQL: SELECT COUNT(*) AS tp_count FROM `apartment_rooms` WHERE `house_id` = 1000000066 LIMIT 1   [ RunTime:0.0230s ]
SQL: SELECT COUNT(*) AS tp_count FROM `apartment_rooms` WHERE `house_id` = 1000000066 AND `is_tenant` = 0 LIMIT 1   [ RunTime:0.0200s ]
INFO: [ app_end ] --START--
INFO: Run Behavior\ShowPageTraceBehavior [ RunTime:0.001000s ]
INFO: [ app_end ] --END-- [ RunTime:0.001000s ]

[ 2018-08-07T17:26:31+08:00 ] 127.0.0.1 /index.php/Im/getLoginInfo.html
INFO: [ app_init ] --START--
INFO: Run Behavior\BuildLiteBehavior [ RunTime:0.000000s ]
INFO: [ app_init ] --END-- [ RunTime:0.001000s ]
INFO: [ app_begin ] --START--
INFO: Run Behavior\ReadHtmlCacheBehavior [ RunTime:0.001000s ]
INFO: [ app_begin ] --END-- [ RunTime:0.001000s ]
NOTIC: [2] Missing argument 1 for Library\TencentIMSdk\IMSdk::createAndInitRestAPI(), called in E:\myphp\fkx\Application\Home\Controller\ImController.class.php on line 200 and defined E:\myphp\fkx\Library\TencentIMSdk\IMSdk.class.php 第 32 行.
NOTIC: [8] Undefined variable: identifier E:\myphp\fkx\Library\TencentIMSdk\IMSdk.class.php 第 35 行.

[ 2018-08-07T17:26:32+08:00 ] 127.0.0.1 /index.php/Service/load_tongchou.html
INFO: [ app_init ] --START--
INFO: Run Behavior\BuildLiteBehavior [ RunTime:0.000000s ]
INFO: [ app_init ] --END-- [ RunTime:0.000000s ]
INFO: [ app_begin ] --START--
INFO: Run Behavior\ReadHtmlCacheBehavior [ RunTime:0.002000s ]
INFO: [ app_begin ] --END-- [ RunTime:0.002000s ]
SQL: SHOW COLUMNS FROM `Shops` [ RunTime:0.0200s ]
SQL: SELECT * FROM `Shops` WHERE `user_id` = 100022 LIMIT 1   [ RunTime:0.0190s ]
SQL: SHOW COLUMNS FROM `bills` [ RunTime:0.0210s ]
SQL: SELECT SUM(total_price) AS tp_sum FROM `bills` WHERE `sell_user_id` = 100022 AND `pay_date` BETWEEN '2018-08-01' AND '2018-08-31' AND (  (is_pay = 1)  OR ( pay_state = 1)  ) LIMIT 1   [ RunTime:0.0190s ]
SQL: SELECT SUM(total_price) AS tp_sum FROM `bills` WHERE `sell_user_id` = 100022 AND `is_msg` = 1 AND `is_pay` = 0 AND `pay_state` = 0 LIMIT 1   [ RunTime:0.0190s ]
SQL: SELECT SUM(total_price) AS tp_sum FROM `bills` WHERE `sell_user_id` = 100022 AND `pay_date` BETWEEN '2018-07-01' AND '2018-07-31' AND (  (is_pay = 1)  OR ( pay_state = 1)  ) LIMIT 1   [ RunTime:0.0190s ]
SQL: SHOW COLUMNS FROM `agreement` [ RunTime:0.0200s ]
SQL: SELECT COUNT(*) AS tp_count FROM `agreement` WHERE `sell_user_id` = 100022 AND `end_date` BETWEEN '2018-08-07' AND '2018-09-06' LIMIT 1   [ RunTime:0.0200s ]
SQL: SHOW COLUMNS FROM `RentalHouses` [ RunTime:0.0210s ]
SQL: SELECT * FROM `RentalHouses` WHERE `source` = 9 AND `userId` = 100022  [ RunTime:0.0210s ]
SQL: SHOW COLUMNS FROM `apartment_rooms` [ RunTime:0.0210s ]
SQL: SELECT COUNT(*) AS tp_count FROM `apartment_rooms` WHERE `house_id` IN ('1000000066') LIMIT 1   [ RunTime:0.0200s ]
SQL: SELECT COUNT(*) AS tp_count FROM `apartment_rooms` WHERE `house_id` IN ('1000000066') AND `is_tenant` = 0 LIMIT 1   [ RunTime:0.0230s ]
INFO: [ app_end ] --START--
INFO: Run Behavior\ShowPageTraceBehavior [ RunTime:0.000000s ]
INFO: [ app_end ] --END-- [ RunTime:0.000000s ]

[ 2018-08-07T17:26:34+08:00 ] 127.0.0.1 /index.php/Service/house_setup.html
INFO: [ app_init ] --START--
INFO: Run Behavior\BuildLiteBehavior [ RunTime:0.000000s ]
INFO: [ app_init ] --END-- [ RunTime:0.001000s ]
INFO: [ app_begin ] --START--
INFO: Run Behavior\ReadHtmlCacheBehavior [ RunTime:0.002000s ]
INFO: [ app_begin ] --END-- [ RunTime:0.002000s ]
SQL: SHOW COLUMNS FROM `Shops` [ RunTime:0.0200s ]
SQL: SELECT * FROM `Shops` WHERE `user_id` = 100022 LIMIT 1   [ RunTime:0.0180s ]
INFO: [ view_parse ] --START--
INFO: [ template_filter ] --START--
INFO: Run Behavior\ContentReplaceBehavior [ RunTime:0.000000s ]
INFO: [ template_filter ] --END-- [ RunTime:0.000000s ]
INFO: Run Behavior\ParseTemplateBehavior [ RunTime:0.013000s ]
INFO: [ view_parse ] --END-- [ RunTime:0.014000s ]
INFO: [ view_filter ] --START--
INFO: Run Behavior\WriteHtmlCacheBehavior [ RunTime:0.001000s ]
INFO: [ view_filter ] --END-- [ RunTime:0.001000s ]
INFO: [ app_end ] --START--
INFO: Run Behavior\ShowPageTraceBehavior [ RunTime:0.001000s ]
INFO: [ app_end ] --END-- [ RunTime:0.002000s ]

[ 2018-08-07T17:26:36+08:00 ] 127.0.0.1 /index.php/Service/load_houses.html
INFO: [ app_init ] --START--
INFO: Run Behavior\BuildLiteBehavior [ RunTime:0.001000s ]
INFO: [ app_init ] --END-- [ RunTime:0.001000s ]
INFO: [ app_begin ] --START--
INFO: Run Behavior\ReadHtmlCacheBehavior [ RunTime:0.001000s ]
INFO: [ app_begin ] --END-- [ RunTime:0.001000s ]
SQL: SHOW COLUMNS FROM `Shops` [ RunTime:0.0210s ]
SQL: SELECT * FROM `Shops` WHERE `user_id` = 100022 LIMIT 1   [ RunTime:0.0200s ]
SQL: SHOW COLUMNS FROM `RentalHouses` [ RunTime:0.0210s ]
SQL: SELECT * FROM `RentalHouses` WHERE `source` = 9 AND `userId` = 100022 AND `shop_id` = 1 LIMIT 0,20   [ RunTime:0.0200s ]
NOTIC: [8] Undefined variable: reorder E:\myphp\fkx\Application\Home\Controller\ServiceController.class.php 第 82 行.
SQL: SELECT COUNT(*) AS tp_count FROM `RentalHouses` WHERE `source` = 9 AND `userId` = 100022 AND `shop_id` = 1 LIMIT 1   [ RunTime:0.0190s ]
INFO: [ app_end ] --START--
INFO: Run Behavior\ShowPageTraceBehavior [ RunTime:0.001000s ]
INFO: [ app_end ] --END-- [ RunTime:0.001000s ]

[ 2018-08-07T17:26:36+08:00 ] 127.0.0.1 /uploads/pictures/2018-08-01/5b61cbab28493.jpg
INFO: [ app_init ] --START--
INFO: Run Behavior\BuildLiteBehavior [ RunTime:0.000000s ]
INFO: [ app_init ] --END-- [ RunTime:0.001000s ]

[ 2018-08-07T17:26:38+08:00 ] 127.0.0.1 /index.php/Service/tenant_info/house_id/1000000066.html
INFO: [ app_init ] --START--
INFO: Run Behavior\BuildLiteBehavior [ RunTime:0.000000s ]
INFO: [ app_init ] --END-- [ RunTime:0.001000s ]
INFO: [ app_begin ] --START--
INFO: Run Behavior\ReadHtmlCacheBehavior [ RunTime:0.001000s ]
INFO: [ app_begin ] --END-- [ RunTime:0.001000s ]
SQL: SHOW COLUMNS FROM `Shops` [ RunTime:0.0180s ]
SQL: SELECT * FROM `Shops` WHERE `user_id` = 100022 LIMIT 1   [ RunTime:0.0180s ]
SQL: SHOW COLUMNS FROM `RentalHouses` [ RunTime:0.0170s ]
SQL: SELECT * FROM `RentalHouses` WHERE `id` = 1000000066 LIMIT 1   [ RunTime:0.0180s ]
SQL: SHOW COLUMNS FROM `apartment_floor` [ RunTime:0.0180s ]
SQL: SELECT `id`,`floor_name` FROM `apartment_floor` WHERE `house_id` = 1000000066  [ RunTime:0.0170s ]
SQL: SHOW COLUMNS FROM `apartment_rooms` [ RunTime:0.0180s ]
SQL: SELECT * FROM `apartment_rooms` WHERE `house_id` = 1000000066  [ RunTime:0.0180s ]
SQL: SHOW COLUMNS FROM `agreement` [ RunTime:0.0170s ]
SQL: SELECT `id` FROM `agreement` WHERE `house_id` = 1000000066 AND `room_id` = 104 AND `status` = 1 LIMIT 1   [ RunTime:0.0170s ]
SQL: SELECT `id` FROM `agreement` WHERE `house_id` = 1000000066 AND `room_id` = 105 AND `status` = 1 LIMIT 1   [ RunTime:0.0170s ]
SQL: SELECT `id` FROM `agreement` WHERE `house_id` = 1000000066 AND `room_id` = 107 AND `status` = 1 LIMIT 1   [ RunTime:0.0160s ]
SQL: SELECT `id` FROM `agreement` WHERE `house_id` = 1000000066 AND `room_id` = 109 AND `status` = 1 LIMIT 1   [ RunTime:0.0170s ]
INFO: [ view_parse ] --START--
INFO: [ template_filter ] --START--
INFO: Run Behavior\ContentReplaceBehavior [ RunTime:0.000000s ]
INFO: [ template_filter ] --END-- [ RunTime:0.001000s ]
INFO: Run Behavior\ParseTemplateBehavior [ RunTime:0.015000s ]
INFO: [ view_parse ] --END-- [ RunTime:0.015000s ]
INFO: [ view_filter ] --START--
INFO: Run Behavior\WriteHtmlCacheBehavior [ RunTime:0.001000s ]
INFO: [ view_filter ] --END-- [ RunTime:0.001000s ]
INFO: [ app_end ] --START--
INFO: Run Behavior\ShowPageTraceBehavior [ RunTime:0.001000s ]
INFO: [ app_end ] --END-- [ RunTime:0.001000s ]

[ 2018-08-07T17:27:04+08:00 ] 127.0.0.1 /index.php/Service/register_tenant/id/0/room_id/105.html
INFO: [ app_init ] --START--
INFO: Run Behavior\BuildLiteBehavior [ RunTime:0.000000s ]
INFO: [ app_init ] --END-- [ RunTime:0.001000s ]
INFO: [ app_begin ] --START--
INFO: Run Behavior\ReadHtmlCacheBehavior [ RunTime:0.001000s ]
INFO: [ app_begin ] --END-- [ RunTime:0.001000s ]
SQL: SHOW COLUMNS FROM `Shops` [ RunTime:0.0190s ]
SQL: SELECT * FROM `Shops` WHERE `user_id` = 100022 LIMIT 1   [ RunTime:0.0180s ]
SQL: SHOW COLUMNS FROM `apartment_rooms` [ RunTime:0.0200s ]
SQL: SELECT * FROM `apartment_rooms` WHERE `id` = 105 LIMIT 1   [ RunTime:0.0200s ]
SQL: SHOW COLUMNS FROM `RentalHouses` [ RunTime:0.0190s ]
SQL: SELECT * FROM `RentalHouses` WHERE `id` = 1000000066 LIMIT 1   [ RunTime:0.0180s ]
INFO: [ view_parse ] --START--
INFO: [ template_filter ] --START--
INFO: Run Behavior\ContentReplaceBehavior [ RunTime:0.000000s ]
INFO: [ template_filter ] --END-- [ RunTime:0.001000s ]
NOTIC: [8] Undefined index: id E:\myphp\fkx\Runtime\Cache\Home\1acef8494ed09027ccdf9ff63d5582bd.php 第 104 行.
NOTIC: [8] Undefined index: buy_user_name E:\myphp\fkx\Runtime\Cache\Home\1acef8494ed09027ccdf9ff63d5582bd.php 第 117 行.
NOTIC: [8] Undefined index: buy_user_phone E:\myphp\fkx\Runtime\Cache\Home\1acef8494ed09027ccdf9ff63d5582bd.php 第 123 行.
NOTIC: [8] Undefined index: start_date E:\myphp\fkx\Runtime\Cache\Home\1acef8494ed09027ccdf9ff63d5582bd.php 第 136 行.
NOTIC: [8] Undefined index: end_date E:\myphp\fkx\Runtime\Cache\Home\1acef8494ed09027ccdf9ff63d5582bd.php 第 142 行.
NOTIC: [8] Undefined index: price E:\myphp\fkx\Runtime\Cache\Home\1acef8494ed09027ccdf9ff63d5582bd.php 第 156 行.
NOTIC: [8] Undefined index: foregift E:\myphp\fkx\Runtime\Cache\Home\1acef8494ed09027ccdf9ff63d5582bd.php 第 162 行.
NOTIC: [8] Undefined index: rental_type E:\myphp\fkx\Runtime\Cache\Home\1acef8494ed09027ccdf9ff63d5582bd.php 第 169 行.
NOTIC: [8] Undefined index: rental_type E:\myphp\fkx\Runtime\Cache\Home\1acef8494ed09027ccdf9ff63d5582bd.php 第 169 行.
NOTIC: [8] Undefined index: rental_type E:\myphp\fkx\Runtime\Cache\Home\1acef8494ed09027ccdf9ff63d5582bd.php 第 169 行.
NOTIC: [8] Undefined index: rental_type E:\myphp\fkx\Runtime\Cache\Home\1acef8494ed09027ccdf9ff63d5582bd.php 第 169 行.
NOTIC: [8] Undefined index: rental_type E:\myphp\fkx\Runtime\Cache\Home\1acef8494ed09027ccdf9ff63d5582bd.php 第 169 行.
NOTIC: [8] Undefined index: rental_type E:\myphp\fkx\Runtime\Cache\Home\1acef8494ed09027ccdf9ff63d5582bd.php 第 169 行.
NOTIC: [8] Undefined index: rental_type E:\myphp\fkx\Runtime\Cache\Home\1acef8494ed09027ccdf9ff63d5582bd.php 第 177 行.
NOTIC: [8] Undefined index: rental_type E:\myphp\fkx\Runtime\Cache\Home\1acef8494ed09027ccdf9ff63d5582bd.php 第 185 行.
INFO: Run Behavior\ParseTemplateBehavior [ RunTime:0.015000s ]
INFO: [ view_parse ] --END-- [ RunTime:0.015000s ]
INFO: [ view_filter ] --START--
INFO: Run Behavior\WriteHtmlCacheBehavior [ RunTime:0.000000s ]
INFO: [ view_filter ] --END-- [ RunTime:0.000000s ]
INFO: [ app_end ] --START--
INFO: Run Behavior\ShowPageTraceBehavior [ RunTime:0.001000s ]
INFO: [ app_end ] --END-- [ RunTime:0.001000s ]

[ 2018-08-07T17:27:09+08:00 ] 127.0.0.1 /index.php/Service/tenant_info/house_id/1000000066.html
INFO: [ app_init ] --START--
INFO: Run Behavior\BuildLiteBehavior [ RunTime:0.000000s ]
INFO: [ app_init ] --END-- [ RunTime:0.000000s ]
INFO: [ app_begin ] --START--
INFO: Run Behavior\ReadHtmlCacheBehavior [ RunTime:0.001000s ]
INFO: [ app_begin ] --END-- [ RunTime:0.001000s ]
SQL: SHOW COLUMNS FROM `Shops` [ RunTime:0.0190s ]
SQL: SELECT * FROM `Shops` WHERE `user_id` = 100022 LIMIT 1   [ RunTime:0.0190s ]
SQL: SHOW COLUMNS FROM `RentalHouses` [ RunTime:0.0200s ]
SQL: SELECT * FROM `RentalHouses` WHERE `id` = 1000000066 LIMIT 1   [ RunTime:0.0190s ]
SQL: SHOW COLUMNS FROM `apartment_floor` [ RunTime:0.0190s ]
SQL: SELECT `id`,`floor_name` FROM `apartment_floor` WHERE `house_id` = 1000000066  [ RunTime:0.0190s ]
SQL: SHOW COLUMNS FROM `apartment_rooms` [ RunTime:0.0200s ]
SQL: SELECT * FROM `apartment_rooms` WHERE `house_id` = 1000000066  [ RunTime:0.0210s ]
SQL: SHOW COLUMNS FROM `agreement` [ RunTime:0.0200s ]
SQL: SELECT `id` FROM `agreement` WHERE `house_id` = 1000000066 AND `room_id` = 104 AND `status` = 1 LIMIT 1   [ RunTime:0.0190s ]
SQL: SELECT `id` FROM `agreement` WHERE `house_id` = 1000000066 AND `room_id` = 105 AND `status` = 1 LIMIT 1   [ RunTime:0.0190s ]
SQL: SELECT `id` FROM `agreement` WHERE `house_id` = 1000000066 AND `room_id` = 107 AND `status` = 1 LIMIT 1   [ RunTime:0.0190s ]
SQL: SELECT `id` FROM `agreement` WHERE `house_id` = 1000000066 AND `room_id` = 109 AND `status` = 1 LIMIT 1   [ RunTime:0.0190s ]
INFO: [ view_parse ] --START--
INFO: [ template_filter ] --START--
INFO: Run Behavior\ContentReplaceBehavior [ RunTime:0.000000s ]
INFO: [ template_filter ] --END-- [ RunTime:0.000000s ]
INFO: Run Behavior\ParseTemplateBehavior [ RunTime:0.017000s ]
INFO: [ view_parse ] --END-- [ RunTime:0.017000s ]
INFO: [ view_filter ] --START--
INFO: Run Behavior\WriteHtmlCacheBehavior [ RunTime:0.001000s ]
INFO: [ view_filter ] --END-- [ RunTime:0.001000s ]
INFO: [ app_end ] --START--
INFO: Run Behavior\ShowPageTraceBehavior [ RunTime:0.001000s ]
INFO: [ app_end ] --END-- [ RunTime:0.001000s ]

[ 2018-08-07T17:27:13+08:00 ] 127.0.0.1 /index.php/Service/register_tenant/id/31/room_id/104.html
INFO: [ app_init ] --START--
INFO: Run Behavior\BuildLiteBehavior [ RunTime:0.000000s ]
INFO: [ app_init ] --END-- [ RunTime:0.001000s ]
INFO: [ app_begin ] --START--
INFO: Run Behavior\ReadHtmlCacheBehavior [ RunTime:0.002000s ]
INFO: [ app_begin ] --END-- [ RunTime:0.002000s ]
SQL: SHOW COLUMNS FROM `Shops` [ RunTime:0.0170s ]
SQL: SELECT * FROM `Shops` WHERE `user_id` = 100022 LIMIT 1   [ RunTime:0.0170s ]
SQL: SHOW COLUMNS FROM `agreement` [ RunTime:0.0180s ]
SQL: SELECT * FROM `agreement` WHERE `id` = 31 LIMIT 1   [ RunTime:0.0170s ]
SQL: SHOW COLUMNS FROM `agreement_cost` [ RunTime:0.0170s ]
SQL: SELECT * FROM `agreement_cost` WHERE `a_id` = 31  [ RunTime:0.0170s ]
SQL: SHOW COLUMNS FROM `apartment_rooms` [ RunTime:0.0170s ]
SQL: SELECT * FROM `apartment_rooms` WHERE `id` = 104 LIMIT 1   [ RunTime:0.0170s ]
SQL: SHOW COLUMNS FROM `RentalHouses` [ RunTime:0.0170s ]
SQL: SELECT * FROM `RentalHouses` WHERE `id` = 1000000066 LIMIT 1   [ RunTime:0.0180s ]
INFO: [ view_parse ] --START--
INFO: [ template_filter ] --START--
INFO: Run Behavior\ContentReplaceBehavior [ RunTime:0.000000s ]
INFO: [ template_filter ] --END-- [ RunTime:0.000000s ]
INFO: Run Behavior\ParseTemplateBehavior [ RunTime:0.014000s ]
INFO: [ view_parse ] --END-- [ RunTime:0.015000s ]
INFO: [ view_filter ] --START--
INFO: Run Behavior\WriteHtmlCacheBehavior [ RunTime:0.001000s ]
INFO: [ view_filter ] --END-- [ RunTime:0.002000s ]
INFO: [ app_end ] --START--
INFO: Run Behavior\ShowPageTraceBehavior [ RunTime:0.002000s ]
INFO: [ app_end ] --END-- [ RunTime:0.002000s ]

[ 2018-08-07T17:27:15+08:00 ] 127.0.0.1 /index.php/Service/bills_info/room_id/104.html
INFO: [ app_init ] --START--
INFO: Run Behavior\BuildLiteBehavior [ RunTime:0.000000s ]
INFO: [ app_init ] --END-- [ RunTime:0.001000s ]
INFO: [ app_begin ] --START--
INFO: Run Behavior\ReadHtmlCacheBehavior [ RunTime:0.001000s ]
INFO: [ app_begin ] --END-- [ RunTime:0.001000s ]
SQL: SHOW COLUMNS FROM `Shops` [ RunTime:0.0190s ]
SQL: SELECT * FROM `Shops` WHERE `user_id` = 100022 LIMIT 1   [ RunTime:0.0190s ]
SQL: SHOW COLUMNS FROM `apartment_rooms` [ RunTime:0.0190s ]
SQL: SELECT * FROM `apartment_rooms` WHERE `id` = 104 LIMIT 1   [ RunTime:0.0190s ]
SQL: SHOW COLUMNS FROM `RentalHouses` [ RunTime:0.0200s ]
SQL: SELECT * FROM `RentalHouses` WHERE `id` = 1000000066 LIMIT 1   [ RunTime:0.0190s ]
SQL: SHOW COLUMNS FROM `agreement` [ RunTime:0.0200s ]
SQL: SELECT * FROM `agreement` WHERE `sell_user_id` = 100022 AND `room_id` = 104 AND `status` = 1 LIMIT 1   [ RunTime:0.0200s ]
SQL: SHOW COLUMNS FROM `agreement_cost` [ RunTime:0.0230s ]
SQL: SELECT * FROM `agreement_cost` WHERE `a_id` = 31  [ RunTime:0.0210s ]
SQL: SHOW COLUMNS FROM `bills` [ RunTime:0.0190s ]
SQL: SELECT * FROM `bills` WHERE `room_id` = 104 AND `start_date` = '2018-08-31' AND `end_date` = '2018-09-30' LIMIT 1   [ RunTime:0.0190s ]
SQL: SHOW COLUMNS FROM `bills_detail` [ RunTime:0.0190s ]
SQL: SELECT * FROM `bills_detail` WHERE `b_id` = 5  [ RunTime:0.0200s ]
INFO: [ view_parse ] --START--
INFO: [ template_filter ] --START--
INFO: Run Behavior\ContentReplaceBehavior [ RunTime:0.000000s ]
INFO: [ template_filter ] --END-- [ RunTime:0.000000s ]
NOTIC: [8] Undefined index: pay_status E:\myphp\fkx\Runtime\Cache\Home\ff8acb40b44465ce158708c04745adbf.php 第 163 行.
INFO: Run Behavior\ParseTemplateBehavior [ RunTime:0.013000s ]
INFO: [ view_parse ] --END-- [ RunTime:0.013000s ]
INFO: [ view_filter ] --START--
INFO: Run Behavior\WriteHtmlCacheBehavior [ RunTime:0.004000s ]
INFO: [ view_filter ] --END-- [ RunTime:0.004000s ]
INFO: [ app_end ] --START--
INFO: Run Behavior\ShowPageTraceBehavior [ RunTime:0.001000s ]
INFO: [ app_end ] --END-- [ RunTime:0.001000s ]

