[ 2018-08-06T11:15:47+08:00 ] 127.0.0.1 /index.php/Center/index.html
INFO: [ app_init ] --START--
INFO: Run Behavior\BuildLiteBehavior [ RunTime:0.000000s ]
INFO: [ app_init ] --END-- [ RunTime:0.003000s ]
INFO: [ app_begin ] --START--
INFO: Run Behavior\ReadHtmlCacheBehavior [ RunTime:0.002000s ]
INFO: [ app_begin ] --END-- [ RunTime:0.002000s ]
SQL: SHOW COLUMNS FROM `users` [ RunTime:0.0180s ]
SQL: SELECT * FROM `users` WHERE `id` = 100022 LIMIT 1   [ RunTime:0.0170s ]
SQL: SHOW COLUMNS FROM `Shops` [ RunTime:0.0180s ]
SQL: SELECT * FROM `Shops` WHERE `user_id` = 100022 LIMIT 1   [ RunTime:0.0170s ]
INFO: [ view_parse ] --START--
INFO: [ template_filter ] --START--
INFO: Run Behavior\ContentReplaceBehavior [ RunTime:0.003000s ]
INFO: [ template_filter ] --END-- [ RunTime:0.003000s ]
NOTIC: [8] Undefined variable: isLogin E:\myphp\fkx\Runtime\Cache\Home\2d360899476391df7722df53bc49d31d.php 第 295 行.
INFO: Run Behavior\ParseTemplateBehavior [ RunTime:0.038000s ]
INFO: [ view_parse ] --END-- [ RunTime:0.038000s ]
INFO: [ view_filter ] --START--
INFO: Run Behavior\WriteHtmlCacheBehavior [ RunTime:0.001000s ]
INFO: [ view_filter ] --END-- [ RunTime:0.001000s ]
INFO: [ app_end ] --START--
INFO: Run Behavior\ShowPageTraceBehavior [ RunTime:0.003000s ]
INFO: [ app_end ] --END-- [ RunTime:0.003000s ]

[ 2018-08-06T11:15:50+08:00 ] 127.0.0.1 /index.php/Service/index.html
INFO: [ app_init ] --START--
INFO: Run Behavior\BuildLiteBehavior [ RunTime:0.000000s ]
INFO: [ app_init ] --END-- [ RunTime:0.000000s ]
INFO: [ app_begin ] --START--
INFO: Run Behavior\ReadHtmlCacheBehavior [ RunTime:0.002000s ]
INFO: [ app_begin ] --END-- [ RunTime:0.002000s ]
SQL: SHOW COLUMNS FROM `Shops` [ RunTime:0.0220s ]
SQL: SELECT * FROM `Shops` WHERE `user_id` = 100022 LIMIT 1   [ RunTime:0.0200s ]
INFO: [ view_parse ] --START--
INFO: [ template_filter ] --START--
INFO: Run Behavior\ContentReplaceBehavior [ RunTime:0.000000s ]
INFO: [ template_filter ] --END-- [ RunTime:0.000000s ]
INFO: Run Behavior\ParseTemplateBehavior [ RunTime:0.011000s ]
INFO: [ view_parse ] --END-- [ RunTime:0.011000s ]
INFO: [ view_filter ] --START--
INFO: Run Behavior\WriteHtmlCacheBehavior [ RunTime:0.000000s ]
INFO: [ view_filter ] --END-- [ RunTime:0.000000s ]
INFO: [ app_end ] --START--
INFO: Run Behavior\ShowPageTraceBehavior [ RunTime:0.003000s ]
INFO: [ app_end ] --END-- [ RunTime:0.003000s ]

[ 2018-08-06T11:15:51+08:00 ] 127.0.0.1 /index.php/Im/getLoginInfo.html
INFO: [ app_init ] --START--
INFO: Run Behavior\BuildLiteBehavior [ RunTime:0.000000s ]
INFO: [ app_init ] --END-- [ RunTime:0.001000s ]
INFO: [ app_begin ] --START--
INFO: Run Behavior\ReadHtmlCacheBehavior [ RunTime:0.004000s ]
INFO: [ app_begin ] --END-- [ RunTime:0.004000s ]
NOTIC: [2] Missing argument 1 for Library\TencentIMSdk\IMSdk::createAndInitRestAPI(), called in E:\myphp\fkx\Application\Home\Controller\ImController.class.php on line 200 and defined E:\myphp\fkx\Library\TencentIMSdk\IMSdk.class.php 第 32 行.
NOTIC: [8] Undefined variable: identifier E:\myphp\fkx\Library\TencentIMSdk\IMSdk.class.php 第 35 行.

[ 2018-08-06T11:16:06+08:00 ] 127.0.0.1 /index.php/Service/load_tongchou
INFO: [ app_init ] --START--
INFO: Run Behavior\BuildLiteBehavior [ RunTime:0.000000s ]
INFO: [ app_init ] --END-- [ RunTime:0.001000s ]
INFO: [ app_begin ] --START--
INFO: Run Behavior\ReadHtmlCacheBehavior [ RunTime:0.001000s ]
INFO: [ app_begin ] --END-- [ RunTime:0.001000s ]
SQL: SHOW COLUMNS FROM `Shops` [ RunTime:0.0170s ]
SQL: SELECT * FROM `Shops` WHERE `user_id` = 100022 LIMIT 1   [ RunTime:0.0180s ]
SQL: SHOW COLUMNS FROM `bills` [ RunTime:0.0170s ]
SQL: SELECT SUM(total_price) AS tp_sum FROM `bills` WHERE `sell_user_id` = 100022 AND `pay_date` BETWEEN '2018-08-01' AND '2018-08-31' AND (  (is_pay = 1)  OR ( pay_state = 1)  ) LIMIT 1   [ RunTime:0.0170s ]
SQL: SELECT SUM(total_price) AS tp_sum FROM `bills` WHERE `sell_user_id` = 100022 AND `start_date` BETWEEN '2018-08-01' AND '2018-08-31' AND `is_pay` = 0 AND `pay_state` = 0 LIMIT 1   [ RunTime:0.0170s ]
SQL: SELECT SUM(total_price) AS tp_sum FROM `bills` WHERE `sell_user_id` = 100022 AND `pay_date` BETWEEN '2018-07-01' AND '2018-07-31' AND (  (is_pay = 1)  OR ( pay_state = 1)  ) LIMIT 1   [ RunTime:0.0160s ]
SQL: SHOW COLUMNS FROM `agreement` [ RunTime:0.0170s ]
SQL: SELECT COUNT(*) AS tp_count FROM `agreement` WHERE `sell_user_id` = 100022 AND `end_date` BETWEEN '2018-08-06' AND '2018-09-05' LIMIT 1   [ RunTime:0.0160s ]
ERR: 1146:Table 'fkx_dev.rental_houses' doesn't exist
 [ SQL语句 ] : SHOW COLUMNS FROM `rental_houses`
ERR: 1146:Table 'fkx_dev.rental_houses' doesn't exist
 [ SQL语句 ] : SHOW COLUMNS FROM `rental_houses`

[ 2018-08-06T11:16:24+08:00 ] 127.0.0.1 /index.php/Service/load_tongchou
INFO: [ app_init ] --START--
INFO: Run Behavior\BuildLiteBehavior [ RunTime:0.000000s ]
INFO: [ app_init ] --END-- [ RunTime:0.001000s ]
INFO: [ app_begin ] --START--
INFO: Run Behavior\ReadHtmlCacheBehavior [ RunTime:0.001000s ]
INFO: [ app_begin ] --END-- [ RunTime:0.001000s ]
SQL: SHOW COLUMNS FROM `Shops` [ RunTime:0.0200s ]
SQL: SELECT * FROM `Shops` WHERE `user_id` = 100022 LIMIT 1   [ RunTime:0.0190s ]
SQL: SHOW COLUMNS FROM `bills` [ RunTime:0.0200s ]
SQL: SELECT SUM(total_price) AS tp_sum FROM `bills` WHERE `sell_user_id` = 100022 AND `pay_date` BETWEEN '2018-08-01' AND '2018-08-31' AND (  (is_pay = 1)  OR ( pay_state = 1)  ) LIMIT 1   [ RunTime:0.0200s ]
SQL: SELECT SUM(total_price) AS tp_sum FROM `bills` WHERE `sell_user_id` = 100022 AND `start_date` BETWEEN '2018-08-01' AND '2018-08-31' AND `is_pay` = 0 AND `pay_state` = 0 LIMIT 1   [ RunTime:0.0190s ]
SQL: SELECT SUM(total_price) AS tp_sum FROM `bills` WHERE `sell_user_id` = 100022 AND `pay_date` BETWEEN '2018-07-01' AND '2018-07-31' AND (  (is_pay = 1)  OR ( pay_state = 1)  ) LIMIT 1   [ RunTime:0.0200s ]
SQL: SHOW COLUMNS FROM `agreement` [ RunTime:0.0200s ]
SQL: SELECT COUNT(*) AS tp_count FROM `agreement` WHERE `sell_user_id` = 100022 AND `end_date` BETWEEN '2018-08-06' AND '2018-09-05' LIMIT 1   [ RunTime:0.0200s ]
SQL: SHOW COLUMNS FROM `RentalHouses` [ RunTime:0.0200s ]
SQL: SELECT * FROM `RentalHouses` WHERE `source` = 9 AND `userId` = 100022  [ RunTime:0.0210s ]

