[ 2018-07-31T11:03:04+08:00 ] 127.0.0.1 /index.php/Service/bills_info.html
INFO: [ app_init ] --START--
INFO: Run Behavior\BuildLiteBehavior [ RunTime:0.000000s ]
INFO: [ app_init ] --END-- [ RunTime:0.004000s ]
INFO: [ app_begin ] --START--
INFO: Run Behavior\ReadHtmlCacheBehavior [ RunTime:0.003000s ]
INFO: [ app_begin ] --END-- [ RunTime:0.003000s ]
SQL: SHOW COLUMNS FROM `Shops` [ RunTime:0.0190s ]
SQL: SELECT * FROM `Shops` WHERE `user_id` = 100022 LIMIT 1   [ RunTime:0.0180s ]
SQL: SHOW COLUMNS FROM `apartment_rooms` [ RunTime:0.0180s ]
SQL: SELECT * FROM `apartment_rooms` WHERE `id` = 6 LIMIT 1   [ RunTime:0.0190s ]
SQL: SHOW COLUMNS FROM `agreement` [ RunTime:0.0180s ]
SQL: SELECT * FROM `agreement` WHERE `sell_user_id` = 100022 AND `room_id` = 6 AND `status` = 1 LIMIT 1   [ RunTime:0.0180s ]
SQL: SHOW COLUMNS FROM `agreement_cost` [ RunTime:0.0180s ]
SQL: SELECT * FROM `agreement_cost` WHERE `a_id` = 1  [ RunTime:0.0170s ]
NOTIC: [8] Undefined index: rood_id E:\myphp\fkx\Application\Home\Controller\ServiceController.class.php 第 744 行.
SQL: SHOW COLUMNS FROM `bills` [ RunTime:0.0180s ]
SQL: SELECT * FROM `bills` WHERE `start_date` = '2018-07-22' AND `end_date` = '2018-08-21' LIMIT 1   [ RunTime:0.0190s ]
SQL: SHOW COLUMNS FROM `bills_detail` [ RunTime:0.0180s ]
SQL: SELECT * FROM `bills_detail` WHERE `b_id` = 8  [ RunTime:0.0180s ]
INFO: [ view_parse ] --START--
INFO: [ template_filter ] --START--
INFO: Run Behavior\ContentReplaceBehavior [ RunTime:0.000000s ]
INFO: [ template_filter ] --END-- [ RunTime:0.001000s ]
NOTIC: [8] Undefined variable: agreement_info E:\myphp\fkx\Runtime\Cache\Home\ff8acb40b44465ce158708c04745adbf.php 第 132 行.
NOTIC: [8] Undefined variable: room_info E:\myphp\fkx\Runtime\Cache\Home\ff8acb40b44465ce158708c04745adbf.php 第 133 行.
NOTIC: [8] Undefined variable: house_info E:\myphp\fkx\Runtime\Cache\Home\ff8acb40b44465ce158708c04745adbf.php 第 137 行.
NOTIC: [8] Undefined variable: room_info E:\myphp\fkx\Runtime\Cache\Home\ff8acb40b44465ce158708c04745adbf.php 第 137 行.
NOTIC: [8] Undefined variable: house_info E:\myphp\fkx\Runtime\Cache\Home\ff8acb40b44465ce158708c04745adbf.php 第 138 行.
NOTIC: [8] Undefined variable: agreement_info E:\myphp\fkx\Runtime\Cache\Home\ff8acb40b44465ce158708c04745adbf.php 第 144 行.
NOTIC: [8] Undefined variable: agreement_info E:\myphp\fkx\Runtime\Cache\Home\ff8acb40b44465ce158708c04745adbf.php 第 145 行.
NOTIC: [8] Undefined variable: agreement_info E:\myphp\fkx\Runtime\Cache\Home\ff8acb40b44465ce158708c04745adbf.php 第 149 行.
NOTIC: [8] Undefined variable: agreement_info E:\myphp\fkx\Runtime\Cache\Home\ff8acb40b44465ce158708c04745adbf.php 第 150 行.
NOTIC: [8] Undefined index: cost_name E:\myphp\fkx\Runtime\Cache\Home\ff8acb40b44465ce158708c04745adbf.php 第 172 行.
NOTIC: [8] Undefined index: cost_name E:\myphp\fkx\Runtime\Cache\Home\ff8acb40b44465ce158708c04745adbf.php 第 172 行.
NOTIC: [8] Undefined variable: room_info E:\myphp\fkx\Runtime\Cache\Home\ff8acb40b44465ce158708c04745adbf.php 第 225 行.
INFO: Run Behavior\ParseTemplateBehavior [ RunTime:0.022000s ]
INFO: [ view_parse ] --END-- [ RunTime:0.022000s ]
INFO: [ view_filter ] --START--
INFO: Run Behavior\WriteHtmlCacheBehavior [ RunTime:0.001000s ]
INFO: [ view_filter ] --END-- [ RunTime:0.001000s ]
INFO: [ app_end ] --START--
INFO: Run Behavior\ShowPageTraceBehavior [ RunTime:0.008000s ]
INFO: [ app_end ] --END-- [ RunTime:0.008000s ]

[ 2018-07-31T11:04:07+08:00 ] 127.0.0.1 /index.php/Service/bills_info.html
INFO: [ app_init ] --START--
INFO: Run Behavior\BuildLiteBehavior [ RunTime:0.000000s ]
INFO: [ app_init ] --END-- [ RunTime:0.001000s ]
INFO: [ app_begin ] --START--
INFO: Run Behavior\ReadHtmlCacheBehavior [ RunTime:0.000000s ]
INFO: [ app_begin ] --END-- [ RunTime:0.001000s ]
SQL: SHOW COLUMNS FROM `Shops` [ RunTime:0.0200s ]
SQL: SELECT * FROM `Shops` WHERE `user_id` = 100022 LIMIT 1   [ RunTime:0.0200s ]
SQL: SHOW COLUMNS FROM `apartment_rooms` [ RunTime:0.1580s ]
SQL: SELECT * FROM `apartment_rooms` WHERE `id` = 6 LIMIT 1   [ RunTime:0.2000s ]
SQL: SHOW COLUMNS FROM `agreement` [ RunTime:0.0190s ]
SQL: SELECT * FROM `agreement` WHERE `sell_user_id` = 100022 AND `room_id` = 6 AND `status` = 1 LIMIT 1   [ RunTime:0.0210s ]
SQL: SHOW COLUMNS FROM `agreement_cost` [ RunTime:0.3780s ]
SQL: SELECT * FROM `agreement_cost` WHERE `a_id` = 1  [ RunTime:0.0190s ]
NOTIC: [8] Undefined index: rood_id E:\myphp\fkx\Application\Home\Controller\ServiceController.class.php 第 831 行.
SQL: SHOW COLUMNS FROM `bills` [ RunTime:0.0200s ]
SQL: SELECT * FROM `bills` WHERE `start_date` = '2018-07-22' AND `end_date` = '2018-08-21' LIMIT 1   [ RunTime:0.1690s ]
SQL: SHOW COLUMNS FROM `bills_detail` [ RunTime:0.0220s ]
SQL: SELECT * FROM `bills_detail` WHERE `b_id` = 8  [ RunTime:0.0220s ]
INFO: [ view_parse ] --START--
INFO: [ template_filter ] --START--
INFO: Run Behavior\ContentReplaceBehavior [ RunTime:0.000000s ]
INFO: [ template_filter ] --END-- [ RunTime:0.000000s ]
NOTIC: [8] Undefined variable: room_info E:\myphp\fkx\Runtime\Cache\Home\ff8acb40b44465ce158708c04745adbf.php 第 134 行.
NOTIC: [8] Undefined variable: house_info E:\myphp\fkx\Runtime\Cache\Home\ff8acb40b44465ce158708c04745adbf.php 第 138 行.
NOTIC: [8] Undefined variable: room_info E:\myphp\fkx\Runtime\Cache\Home\ff8acb40b44465ce158708c04745adbf.php 第 138 行.
NOTIC: [8] Undefined variable: house_info E:\myphp\fkx\Runtime\Cache\Home\ff8acb40b44465ce158708c04745adbf.php 第 139 行.
NOTIC: [8] Undefined index: cost_name E:\myphp\fkx\Runtime\Cache\Home\ff8acb40b44465ce158708c04745adbf.php 第 173 行.
NOTIC: [8] Undefined index: cost_name E:\myphp\fkx\Runtime\Cache\Home\ff8acb40b44465ce158708c04745adbf.php 第 173 行.
NOTIC: [8] Undefined variable: room_info E:\myphp\fkx\Runtime\Cache\Home\ff8acb40b44465ce158708c04745adbf.php 第 226 行.
INFO: Run Behavior\ParseTemplateBehavior [ RunTime:0.012000s ]
INFO: [ view_parse ] --END-- [ RunTime:0.012000s ]
INFO: [ view_filter ] --START--
INFO: Run Behavior\WriteHtmlCacheBehavior [ RunTime:0.000000s ]
INFO: [ view_filter ] --END-- [ RunTime:0.000000s ]
INFO: [ app_end ] --START--
INFO: Run Behavior\ShowPageTraceBehavior [ RunTime:0.003000s ]
INFO: [ app_end ] --END-- [ RunTime:0.003000s ]

[ 2018-07-31T11:04:48+08:00 ] 127.0.0.1 /index.php/Service/bills_info.html
INFO: [ app_init ] --START--
INFO: Run Behavior\BuildLiteBehavior [ RunTime:0.000000s ]
INFO: [ app_init ] --END-- [ RunTime:0.001000s ]
INFO: [ app_begin ] --START--
INFO: Run Behavior\ReadHtmlCacheBehavior [ RunTime:0.001000s ]
INFO: [ app_begin ] --END-- [ RunTime:0.001000s ]
SQL: SHOW COLUMNS FROM `Shops` [ RunTime:0.0200s ]
SQL: SELECT * FROM `Shops` WHERE `user_id` = 100022 LIMIT 1   [ RunTime:0.0210s ]
SQL: SHOW COLUMNS FROM `apartment_rooms` [ RunTime:0.0210s ]
SQL: SELECT * FROM `apartment_rooms` WHERE `id` = 6 LIMIT 1   [ RunTime:0.0210s ]
SQL: SHOW COLUMNS FROM `agreement` [ RunTime:0.0210s ]
SQL: SELECT * FROM `agreement` WHERE `sell_user_id` = 100022 AND `room_id` = 6 AND `status` = 1 LIMIT 1   [ RunTime:0.0200s ]
SQL: SHOW COLUMNS FROM `agreement_cost` [ RunTime:0.0200s ]
SQL: SELECT * FROM `agreement_cost` WHERE `a_id` = 1  [ RunTime:0.0200s ]
NOTIC: [8] Undefined index: rood_id E:\myphp\fkx\Application\Home\Controller\ServiceController.class.php 第 831 行.
SQL: SHOW COLUMNS FROM `bills` [ RunTime:0.0220s ]
SQL: SELECT * FROM `bills` WHERE `start_date` = '2018-07-22' AND `end_date` = '2018-08-21' LIMIT 1   [ RunTime:0.0210s ]
SQL: SHOW COLUMNS FROM `bills_detail` [ RunTime:0.0210s ]
SQL: SELECT * FROM `bills_detail` WHERE `b_id` = 8  [ RunTime:0.0210s ]
INFO: [ view_parse ] --START--
INFO: [ template_filter ] --START--
INFO: Run Behavior\ContentReplaceBehavior [ RunTime:0.001000s ]
INFO: [ template_filter ] --END-- [ RunTime:0.001000s ]
NOTIC: [8] Undefined variable: room_info E:\myphp\fkx\Runtime\Cache\Home\ff8acb40b44465ce158708c04745adbf.php 第 134 行.
NOTIC: [8] Undefined variable: house_info E:\myphp\fkx\Runtime\Cache\Home\ff8acb40b44465ce158708c04745adbf.php 第 138 行.
NOTIC: [8] Undefined variable: room_info E:\myphp\fkx\Runtime\Cache\Home\ff8acb40b44465ce158708c04745adbf.php 第 138 行.
NOTIC: [8] Undefined variable: house_info E:\myphp\fkx\Runtime\Cache\Home\ff8acb40b44465ce158708c04745adbf.php 第 139 行.
NOTIC: [8] Undefined index: cost_name E:\myphp\fkx\Runtime\Cache\Home\ff8acb40b44465ce158708c04745adbf.php 第 173 行.
NOTIC: [8] Undefined index: cost_name E:\myphp\fkx\Runtime\Cache\Home\ff8acb40b44465ce158708c04745adbf.php 第 173 行.
NOTIC: [8] Undefined variable: room_info E:\myphp\fkx\Runtime\Cache\Home\ff8acb40b44465ce158708c04745adbf.php 第 226 行.
INFO: Run Behavior\ParseTemplateBehavior [ RunTime:0.014000s ]
INFO: [ view_parse ] --END-- [ RunTime:0.014000s ]
INFO: [ view_filter ] --START--
INFO: Run Behavior\WriteHtmlCacheBehavior [ RunTime:0.001000s ]
INFO: [ view_filter ] --END-- [ RunTime:0.001000s ]
INFO: [ app_end ] --START--
INFO: Run Behavior\ShowPageTraceBehavior [ RunTime:0.005000s ]
INFO: [ app_end ] --END-- [ RunTime:0.005000s ]

[ 2018-07-31T13:39:09+08:00 ] 127.0.0.1 /index.php/Service/bills_info.html
INFO: [ app_init ] --START--
INFO: Run Behavior\BuildLiteBehavior [ RunTime:0.000000s ]
INFO: [ app_init ] --END-- [ RunTime:0.001000s ]
INFO: [ app_begin ] --START--
INFO: Run Behavior\ReadHtmlCacheBehavior [ RunTime:0.001000s ]
INFO: [ app_begin ] --END-- [ RunTime:0.001000s ]
SQL: SHOW COLUMNS FROM `Shops` [ RunTime:0.0190s ]
SQL: SELECT * FROM `Shops` WHERE `user_id` = 100022 LIMIT 1   [ RunTime:0.0200s ]
SQL: SHOW COLUMNS FROM `apartment_rooms` [ RunTime:0.0200s ]
SQL: SELECT * FROM `apartment_rooms` WHERE `id` = 6 LIMIT 1   [ RunTime:0.0200s ]
SQL: SHOW COLUMNS FROM `agreement` [ RunTime:0.0190s ]
SQL: SELECT * FROM `agreement` WHERE `sell_user_id` = 100022 AND `room_id` = 6 AND `status` = 1 LIMIT 1   [ RunTime:0.0200s ]
SQL: SHOW COLUMNS FROM `agreement_cost` [ RunTime:0.0190s ]
SQL: SELECT * FROM `agreement_cost` WHERE `a_id` = 1  [ RunTime:0.0190s ]
NOTIC: [8] Undefined index: rood_id E:\myphp\fkx\Application\Home\Controller\ServiceController.class.php 第 831 行.
SQL: SHOW COLUMNS FROM `bills` [ RunTime:0.0200s ]
SQL: SELECT * FROM `bills` WHERE `start_date` = '2018-07-22' AND `end_date` = '2018-08-21' LIMIT 1   [ RunTime:0.0190s ]
SQL: SHOW COLUMNS FROM `bills_detail` [ RunTime:0.0200s ]
SQL: SELECT * FROM `bills_detail` WHERE `b_id` = 8  [ RunTime:0.0280s ]
INFO: [ view_parse ] --START--
INFO: [ template_filter ] --START--
INFO: Run Behavior\ContentReplaceBehavior [ RunTime:0.001000s ]
INFO: [ template_filter ] --END-- [ RunTime:0.001000s ]
NOTIC: [8] Undefined variable: room_info E:\myphp\fkx\Runtime\Cache\Home\ff8acb40b44465ce158708c04745adbf.php 第 134 行.
NOTIC: [8] Undefined variable: house_info E:\myphp\fkx\Runtime\Cache\Home\ff8acb40b44465ce158708c04745adbf.php 第 138 行.
NOTIC: [8] Undefined variable: room_info E:\myphp\fkx\Runtime\Cache\Home\ff8acb40b44465ce158708c04745adbf.php 第 138 行.
NOTIC: [8] Undefined variable: house_info E:\myphp\fkx\Runtime\Cache\Home\ff8acb40b44465ce158708c04745adbf.php 第 139 行.
NOTIC: [8] Undefined index: cost_name E:\myphp\fkx\Runtime\Cache\Home\ff8acb40b44465ce158708c04745adbf.php 第 173 行.
NOTIC: [8] Undefined index: cost_name E:\myphp\fkx\Runtime\Cache\Home\ff8acb40b44465ce158708c04745adbf.php 第 173 行.
NOTIC: [8] Undefined variable: room_info E:\myphp\fkx\Runtime\Cache\Home\ff8acb40b44465ce158708c04745adbf.php 第 226 行.
INFO: Run Behavior\ParseTemplateBehavior [ RunTime:0.017000s ]
INFO: [ view_parse ] --END-- [ RunTime:0.017000s ]
INFO: [ view_filter ] --START--
INFO: Run Behavior\WriteHtmlCacheBehavior [ RunTime:0.001000s ]
INFO: [ view_filter ] --END-- [ RunTime:0.001000s ]
INFO: [ app_end ] --START--
INFO: Run Behavior\ShowPageTraceBehavior [ RunTime:0.004000s ]
INFO: [ app_end ] --END-- [ RunTime:0.004000s ]

[ 2018-07-31T13:39:42+08:00 ] 127.0.0.1 /index.php/Service/register_tenant/id/1/room_id/6.html
INFO: [ app_init ] --START--
INFO: Run Behavior\BuildLiteBehavior [ RunTime:0.000000s ]
INFO: [ app_init ] --END-- [ RunTime:0.001000s ]
INFO: [ app_begin ] --START--
INFO: Run Behavior\ReadHtmlCacheBehavior [ RunTime:0.001000s ]
INFO: [ app_begin ] --END-- [ RunTime:0.001000s ]
SQL: SHOW COLUMNS FROM `Shops` [ RunTime:0.0200s ]
SQL: SELECT * FROM `Shops` WHERE `user_id` = 100022 LIMIT 1   [ RunTime:0.0200s ]
SQL: SHOW COLUMNS FROM `agreement` [ RunTime:0.0210s ]
SQL: SELECT * FROM `agreement` WHERE `id` = 1 LIMIT 1   [ RunTime:0.0190s ]
SQL: SHOW COLUMNS FROM `agreement_cost` [ RunTime:0.0200s ]
SQL: SELECT * FROM `agreement_cost` WHERE `a_id` = 1  [ RunTime:0.0200s ]
SQL: SHOW COLUMNS FROM `apartment_rooms` [ RunTime:0.0200s ]
SQL: SELECT * FROM `apartment_rooms` WHERE `id` = 6 LIMIT 1   [ RunTime:0.0200s ]
SQL: SHOW COLUMNS FROM `RentalHouses` [ RunTime:0.0210s ]
SQL: SELECT * FROM `RentalHouses` WHERE `id` = 1000000022 LIMIT 1   [ RunTime:0.0190s ]
INFO: [ view_parse ] --START--
INFO: [ template_filter ] --START--
INFO: Run Behavior\ContentReplaceBehavior [ RunTime:0.000000s ]
INFO: [ template_filter ] --END-- [ RunTime:0.001000s ]
INFO: Run Behavior\ParseTemplateBehavior [ RunTime:0.022000s ]
INFO: [ view_parse ] --END-- [ RunTime:0.022000s ]
INFO: [ view_filter ] --START--
INFO: Run Behavior\WriteHtmlCacheBehavior [ RunTime:0.001000s ]
INFO: [ view_filter ] --END-- [ RunTime:0.001000s ]
INFO: [ app_end ] --START--
INFO: Run Behavior\ShowPageTraceBehavior [ RunTime:0.002000s ]
INFO: [ app_end ] --END-- [ RunTime:0.002000s ]

[ 2018-07-31T13:40:01+08:00 ] 127.0.0.1 /index.php/Service/bills_info/room_id/6.html
INFO: [ app_init ] --START--
INFO: Run Behavior\BuildLiteBehavior [ RunTime:0.000000s ]
INFO: [ app_init ] --END-- [ RunTime:0.001000s ]
INFO: [ app_begin ] --START--
INFO: Run Behavior\ReadHtmlCacheBehavior [ RunTime:0.000000s ]
INFO: [ app_begin ] --END-- [ RunTime:0.001000s ]
SQL: SHOW COLUMNS FROM `Shops` [ RunTime:0.0190s ]
SQL: SELECT * FROM `Shops` WHERE `user_id` = 100022 LIMIT 1   [ RunTime:0.0190s ]
SQL: SHOW COLUMNS FROM `apartment_rooms` [ RunTime:0.0200s ]
SQL: SELECT * FROM `apartment_rooms` WHERE `id` = 6 LIMIT 1   [ RunTime:0.0190s ]
SQL: SHOW COLUMNS FROM `agreement` [ RunTime:0.0190s ]
SQL: SELECT * FROM `agreement` WHERE `sell_user_id` = 100022 AND `room_id` = 6 AND `status` = 1 LIMIT 1   [ RunTime:0.0200s ]
SQL: SHOW COLUMNS FROM `agreement_cost` [ RunTime:0.0230s ]
SQL: SELECT * FROM `agreement_cost` WHERE `a_id` = 1  [ RunTime:0.0200s ]
NOTIC: [8] Undefined index: rood_id E:\myphp\fkx\Application\Home\Controller\ServiceController.class.php 第 831 行.
SQL: SHOW COLUMNS FROM `bills` [ RunTime:0.0190s ]
SQL: SELECT * FROM `bills` WHERE `start_date` = '2018-07-22' AND `end_date` = '2018-08-21' LIMIT 1   [ RunTime:0.0200s ]
SQL: SHOW COLUMNS FROM `bills_detail` [ RunTime:0.0190s ]
SQL: SELECT * FROM `bills_detail` WHERE `b_id` = 8  [ RunTime:0.0200s ]
INFO: [ view_parse ] --START--
INFO: [ template_filter ] --START--
INFO: Run Behavior\ContentReplaceBehavior [ RunTime:0.000000s ]
INFO: [ template_filter ] --END-- [ RunTime:0.000000s ]
NOTIC: [8] Undefined variable: room_info E:\myphp\fkx\Runtime\Cache\Home\ff8acb40b44465ce158708c04745adbf.php 第 134 行.
NOTIC: [8] Undefined variable: house_info E:\myphp\fkx\Runtime\Cache\Home\ff8acb40b44465ce158708c04745adbf.php 第 138 行.
NOTIC: [8] Undefined variable: room_info E:\myphp\fkx\Runtime\Cache\Home\ff8acb40b44465ce158708c04745adbf.php 第 138 行.
NOTIC: [8] Undefined variable: house_info E:\myphp\fkx\Runtime\Cache\Home\ff8acb40b44465ce158708c04745adbf.php 第 139 行.
NOTIC: [8] Undefined index: cost_name E:\myphp\fkx\Runtime\Cache\Home\ff8acb40b44465ce158708c04745adbf.php 第 173 行.
NOTIC: [8] Undefined index: cost_name E:\myphp\fkx\Runtime\Cache\Home\ff8acb40b44465ce158708c04745adbf.php 第 173 行.
NOTIC: [8] Undefined variable: room_info E:\myphp\fkx\Runtime\Cache\Home\ff8acb40b44465ce158708c04745adbf.php 第 226 行.
INFO: Run Behavior\ParseTemplateBehavior [ RunTime:0.013000s ]
INFO: [ view_parse ] --END-- [ RunTime:0.013000s ]
INFO: [ view_filter ] --START--
INFO: Run Behavior\WriteHtmlCacheBehavior [ RunTime:0.001000s ]
INFO: [ view_filter ] --END-- [ RunTime:0.001000s ]
INFO: [ app_end ] --START--
INFO: Run Behavior\ShowPageTraceBehavior [ RunTime:0.001000s ]
INFO: [ app_end ] --END-- [ RunTime:0.001000s ]

[ 2018-07-31T13:40:17+08:00 ] 127.0.0.1 /index.php/Service/push_bills.html
INFO: [ app_init ] --START--
INFO: Run Behavior\BuildLiteBehavior [ RunTime:0.001000s ]
INFO: [ app_init ] --END-- [ RunTime:0.001000s ]
INFO: [ app_begin ] --START--
INFO: Run Behavior\ReadHtmlCacheBehavior [ RunTime:0.001000s ]
INFO: [ app_begin ] --END-- [ RunTime:0.001000s ]
SQL: SHOW COLUMNS FROM `Shops` [ RunTime:0.0180s ]
SQL: SELECT * FROM `Shops` WHERE `user_id` = 100022 LIMIT 1   [ RunTime:0.0170s ]
SQL: SHOW COLUMNS FROM `bills` [ RunTime:0.0180s ]
SQL: SELECT * FROM `bills` WHERE `id` = 8 LIMIT 1   [ RunTime:0.0180s ]
SQL: SHOW COLUMNS FROM `agreement` [ RunTime:0.0180s ]
SQL: SELECT * FROM `agreement` WHERE `id` = 1 LIMIT 1   [ RunTime:0.0180s ]
SQL: SHOW COLUMNS FROM `users` [ RunTime:0.0370s ]
SQL: SELECT * FROM `users` WHERE `id` = 100025 LIMIT 1   [ RunTime:0.0180s ]
NOTIC: [8] Undefined property: stdClass::$access_token E:\myphp\fkx\Application\Home\Controller\WeixinController.class.php 第 260 行.

[ 2018-07-31T17:24:19+08:00 ] 127.0.0.1 /index.php/Service/bills_info/room_id/6.html
INFO: [ app_init ] --START--
INFO: Run Behavior\BuildLiteBehavior [ RunTime:0.000000s ]
INFO: [ app_init ] --END-- [ RunTime:0.001000s ]
INFO: [ app_begin ] --START--
INFO: Run Behavior\ReadHtmlCacheBehavior [ RunTime:0.002000s ]
INFO: [ app_begin ] --END-- [ RunTime:0.002000s ]
SQL: SHOW COLUMNS FROM `Shops` [ RunTime:0.0180s ]
SQL: SELECT * FROM `Shops` WHERE `user_id` = 100022 LIMIT 1   [ RunTime:0.0180s ]
SQL: SHOW COLUMNS FROM `apartment_rooms` [ RunTime:0.0180s ]
SQL: SELECT * FROM `apartment_rooms` WHERE `id` = 6 LIMIT 1   [ RunTime:0.0170s ]
SQL: SHOW COLUMNS FROM `agreement` [ RunTime:0.0190s ]
SQL: SELECT * FROM `agreement` WHERE `sell_user_id` = 100022 AND `room_id` = 6 AND `status` = 1 LIMIT 1   [ RunTime:0.0190s ]
SQL: SHOW COLUMNS FROM `agreement_cost` [ RunTime:0.0180s ]
SQL: SELECT * FROM `agreement_cost` WHERE `a_id` = 1  [ RunTime:0.0170s ]
NOTIC: [8] Undefined index: rood_id E:\myphp\fkx\Application\Home\Controller\ServiceController.class.php 第 831 行.
SQL: SHOW COLUMNS FROM `bills` [ RunTime:0.0170s ]
SQL: SELECT * FROM `bills` WHERE `start_date` = '2018-07-22' AND `end_date` = '2018-08-21' LIMIT 1   [ RunTime:0.0170s ]
SQL: SHOW COLUMNS FROM `bills_detail` [ RunTime:0.0170s ]
SQL: SELECT * FROM `bills_detail` WHERE `b_id` = 8  [ RunTime:0.0180s ]
INFO: [ view_parse ] --START--
INFO: [ template_filter ] --START--
INFO: Run Behavior\ContentReplaceBehavior [ RunTime:0.000000s ]
INFO: [ template_filter ] --END-- [ RunTime:0.000000s ]
NOTIC: [8] Undefined variable: room_info E:\myphp\fkx\Runtime\Cache\Home\ff8acb40b44465ce158708c04745adbf.php 第 134 行.
NOTIC: [8] Undefined variable: house_info E:\myphp\fkx\Runtime\Cache\Home\ff8acb40b44465ce158708c04745adbf.php 第 138 行.
NOTIC: [8] Undefined variable: room_info E:\myphp\fkx\Runtime\Cache\Home\ff8acb40b44465ce158708c04745adbf.php 第 138 行.
NOTIC: [8] Undefined variable: house_info E:\myphp\fkx\Runtime\Cache\Home\ff8acb40b44465ce158708c04745adbf.php 第 139 行.
NOTIC: [8] Undefined index: cost_name E:\myphp\fkx\Runtime\Cache\Home\ff8acb40b44465ce158708c04745adbf.php 第 173 行.
NOTIC: [8] Undefined index: cost_name E:\myphp\fkx\Runtime\Cache\Home\ff8acb40b44465ce158708c04745adbf.php 第 173 行.
NOTIC: [8] Undefined variable: room_info E:\myphp\fkx\Runtime\Cache\Home\ff8acb40b44465ce158708c04745adbf.php 第 226 行.
INFO: Run Behavior\ParseTemplateBehavior [ RunTime:0.019000s ]
INFO: [ view_parse ] --END-- [ RunTime:0.020000s ]
INFO: [ view_filter ] --START--
INFO: Run Behavior\WriteHtmlCacheBehavior [ RunTime:0.001000s ]
INFO: [ view_filter ] --END-- [ RunTime:0.001000s ]
INFO: [ app_end ] --START--
INFO: Run Behavior\ShowPageTraceBehavior [ RunTime:0.005000s ]
INFO: [ app_end ] --END-- [ RunTime:0.005000s ]

[ 2018-07-31T17:24:27+08:00 ] 127.0.0.1 /index.php/Service/push_bills.html
INFO: [ app_init ] --START--
INFO: Run Behavior\BuildLiteBehavior [ RunTime:0.000000s ]
INFO: [ app_init ] --END-- [ RunTime:0.000000s ]
INFO: [ app_begin ] --START--
INFO: Run Behavior\ReadHtmlCacheBehavior [ RunTime:0.001000s ]
INFO: [ app_begin ] --END-- [ RunTime:0.001000s ]
SQL: SHOW COLUMNS FROM `Shops` [ RunTime:0.0210s ]
SQL: SELECT * FROM `Shops` WHERE `user_id` = 100022 LIMIT 1   [ RunTime:0.0200s ]
SQL: SHOW COLUMNS FROM `bills` [ RunTime:0.0210s ]
SQL: SELECT * FROM `bills` WHERE `id` = 8 LIMIT 1   [ RunTime:0.0200s ]
SQL: SHOW COLUMNS FROM `agreement` [ RunTime:0.0210s ]
SQL: SELECT * FROM `agreement` WHERE `id` = 1 LIMIT 1   [ RunTime:0.0210s ]
SQL: SHOW COLUMNS FROM `users` [ RunTime:0.0210s ]
SQL: SELECT * FROM `users` WHERE `id` = 100025 LIMIT 1   [ RunTime:0.0210s ]

[ 2018-07-31T17:43:07+08:00 ] 127.0.0.1 /index.php/Service/push_bills.html
INFO: [ app_init ] --START--
INFO: Run Behavior\BuildLiteBehavior [ RunTime:0.000000s ]
INFO: [ app_init ] --END-- [ RunTime:0.001000s ]
INFO: [ app_begin ] --START--
INFO: Run Behavior\ReadHtmlCacheBehavior [ RunTime:0.001000s ]
INFO: [ app_begin ] --END-- [ RunTime:0.001000s ]
SQL: SHOW COLUMNS FROM `Shops` [ RunTime:0.0210s ]
SQL: SELECT * FROM `Shops` WHERE `user_id` = 100022 LIMIT 1   [ RunTime:0.0200s ]
SQL: SHOW COLUMNS FROM `bills` [ RunTime:0.0210s ]
SQL: SELECT * FROM `bills` WHERE `id` = 8 LIMIT 1   [ RunTime:0.0210s ]
SQL: SHOW COLUMNS FROM `agreement` [ RunTime:0.0210s ]
SQL: SELECT * FROM `agreement` WHERE `id` = 1 LIMIT 1   [ RunTime:0.0210s ]
SQL: SHOW COLUMNS FROM `users` [ RunTime:0.0210s ]
SQL: SELECT * FROM `users` WHERE `id` = 100025 LIMIT 1   [ RunTime:0.0200s ]

