[ 2018-07-27T09:25:51+08:00 ] 127.0.0.1 /index.php/Service/bills_info
INFO: [ app_init ] --START--
INFO: Run Behavior\BuildLiteBehavior [ RunTime:0.000000s ]
INFO: [ app_init ] --END-- [ RunTime:0.001000s ]
INFO: [ app_begin ] --START--
INFO: Run Behavior\ReadHtmlCacheBehavior [ RunTime:0.005000s ]
INFO: [ app_begin ] --END-- [ RunTime:0.005000s ]
SQL: SHOW COLUMNS FROM `Shops` [ RunTime:0.0320s ]
SQL: SELECT * FROM `Shops` WHERE `user_id` = 100022 LIMIT 1   [ RunTime:0.0340s ]
SQL: SHOW COLUMNS FROM `apartment_rooms` [ RunTime:0.0340s ]
SQL: SELECT * FROM `apartment_rooms` WHERE `id` = 6 LIMIT 1   [ RunTime:0.0260s ]
SQL: SHOW COLUMNS FROM `agreement` [ RunTime:0.0310s ]
SQL: SELECT * FROM `agreement` WHERE `sell_user_id` = 100022 AND `room_id` = 6 AND `status` = 1 LIMIT 1   [ RunTime:0.0290s ]
SQL: SHOW COLUMNS FROM `agreement_cost` [ RunTime:0.0380s ]
SQL: SELECT * FROM `agreement_cost` WHERE `a_id` = 1  [ RunTime:0.0420s ]
NOTIC: [8] Undefined index: rood_id E:\myphp\fkx\Application\Home\Controller\ServiceController.class.php 第 737 行.
SQL: SHOW COLUMNS FROM `bills` [ RunTime:0.0370s ]
SQL: SELECT * FROM `bills` WHERE `start_date` = '2018-07-22' AND `end_date` = '2018-08-21' LIMIT 1   [ RunTime:0.0320s ]
SQL: SHOW COLUMNS FROM `bills_detail` [ RunTime:0.0420s ]
SQL: SELECT * FROM `bills_detail` WHERE `b_id` = 8  [ RunTime:0.0510s ]
ERR: 模板不存在:../Application/Home/View/Service/bills_info.html

[ 2018-07-27T09:28:54+08:00 ] 127.0.0.1 /index.php/WeixinNotify/index
INFO: [ app_init ] --START--
INFO: Run Behavior\BuildLiteBehavior [ RunTime:0.000000s ]
INFO: [ app_init ] --END-- [ RunTime:0.000000s ]
INFO: [ app_begin ] --START--
INFO: Run Behavior\ReadHtmlCacheBehavior [ RunTime:0.002000s ]
INFO: [ app_begin ] --END-- [ RunTime:0.002000s ]
ERR: 接收到微信推送消息
NOTIC: [8] Undefined index: echostr E:\myphp\fkx\Application\Home\Controller\WeixinNotifyController.class.php 第 20 行.
INFO: 接收到微信消息xmlData:
NOTIC: [8] Undefined property: Common\Service\WeixinService::$_receive E:\myphp\fkx\Application\Common\Service\WeixinService.class.php 第 262 行.
ERR: 微信消息null
INFO: [ app_end ] --START--
INFO: Run Behavior\ShowPageTraceBehavior [ RunTime:0.002000s ]
INFO: [ app_end ] --END-- [ RunTime:0.002000s ]

[ 2018-07-27T09:29:23+08:00 ] 127.0.0.1 /index.php/WeixinNotify/index
INFO: [ app_init ] --START--
INFO: Run Behavior\BuildLiteBehavior [ RunTime:0.000000s ]
INFO: [ app_init ] --END-- [ RunTime:0.001000s ]
INFO: [ app_begin ] --START--
INFO: Run Behavior\ReadHtmlCacheBehavior [ RunTime:0.001000s ]
INFO: [ app_begin ] --END-- [ RunTime:0.001000s ]
ERR: 接收到微信推送消息
NOTIC: [8] Undefined index: echostr E:\myphp\fkx\Application\Home\Controller\WeixinNotifyController.class.php 第 20 行.
INFO: 接收到微信消息xmlData:
NOTIC: [8] Undefined property: Common\Service\WeixinService::$_receive E:\myphp\fkx\Application\Common\Service\WeixinService.class.php 第 262 行.
ERR: 微信消息null
INFO: [ app_end ] --START--
INFO: Run Behavior\ShowPageTraceBehavior [ RunTime:0.001000s ]
INFO: [ app_end ] --END-- [ RunTime:0.001000s ]

[ 2018-07-27T09:29:34+08:00 ] 127.0.0.1 /index.php
INFO: [ app_init ] --START--
INFO: Run Behavior\BuildLiteBehavior [ RunTime:0.000000s ]
INFO: [ app_init ] --END-- [ RunTime:0.001000s ]
INFO: [ app_begin ] --START--
INFO: Run Behavior\ReadHtmlCacheBehavior [ RunTime:0.001000s ]
INFO: [ app_begin ] --END-- [ RunTime:0.001000s ]
SQL: SHOW COLUMNS FROM `ad` [ RunTime:0.0200s ]
SQL: SELECT * FROM `ad` WHERE `status` = 2 AND `positions` = 'index' ORDER BY sort asc  [ RunTime:0.0190s ]
INFO: [ view_parse ] --START--
INFO: [ template_filter ] --START--
INFO: Run Behavior\ContentReplaceBehavior [ RunTime:0.000000s ]
INFO: [ template_filter ] --END-- [ RunTime:0.000000s ]
NOTIC: [8] Undefined variable: houses E:\myphp\fkx\Runtime\Cache\Home\9b1c26b1cee56f532f15c56b96a07c74.php 第 167 行.
NOTIC: [8] Undefined variable: houses E:\myphp\fkx\Runtime\Cache\Home\9b1c26b1cee56f532f15c56b96a07c74.php 第 204 行.
INFO: Run Behavior\ParseTemplateBehavior [ RunTime:0.030000s ]
INFO: [ view_parse ] --END-- [ RunTime:0.030000s ]
INFO: [ view_filter ] --START--
INFO: Run Behavior\WriteHtmlCacheBehavior [ RunTime:0.002000s ]
INFO: [ view_filter ] --END-- [ RunTime:0.002000s ]
INFO: [ app_end ] --START--
INFO: Run Behavior\ShowPageTraceBehavior [ RunTime:0.001000s ]
INFO: [ app_end ] --END-- [ RunTime:0.001000s ]

[ 2018-07-27T09:29:34+08:00 ] 127.0.0.1 /uploads/type/2017-12-22/5a3c7e2558cad.png
INFO: [ app_init ] --START--
INFO: Run Behavior\BuildLiteBehavior [ RunTime:0.000000s ]
INFO: [ app_init ] --END-- [ RunTime:0.001000s ]

[ 2018-07-27T09:29:34+08:00 ] 127.0.0.1 /uploads/type/2018-02-03/5a758b27e76dd.jpg
INFO: [ app_init ] --START--
INFO: Run Behavior\BuildLiteBehavior [ RunTime:0.000000s ]
INFO: [ app_init ] --END-- [ RunTime:0.003000s ]

[ 2018-07-27T09:29:34+08:00 ] 127.0.0.1 /uploads/type/2017-12-22/5a3c7e41e7c89.png
INFO: [ app_init ] --START--
INFO: Run Behavior\BuildLiteBehavior [ RunTime:0.000000s ]
INFO: [ app_init ] --END-- [ RunTime:0.001000s ]

[ 2018-07-27T09:29:35+08:00 ] 127.0.0.1 /uploads/type/2018-02-03/5a758b27e76dd.jpg
INFO: [ app_init ] --START--
INFO: Run Behavior\BuildLiteBehavior [ RunTime:0.000000s ]
INFO: [ app_init ] --END-- [ RunTime:0.001000s ]

[ 2018-07-27T09:29:35+08:00 ] 127.0.0.1 /uploads/type/2017-12-22/5a3c7e41e7c89.png
INFO: [ app_init ] --START--
INFO: Run Behavior\BuildLiteBehavior [ RunTime:0.000000s ]
INFO: [ app_init ] --END-- [ RunTime:0.001000s ]

[ 2018-07-27T09:29:35+08:00 ] 127.0.0.1 /uploads/type/2017-12-22/5a3c7e2558cad.png
INFO: [ app_init ] --START--
INFO: Run Behavior\BuildLiteBehavior [ RunTime:0.000000s ]
INFO: [ app_init ] --END-- [ RunTime:0.001000s ]

[ 2018-07-27T09:29:35+08:00 ] 127.0.0.1 /index.php/Im/getLoginInfo.html
INFO: [ app_init ] --START--
INFO: Run Behavior\BuildLiteBehavior [ RunTime:0.000000s ]
INFO: [ app_init ] --END-- [ RunTime:0.001000s ]
INFO: [ app_begin ] --START--
INFO: Run Behavior\ReadHtmlCacheBehavior [ RunTime:0.001000s ]
INFO: [ app_begin ] --END-- [ RunTime:0.002000s ]
NOTIC: [2] Missing argument 1 for Library\TencentIMSdk\IMSdk::createAndInitRestAPI(), called in E:\myphp\fkx\Application\Home\Controller\ImController.class.php on line 200 and defined E:\myphp\fkx\Library\TencentIMSdk\IMSdk.class.php 第 32 行.
NOTIC: [8] Undefined variable: identifier E:\myphp\fkx\Library\TencentIMSdk\IMSdk.class.php 第 35 行.

[ 2018-07-27T09:29:35+08:00 ] 127.0.0.1 /public/Home/images/left.png
INFO: [ app_init ] --START--
INFO: Run Behavior\BuildLiteBehavior [ RunTime:0.000000s ]
INFO: [ app_init ] --END-- [ RunTime:0.001000s ]

[ 2018-07-27T09:29:35+08:00 ] 127.0.0.1 /public/Home/images/right.png
INFO: [ app_init ] --START--
INFO: Run Behavior\BuildLiteBehavior [ RunTime:0.000000s ]
INFO: [ app_init ] --END-- [ RunTime:0.001000s ]

[ 2018-07-27T09:29:38+08:00 ] 127.0.0.1 /index.php/Index/loadRecommendNewHouse.html
INFO: [ app_init ] --START--
INFO: Run Behavior\BuildLiteBehavior [ RunTime:0.000000s ]
INFO: [ app_init ] --END-- [ RunTime:0.001000s ]
INFO: [ app_begin ] --START--
INFO: Run Behavior\ReadHtmlCacheBehavior [ RunTime:0.001000s ]
INFO: [ app_begin ] --END-- [ RunTime:0.001000s ]
SQL: SHOW COLUMNS FROM `NewHouses` [ RunTime:0.0210s ]
SQL: SELECT * FROM `NewHouses` WHERE `state` <> 9 AND `sort` > 0 ORDER BY sort ASC, updateTime DESC   [ RunTime:0.0220s ]
SQL: SHOW COLUMNS FROM `citys` [ RunTime:0.0240s ]
NOTIC: [8] Undefined offset: 10 E:\myphp\fkx\Application\Common\Model\CityModel.class.php 第 16 行.
SQL: SELECT * FROM `citys` WHERE `id` = 10 LIMIT 1   [ RunTime:0.0240s ]
SQL: SHOW COLUMNS FROM `HouseHuxings` [ RunTime:0.0210s ]
SQL: SELECT * FROM `HouseHuxings` WHERE `newHouseId` = 1 ORDER BY sort ASC  [ RunTime:0.0200s ]
SQL: SHOW COLUMNS FROM `types` [ RunTime:0.0210s ]
NOTIC: [8] Undefined offset: 2 E:\myphp\fkx\Application\Common\Model\TypeModel.class.php 第 16 行.
SQL: SELECT * FROM `types` WHERE `id` = 2 LIMIT 1   [ RunTime:0.0220s ]
NOTIC: [8] Undefined offset: 11 E:\myphp\fkx\Application\Common\Model\CityModel.class.php 第 16 行.
SQL: SELECT * FROM `citys` WHERE `id` = 11 LIMIT 1   [ RunTime:0.0200s ]
SQL: SELECT * FROM `HouseHuxings` WHERE `newHouseId` = 22 ORDER BY sort ASC  [ RunTime:0.0210s ]
NOTIC: [8] Undefined offset: 3 E:\myphp\fkx\Application\Common\Model\TypeModel.class.php 第 16 行.
SQL: SELECT * FROM `types` WHERE `id` = 3 LIMIT 1   [ RunTime:0.0190s ]
SQL: SELECT * FROM `HouseHuxings` WHERE `newHouseId` = 24 ORDER BY sort ASC  [ RunTime:0.0200s ]
SQL: SELECT * FROM `HouseHuxings` WHERE `newHouseId` = 28 ORDER BY sort ASC  [ RunTime:0.0200s ]
SQL: SHOW COLUMNS FROM `Tags` [ RunTime:0.0200s ]
SQL: SELECT * FROM `Tags` WHERE `type` = 1 AND `state` = 1 ORDER BY id ASC  [ RunTime:0.0200s ]
INFO: [ view_parse ] --START--
INFO: [ template_filter ] --START--
INFO: Run Behavior\ContentReplaceBehavior [ RunTime:0.000000s ]
INFO: [ template_filter ] --END-- [ RunTime:0.000000s ]
INFO: Run Behavior\ParseTemplateBehavior [ RunTime:0.014000s ]
INFO: [ view_parse ] --END-- [ RunTime:0.014000s ]
INFO: [ view_filter ] --START--
INFO: Run Behavior\WriteHtmlCacheBehavior [ RunTime:0.001000s ]
INFO: [ view_filter ] --END-- [ RunTime:0.001000s ]
INFO: [ app_end ] --START--
INFO: Run Behavior\ShowPageTraceBehavior [ RunTime:0.002000s ]
INFO: [ app_end ] --END-- [ RunTime:0.002000s ]

[ 2018-07-27T09:29:38+08:00 ] 127.0.0.1 /uploads/loupan/2017-12-16/5a34c3b7bdcab.jpg
INFO: [ app_init ] --START--
INFO: Run Behavior\BuildLiteBehavior [ RunTime:0.000000s ]
INFO: [ app_init ] --END-- [ RunTime:0.000000s ]

[ 2018-07-27T09:29:38+08:00 ] 127.0.0.1 /uploads/pictures/2018-05-02/5ae98ae385e78.gif
INFO: [ app_init ] --START--
INFO: Run Behavior\BuildLiteBehavior [ RunTime:0.000000s ]
INFO: [ app_init ] --END-- [ RunTime:0.003000s ]

[ 2018-07-27T09:29:38+08:00 ] 127.0.0.1 /uploads/pictures/2018-07-03/5b3b5fffb77d7.png
INFO: [ app_init ] --START--
INFO: Run Behavior\BuildLiteBehavior [ RunTime:0.000000s ]
INFO: [ app_init ] --END-- [ RunTime:0.001000s ]

[ 2018-07-27T09:29:38+08:00 ] 127.0.0.1 /uploads/loupan/2017-12-16/5a34bd96cccbf.JPG
INFO: [ app_init ] --START--
INFO: Run Behavior\BuildLiteBehavior [ RunTime:0.000000s ]
INFO: [ app_init ] --END-- [ RunTime:0.001000s ]

[ 2018-07-27T09:29:41+08:00 ] 127.0.0.1 /index.php/Index/loadRecommendOldHouse.html
INFO: [ app_init ] --START--
INFO: Run Behavior\BuildLiteBehavior [ RunTime:0.000000s ]
INFO: [ app_init ] --END-- [ RunTime:0.001000s ]
INFO: [ app_begin ] --START--
INFO: Run Behavior\ReadHtmlCacheBehavior [ RunTime:0.001000s ]
INFO: [ app_begin ] --END-- [ RunTime:0.001000s ]
SQL: SHOW COLUMNS FROM `OldHouses` [ RunTime:0.0220s ]
SQL: SELECT * FROM `OldHouses` WHERE `state` <> 9 AND `sort` > 0 ORDER BY sort ASC, updateTime DESC   [ RunTime:0.1940s ]
SQL: SHOW COLUMNS FROM `citys` [ RunTime:0.0170s ]
NOTIC: [8] Undefined offset: 10 E:\myphp\fkx\Application\Common\Model\CityModel.class.php 第 16 行.
SQL: SELECT * FROM `citys` WHERE `id` = 10 LIMIT 1   [ RunTime:0.0170s ]
SQL: SHOW COLUMNS FROM `types` [ RunTime:0.0180s ]
NOTIC: [8] Undefined offset: 2 E:\myphp\fkx\Application\Common\Model\TypeModel.class.php 第 16 行.
SQL: SELECT * FROM `types` WHERE `id` = 2 LIMIT 1   [ RunTime:0.0170s ]
NOTIC: [8] Undefined offset: 11 E:\myphp\fkx\Application\Common\Model\CityModel.class.php 第 16 行.
SQL: SELECT * FROM `citys` WHERE `id` = 11 LIMIT 1   [ RunTime:0.0160s ]
NOTIC: [8] Undefined offset: 4 E:\myphp\fkx\Application\Common\Model\TypeModel.class.php 第 16 行.
SQL: SELECT * FROM `types` WHERE `id` = 4 LIMIT 1   [ RunTime:0.0170s ]
NOTIC: [8] Undefined offset: 3 E:\myphp\fkx\Application\Common\Model\TypeModel.class.php 第 16 行.
SQL: SELECT * FROM `types` WHERE `id` = 3 LIMIT 1   [ RunTime:0.0160s ]
SQL: SHOW COLUMNS FROM `Tags` [ RunTime:0.0170s ]
SQL: SELECT * FROM `Tags` WHERE `type` = 2 AND `state` = 1 ORDER BY id ASC  [ RunTime:0.0160s ]
INFO: [ view_parse ] --START--
INFO: [ template_filter ] --START--
INFO: Run Behavior\ContentReplaceBehavior [ RunTime:0.000000s ]
INFO: [ template_filter ] --END-- [ RunTime:0.000000s ]
INFO: Run Behavior\ParseTemplateBehavior [ RunTime:0.013000s ]
INFO: [ view_parse ] --END-- [ RunTime:0.013000s ]
INFO: [ view_filter ] --START--
INFO: Run Behavior\WriteHtmlCacheBehavior [ RunTime:0.001000s ]
INFO: [ view_filter ] --END-- [ RunTime:0.001000s ]
INFO: [ app_end ] --START--
INFO: Run Behavior\ShowPageTraceBehavior [ RunTime:0.007000s ]
INFO: [ app_end ] --END-- [ RunTime:0.007000s ]

[ 2018-07-27T09:29:41+08:00 ] 127.0.0.1 /uploads/pictures/2018-05-05/5aed5e0e29ec7.jpg
INFO: [ app_init ] --START--
INFO: Run Behavior\BuildLiteBehavior [ RunTime:0.000000s ]
INFO: [ app_init ] --END-- [ RunTime:0.001000s ]

[ 2018-07-27T09:29:41+08:00 ] 127.0.0.1 /uploads/pictures/2018-05-05/5aed5e188d71a.jpg
INFO: [ app_init ] --START--
INFO: Run Behavior\BuildLiteBehavior [ RunTime:0.000000s ]
INFO: [ app_init ] --END-- [ RunTime:0.001000s ]

[ 2018-07-27T09:29:41+08:00 ] 127.0.0.1 /uploads/pictures/2018-05-07/5aefc30bb6a3c.png
INFO: [ app_init ] --START--
INFO: Run Behavior\BuildLiteBehavior [ RunTime:0.000000s ]
INFO: [ app_init ] --END-- [ RunTime:0.004000s ]

[ 2018-07-27T09:29:41+08:00 ] 127.0.0.1 /uploads/pictures/2018-05-05/5aed5e2b422c5.gif
INFO: [ app_init ] --START--
INFO: Run Behavior\BuildLiteBehavior [ RunTime:0.000000s ]
INFO: [ app_init ] --END-- [ RunTime:0.001000s ]

[ 2018-07-27T09:29:41+08:00 ] 127.0.0.1 /uploads/pictures/2018-05-05/5aed5e22093b8.jpg
INFO: [ app_init ] --START--
INFO: Run Behavior\BuildLiteBehavior [ RunTime:0.000000s ]
INFO: [ app_init ] --END-- [ RunTime:0.001000s ]

[ 2018-07-27T09:29:43+08:00 ] 127.0.0.1 /index.php/Index/loadRecommendRentalHouse.html
INFO: [ app_init ] --START--
INFO: Run Behavior\BuildLiteBehavior [ RunTime:0.000000s ]
INFO: [ app_init ] --END-- [ RunTime:0.001000s ]
INFO: [ app_begin ] --START--
INFO: Run Behavior\ReadHtmlCacheBehavior [ RunTime:0.002000s ]
INFO: [ app_begin ] --END-- [ RunTime:0.002000s ]
SQL: SHOW COLUMNS FROM `RentalHouses` [ RunTime:0.0210s ]
SQL: SELECT * FROM `RentalHouses` WHERE `state` <> 9 AND `sort` > 0 ORDER BY sort ASC, updateTime DESC   [ RunTime:0.0200s ]
SQL: SHOW COLUMNS FROM `citys` [ RunTime:0.0200s ]
NOTIC: [8] Undefined offset: 10 E:\myphp\fkx\Application\Common\Model\CityModel.class.php 第 16 行.
SQL: SELECT * FROM `citys` WHERE `id` = 10 LIMIT 1   [ RunTime:0.0200s ]
SQL: SHOW COLUMNS FROM `types` [ RunTime:0.0190s ]
NOTIC: [8] Undefined offset: 2 E:\myphp\fkx\Application\Common\Model\TypeModel.class.php 第 16 行.
SQL: SELECT * FROM `types` WHERE `id` = 2 LIMIT 1   [ RunTime:0.0190s ]
SQL: SHOW COLUMNS FROM `Tags` [ RunTime:0.0200s ]
SQL: SELECT * FROM `Tags` WHERE `type` = 3 AND `state` = 1 ORDER BY id ASC  [ RunTime:0.0220s ]
INFO: [ view_parse ] --START--
INFO: [ template_filter ] --START--
INFO: Run Behavior\ContentReplaceBehavior [ RunTime:0.000000s ]
INFO: [ template_filter ] --END-- [ RunTime:0.000000s ]
INFO: Run Behavior\ParseTemplateBehavior [ RunTime:0.013000s ]
INFO: [ view_parse ] --END-- [ RunTime:0.013000s ]
INFO: [ view_filter ] --START--
INFO: Run Behavior\WriteHtmlCacheBehavior [ RunTime:0.001000s ]
INFO: [ view_filter ] --END-- [ RunTime:0.001000s ]
INFO: [ app_end ] --START--
INFO: Run Behavior\ShowPageTraceBehavior [ RunTime:0.001000s ]
INFO: [ app_end ] --END-- [ RunTime:0.001000s ]

[ 2018-07-27T09:29:43+08:00 ] 127.0.0.1 /uploads/pictures/2018-05-03/5aeaa96931b8e.jpeg
INFO: [ app_init ] --START--
INFO: Run Behavior\BuildLiteBehavior [ RunTime:0.000000s ]
INFO: [ app_init ] --END-- [ RunTime:0.001000s ]
INFO: [ app_begin ] --START--
INFO: Run Behavior\ReadHtmlCacheBehavior [ RunTime:0.001000s ]
INFO: [ app_begin ] --END-- [ RunTime:0.001000s ]
ERR: 无法加载控制器:Uploads

[ 2018-07-27T09:29:43+08:00 ] 127.0.0.1 /uploads/pictures/2018-05-06/5aeeb08a80932.jpg
INFO: [ app_init ] --START--
INFO: Run Behavior\BuildLiteBehavior [ RunTime:0.000000s ]
INFO: [ app_init ] --END-- [ RunTime:0.001000s ]

