[ 2018-07-26T13:40:35+08:00 ] 127.0.0.1 /index.php/Service/index.html
INFO: [ app_init ] --START--
INFO: Run Behavior\BuildLiteBehavior [ RunTime:0.000000s ]
INFO: [ app_init ] --END-- [ RunTime:0.001000s ]
INFO: [ app_begin ] --START--
INFO: Run Behavior\ReadHtmlCacheBehavior [ RunTime:0.001000s ]
INFO: [ app_begin ] --END-- [ RunTime:0.001000s ]
SQL: SHOW COLUMNS FROM `Shops` [ RunTime:0.0520s ]
SQL: SELECT * FROM `Shops` WHERE `user_id` = 100022 LIMIT 1   [ RunTime:0.0200s ]
INFO: [ view_parse ] --START--
INFO: [ template_filter ] --START--
INFO: Run Behavior\ContentReplaceBehavior [ RunTime:0.000000s ]
INFO: [ template_filter ] --END-- [ RunTime:0.000000s ]
INFO: Run Behavior\ParseTemplateBehavior [ RunTime:0.043000s ]
INFO: [ view_parse ] --END-- [ RunTime:0.043000s ]
INFO: [ view_filter ] --START--
INFO: Run Behavior\WriteHtmlCacheBehavior [ RunTime:0.003000s ]
INFO: [ view_filter ] --END-- [ RunTime:0.003000s ]
INFO: [ app_end ] --START--
INFO: Run Behavior\ShowPageTraceBehavior [ RunTime:0.020000s ]
INFO: [ app_end ] --END-- [ RunTime:0.020000s ]

[ 2018-07-26T13:40:36+08:00 ] 127.0.0.1 /index.php/Im/getLoginInfo.html
INFO: [ app_init ] --START--
INFO: Run Behavior\BuildLiteBehavior [ RunTime:0.000000s ]
INFO: [ app_init ] --END-- [ RunTime:0.001000s ]
INFO: [ app_begin ] --START--
INFO: Run Behavior\ReadHtmlCacheBehavior [ RunTime:0.003000s ]
INFO: [ app_begin ] --END-- [ RunTime:0.003000s ]
NOTIC: [2] Missing argument 1 for Library\TencentIMSdk\IMSdk::createAndInitRestAPI(), called in E:\myphp\fkx\Application\Home\Controller\ImController.class.php on line 200 and defined E:\myphp\fkx\Library\TencentIMSdk\IMSdk.class.php 第 32 行.
NOTIC: [8] Undefined variable: identifier E:\myphp\fkx\Library\TencentIMSdk\IMSdk.class.php 第 35 行.

[ 2018-07-26T13:40:42+08:00 ] 127.0.0.1 /index.php/Service/bills_info
INFO: [ app_init ] --START--
INFO: Run Behavior\BuildLiteBehavior [ RunTime:0.000000s ]
INFO: [ app_init ] --END-- [ RunTime:0.000000s ]
INFO: [ app_begin ] --START--
INFO: Run Behavior\ReadHtmlCacheBehavior [ RunTime:0.001000s ]
INFO: [ app_begin ] --END-- [ RunTime:0.001000s ]
SQL: SHOW COLUMNS FROM `Shops` [ RunTime:0.0180s ]
SQL: SELECT * FROM `Shops` WHERE `user_id` = 100022 LIMIT 1   [ RunTime:0.0180s ]
SQL: SHOW COLUMNS FROM `apartment_rooms` [ RunTime:0.0180s ]
SQL: SELECT * FROM `apartment_rooms` WHERE `id` = 6 LIMIT 1   [ RunTime:0.0180s ]
SQL: SHOW COLUMNS FROM `agreement` [ RunTime:0.0180s ]
SQL: SELECT * FROM `agreement` WHERE `sell_user_id` = 100022 AND `room_id` = 6 AND `status` = 1 LIMIT 1   [ RunTime:0.0190s ]
SQL: SHOW COLUMNS FROM `agreement_cost` [ RunTime:0.0170s ]
SQL: SELECT * FROM `agreement_cost` WHERE `a_id` = 1  [ RunTime:0.0180s ]
NOTIC: [8] Undefined index: rood_id E:\myphp\fkx\Application\Home\Controller\ServiceController.class.php 第 731 行.
SQL: SHOW COLUMNS FROM `bills` [ RunTime:0.1330s ]
SQL: SELECT * FROM `bills` WHERE `start_date` = '2018-07-22' AND `end_date` = '2018-08-21' LIMIT 1   [ RunTime:0.0340s ]
SQL: SELECT * FROM `bills` WHERE `a_id` = 1 LIMIT 1   [ RunTime:0.0180s ]
INFO: [ app_end ] --START--
INFO: Run Behavior\ShowPageTraceBehavior [ RunTime:0.001000s ]
INFO: [ app_end ] --END-- [ RunTime:0.001000s ]

[ 2018-07-26T14:29:46+08:00 ] 127.0.0.1 /index.php/Service/bills_info
INFO: [ app_init ] --START--
INFO: Run Behavior\BuildLiteBehavior [ RunTime:0.001000s ]
INFO: [ app_init ] --END-- [ RunTime:0.001000s ]
INFO: [ app_begin ] --START--
INFO: Run Behavior\ReadHtmlCacheBehavior [ RunTime:0.002000s ]
INFO: [ app_begin ] --END-- [ RunTime:0.002000s ]
ERR: syntax error, unexpected 'if' (T_IF), expecting variable (T_VARIABLE) or '{' or '$'

[ 2018-07-26T14:30:32+08:00 ] 127.0.0.1 /index.php/Service/bills_info
INFO: [ app_init ] --START--
INFO: Run Behavior\BuildLiteBehavior [ RunTime:0.000000s ]
INFO: [ app_init ] --END-- [ RunTime:0.001000s ]
INFO: [ app_begin ] --START--
INFO: Run Behavior\ReadHtmlCacheBehavior [ RunTime:0.001000s ]
INFO: [ app_begin ] --END-- [ RunTime:0.001000s ]
SQL: SHOW COLUMNS FROM `Shops` [ RunTime:0.0170s ]
SQL: SELECT * FROM `Shops` WHERE `user_id` = 100022 LIMIT 1   [ RunTime:0.0170s ]
SQL: SHOW COLUMNS FROM `apartment_rooms` [ RunTime:0.0180s ]
SQL: SELECT * FROM `apartment_rooms` WHERE `id` = 6 LIMIT 1   [ RunTime:0.0170s ]
SQL: SHOW COLUMNS FROM `agreement` [ RunTime:0.0180s ]
SQL: SELECT * FROM `agreement` WHERE `sell_user_id` = 100022 AND `room_id` = 6 AND `status` = 1 LIMIT 1   [ RunTime:0.0170s ]
SQL: SHOW COLUMNS FROM `agreement_cost` [ RunTime:0.0170s ]
SQL: SELECT * FROM `agreement_cost` WHERE `a_id` = 1  [ RunTime:0.0170s ]
NOTIC: [8] Undefined index: rood_id E:\myphp\fkx\Application\Home\Controller\ServiceController.class.php 第 731 行.
SQL: SHOW COLUMNS FROM `bills` [ RunTime:0.0250s ]
SQL: SELECT * FROM `bills` WHERE `start_date` = '2018-07-22' AND `end_date` = '2018-08-21' LIMIT 1   [ RunTime:0.0170s ]
SQL: SELECT * FROM `bills` WHERE `a_id` = 1 LIMIT 1   [ RunTime:0.0170s ]
INFO: [ app_end ] --START--
INFO: Run Behavior\ShowPageTraceBehavior [ RunTime:0.002000s ]
INFO: [ app_end ] --END-- [ RunTime:0.002000s ]

[ 2018-07-26T15:02:24+08:00 ] 127.0.0.1 /index.php/Service/bills_info
INFO: [ app_init ] --START--
INFO: Run Behavior\BuildLiteBehavior [ RunTime:0.000000s ]
INFO: [ app_init ] --END-- [ RunTime:0.001000s ]
INFO: [ app_begin ] --START--
INFO: Run Behavior\ReadHtmlCacheBehavior [ RunTime:0.001000s ]
INFO: [ app_begin ] --END-- [ RunTime:0.001000s ]
SQL: SHOW COLUMNS FROM `Shops` [ RunTime:0.0200s ]
SQL: SELECT * FROM `Shops` WHERE `user_id` = 100022 LIMIT 1   [ RunTime:0.0190s ]
SQL: SHOW COLUMNS FROM `apartment_rooms` [ RunTime:0.0210s ]
SQL: SELECT * FROM `apartment_rooms` WHERE `id` = 6 LIMIT 1   [ RunTime:0.0200s ]
SQL: SHOW COLUMNS FROM `agreement` [ RunTime:0.0230s ]
SQL: SELECT * FROM `agreement` WHERE `sell_user_id` = 100022 AND `room_id` = 6 AND `status` = 1 LIMIT 1   [ RunTime:0.0190s ]
SQL: SHOW COLUMNS FROM `agreement_cost` [ RunTime:0.0190s ]
SQL: SELECT * FROM `agreement_cost` WHERE `a_id` = 1  [ RunTime:0.0190s ]
NOTIC: [8] Undefined index: rood_id E:\myphp\fkx\Application\Home\Controller\ServiceController.class.php 第 731 行.
SQL: SHOW COLUMNS FROM `bills` [ RunTime:0.0200s ]
SQL: SELECT * FROM `bills` WHERE `start_date` = '2018-07-22' AND `end_date` = '2018-08-21' LIMIT 1   [ RunTime:0.0190s ]
SQL: SELECT * FROM `bills` WHERE `a_id` = 1 ORDER BY id desc LIMIT 1   [ RunTime:0.0340s ]
INFO: [ app_end ] --START--
INFO: Run Behavior\ShowPageTraceBehavior [ RunTime:0.002000s ]
INFO: [ app_end ] --END-- [ RunTime:0.002000s ]

[ 2018-07-26T15:03:59+08:00 ] 127.0.0.1 /index.php/Service/bills_info
INFO: [ app_init ] --START--
INFO: Run Behavior\BuildLiteBehavior [ RunTime:0.000000s ]
INFO: [ app_init ] --END-- [ RunTime:0.001000s ]
INFO: [ app_begin ] --START--
INFO: Run Behavior\ReadHtmlCacheBehavior [ RunTime:0.003000s ]
INFO: [ app_begin ] --END-- [ RunTime:0.003000s ]
SQL: SHOW COLUMNS FROM `Shops` [ RunTime:0.0190s ]
SQL: SELECT * FROM `Shops` WHERE `user_id` = 100022 LIMIT 1   [ RunTime:0.0200s ]
SQL: SHOW COLUMNS FROM `apartment_rooms` [ RunTime:0.0200s ]
SQL: SELECT * FROM `apartment_rooms` WHERE `id` = 6 LIMIT 1   [ RunTime:0.0190s ]
SQL: SHOW COLUMNS FROM `agreement` [ RunTime:0.0190s ]
SQL: SELECT * FROM `agreement` WHERE `sell_user_id` = 100022 AND `room_id` = 6 AND `status` = 1 LIMIT 1   [ RunTime:0.0200s ]
SQL: SHOW COLUMNS FROM `agreement_cost` [ RunTime:0.0200s ]
SQL: SELECT * FROM `agreement_cost` WHERE `a_id` = 1  [ RunTime:0.0200s ]
NOTIC: [8] Undefined index: rood_id E:\myphp\fkx\Application\Home\Controller\ServiceController.class.php 第 731 行.
SQL: SHOW COLUMNS FROM `bills` [ RunTime:0.0200s ]
SQL: SELECT * FROM `bills` WHERE `start_date` = '2018-07-22' AND `end_date` = '2018-08-21' LIMIT 1   [ RunTime:0.0200s ]
SQL: SELECT * FROM `bills` WHERE `a_id` = 1 ORDER BY id desc LIMIT 1   [ RunTime:0.0200s ]
INFO: [ app_end ] --START--
INFO: Run Behavior\ShowPageTraceBehavior [ RunTime:0.001000s ]
INFO: [ app_end ] --END-- [ RunTime:0.001000s ]

[ 2018-07-26T16:55:22+08:00 ] 127.0.0.1 /index.php/Service/bills_info
INFO: [ app_init ] --START--
INFO: Run Behavior\BuildLiteBehavior [ RunTime:0.000000s ]
INFO: [ app_init ] --END-- [ RunTime:0.001000s ]
INFO: [ app_begin ] --START--
INFO: Run Behavior\ReadHtmlCacheBehavior [ RunTime:0.002000s ]
INFO: [ app_begin ] --END-- [ RunTime:0.002000s ]
SQL: SHOW COLUMNS FROM `Shops` [ RunTime:0.0210s ]
SQL: SELECT * FROM `Shops` WHERE `user_id` = 100022 LIMIT 1   [ RunTime:0.0920s ]
SQL: SHOW COLUMNS FROM `apartment_rooms` [ RunTime:0.1120s ]
SQL: SELECT * FROM `apartment_rooms` WHERE `id` = 6 LIMIT 1   [ RunTime:0.0920s ]
SQL: SHOW COLUMNS FROM `agreement` [ RunTime:0.0860s ]
SQL: SELECT * FROM `agreement` WHERE `sell_user_id` = 100022 AND `room_id` = 6 AND `status` = 1 LIMIT 1   [ RunTime:0.0940s ]
SQL: SHOW COLUMNS FROM `agreement_cost` [ RunTime:0.0960s ]
SQL: SELECT * FROM `agreement_cost` WHERE `a_id` = 1  [ RunTime:0.1050s ]
NOTIC: [8] Undefined index: rood_id E:\myphp\fkx\Application\Home\Controller\ServiceController.class.php 第 731 行.
SQL: SHOW COLUMNS FROM `bills` [ RunTime:0.0620s ]
SQL: SELECT * FROM `bills` WHERE `start_date` = '2018-07-22' AND `end_date` = '2018-08-21' LIMIT 1   [ RunTime:0.0870s ]
SQL: SELECT * FROM `bills` WHERE `a_id` = 1 ORDER BY id desc LIMIT 1   [ RunTime:0.0840s ]
NOTIC: [8] Undefined index: cost E:\myphp\fkx\Application\Home\Controller\ServiceController.class.php 第 797 行.
NOTIC: [8] Undefined index: cost E:\myphp\fkx\Application\Home\Controller\ServiceController.class.php 第 798 行.
NOTIC: [8] Undefined index: cost E:\myphp\fkx\Application\Home\Controller\ServiceController.class.php 第 798 行.
SQL: INSERT INTO `bills` (`a_id`,`house_id`,`room_id`,`start_date`,`end_date`,`total_price`,`price`,`is_msg`,`is_pay`,`create_time`,`update_time`) VALUES ('1','1000000022','6','2018-07-22','2018-08-21','1400.0000','1400.0000','0','0','1532595322','0') [ RunTime:0.2010s ]
SQL: SHOW COLUMNS FROM `bills_detail` [ RunTime:0.0960s ]
NOTIC: [2] Invalid argument supplied for foreach() E:\myphp\fkx\ThinkPHP\Library\Think\Model.class.php 第 267 行.
NOTIC: [2] Invalid argument supplied for foreach() E:\myphp\fkx\ThinkPHP\Library\Think\Model.class.php 第 267 行.
NOTIC: [2] Invalid argument supplied for foreach() E:\myphp\fkx\ThinkPHP\Library\Think\Model.class.php 第 267 行.
NOTIC: [2] Invalid argument supplied for foreach() E:\myphp\fkx\ThinkPHP\Library\Think\Model.class.php 第 267 行.
NOTIC: [2] Invalid argument supplied for foreach() E:\myphp\fkx\ThinkPHP\Library\Think\Model.class.php 第 267 行.
NOTIC: [2] Invalid argument supplied for foreach() E:\myphp\fkx\ThinkPHP\Library\Think\Model.class.php 第 267 行.
NOTIC: [2] Invalid argument supplied for foreach() E:\myphp\fkx\ThinkPHP\Library\Think\Model.class.php 第 267 行.
NOTIC: [2] Invalid argument supplied for foreach() E:\myphp\fkx\ThinkPHP\Library\Think\Model.class.php 第 267 行.
NOTIC: [2] Invalid argument supplied for foreach() E:\myphp\fkx\ThinkPHP\Library\Think\Model.class.php 第 267 行.
NOTIC: [2] Invalid argument supplied for foreach() E:\myphp\fkx\ThinkPHP\Library\Think\Model.class.php 第 267 行.
NOTIC: [2] Invalid argument supplied for foreach() E:\myphp\fkx\ThinkPHP\Library\Think\Model.class.php 第 267 行.
NOTIC: [2] Invalid argument supplied for foreach() E:\myphp\fkx\ThinkPHP\Library\Think\Model.class.php 第 267 行.
NOTIC: [8] Undefined offset: 0 E:\myphp\fkx\ThinkPHP\Library\Think\Db\Driver\Mysql.class.php 第 115 行.
ERR: Call to undefined function Home\Controller\p()

[ 2018-07-26T16:55:53+08:00 ] 127.0.0.1 /index.php/Service/bills_info
INFO: [ app_init ] --START--
INFO: Run Behavior\BuildLiteBehavior [ RunTime:0.000000s ]
INFO: [ app_init ] --END-- [ RunTime:0.000000s ]
INFO: [ app_begin ] --START--
INFO: Run Behavior\ReadHtmlCacheBehavior [ RunTime:0.001000s ]
INFO: [ app_begin ] --END-- [ RunTime:0.001000s ]
SQL: SHOW COLUMNS FROM `Shops` [ RunTime:0.0180s ]
SQL: SELECT * FROM `Shops` WHERE `user_id` = 100022 LIMIT 1   [ RunTime:0.0170s ]
SQL: SHOW COLUMNS FROM `apartment_rooms` [ RunTime:0.0180s ]
SQL: SELECT * FROM `apartment_rooms` WHERE `id` = 6 LIMIT 1   [ RunTime:0.0170s ]
SQL: SHOW COLUMNS FROM `agreement` [ RunTime:0.0180s ]
SQL: SELECT * FROM `agreement` WHERE `sell_user_id` = 100022 AND `room_id` = 6 AND `status` = 1 LIMIT 1   [ RunTime:0.0240s ]
SQL: SHOW COLUMNS FROM `agreement_cost` [ RunTime:0.0170s ]
SQL: SELECT * FROM `agreement_cost` WHERE `a_id` = 1  [ RunTime:0.0170s ]
NOTIC: [8] Undefined index: rood_id E:\myphp\fkx\Application\Home\Controller\ServiceController.class.php 第 731 行.
SQL: SHOW COLUMNS FROM `bills` [ RunTime:0.0170s ]
SQL: SELECT * FROM `bills` WHERE `start_date` = '2018-07-22' AND `end_date` = '2018-08-21' LIMIT 1   [ RunTime:0.0180s ]
SQL: SHOW COLUMNS FROM `bills_detail` [ RunTime:0.0180s ]
SQL: SELECT * FROM `bills_detail` WHERE `b_id` = 1  [ RunTime:0.0170s ]

[ 2018-07-26T16:56:47+08:00 ] 127.0.0.1 /index.php/Service/bills_info
INFO: [ app_init ] --START--
INFO: Run Behavior\BuildLiteBehavior [ RunTime:0.000000s ]
INFO: [ app_init ] --END-- [ RunTime:0.001000s ]
INFO: [ app_begin ] --START--
INFO: Run Behavior\ReadHtmlCacheBehavior [ RunTime:0.001000s ]
INFO: [ app_begin ] --END-- [ RunTime:0.001000s ]
SQL: SHOW COLUMNS FROM `Shops` [ RunTime:0.0180s ]
SQL: SELECT * FROM `Shops` WHERE `user_id` = 100022 LIMIT 1   [ RunTime:0.0180s ]
SQL: SHOW COLUMNS FROM `apartment_rooms` [ RunTime:0.0180s ]
SQL: SELECT * FROM `apartment_rooms` WHERE `id` = 6 LIMIT 1   [ RunTime:0.0180s ]
SQL: SHOW COLUMNS FROM `agreement` [ RunTime:0.0180s ]
SQL: SELECT * FROM `agreement` WHERE `sell_user_id` = 100022 AND `room_id` = 6 AND `status` = 1 LIMIT 1   [ RunTime:0.0190s ]
SQL: SHOW COLUMNS FROM `agreement_cost` [ RunTime:0.0210s ]
SQL: SELECT * FROM `agreement_cost` WHERE `a_id` = 1  [ RunTime:0.0170s ]
NOTIC: [8] Undefined index: rood_id E:\myphp\fkx\Application\Home\Controller\ServiceController.class.php 第 731 行.
SQL: SHOW COLUMNS FROM `bills` [ RunTime:0.0180s ]
SQL: SELECT * FROM `bills` WHERE `start_date` = '2018-07-22' AND `end_date` = '2018-08-21' LIMIT 1   [ RunTime:0.0170s ]
SQL: SELECT * FROM `bills` WHERE `a_id` = 1 ORDER BY id desc LIMIT 1   [ RunTime:0.0260s ]
NOTIC: [8] Undefined index: cost E:\myphp\fkx\Application\Home\Controller\ServiceController.class.php 第 797 行.
NOTIC: [8] Undefined index: cost E:\myphp\fkx\Application\Home\Controller\ServiceController.class.php 第 798 行.
NOTIC: [8] Undefined index: cost E:\myphp\fkx\Application\Home\Controller\ServiceController.class.php 第 798 行.
SQL: INSERT INTO `bills` (`a_id`,`house_id`,`room_id`,`start_date`,`end_date`,`total_price`,`price`,`is_msg`,`is_pay`,`create_time`,`update_time`) VALUES ('1','1000000022','6','2018-07-22','2018-08-21','1400.0000','1400.0000','0','0','1532595407','0') [ RunTime:0.0260s ]
SQL: SHOW COLUMNS FROM `bills_detail` [ RunTime:0.0180s ]
ERR: 1136:Column count doesn't match value count at row 2
 [ SQL语句 ] : INSERT INTO `bills_detail` (`cost_unit_id`,`cost_name_id`,`cost_type_id`,`last_num`,`create_time`,`b_id`) VALUES ('1','2','2','0','1532595407','2'),('0','0','0','1400.0000','0','1532595407','2')
ERR: 1136:Column count doesn't match value count at row 2
 [ SQL语句 ] : INSERT INTO `bills_detail` (`cost_unit_id`,`cost_name_id`,`cost_type_id`,`last_num`,`create_time`,`b_id`) VALUES ('1','2','2','0','1532595407','2'),('0','0','0','1400.0000','0','1532595407','2')

[ 2018-07-26T16:58:58+08:00 ] 127.0.0.1 /index.php/Service/bills_info
INFO: [ app_init ] --START--
INFO: Run Behavior\BuildLiteBehavior [ RunTime:0.000000s ]
INFO: [ app_init ] --END-- [ RunTime:0.001000s ]
INFO: [ app_begin ] --START--
INFO: Run Behavior\ReadHtmlCacheBehavior [ RunTime:0.002000s ]
INFO: [ app_begin ] --END-- [ RunTime:0.002000s ]
SQL: SHOW COLUMNS FROM `Shops` [ RunTime:0.0210s ]
SQL: SELECT * FROM `Shops` WHERE `user_id` = 100022 LIMIT 1   [ RunTime:0.0200s ]
SQL: SHOW COLUMNS FROM `apartment_rooms` [ RunTime:0.0200s ]
SQL: SELECT * FROM `apartment_rooms` WHERE `id` = 6 LIMIT 1   [ RunTime:0.0210s ]
SQL: SHOW COLUMNS FROM `agreement` [ RunTime:0.0210s ]
SQL: SELECT * FROM `agreement` WHERE `sell_user_id` = 100022 AND `room_id` = 6 AND `status` = 1 LIMIT 1   [ RunTime:0.0210s ]
SQL: SHOW COLUMNS FROM `agreement_cost` [ RunTime:0.0200s ]
SQL: SELECT * FROM `agreement_cost` WHERE `a_id` = 1  [ RunTime:0.0200s ]
NOTIC: [8] Undefined index: rood_id E:\myphp\fkx\Application\Home\Controller\ServiceController.class.php 第 731 行.
SQL: SHOW COLUMNS FROM `bills` [ RunTime:0.0210s ]
SQL: SELECT * FROM `bills` WHERE `start_date` = '2018-07-22' AND `end_date` = '2018-08-21' LIMIT 1   [ RunTime:0.0210s ]
SQL: SELECT * FROM `bills` WHERE `a_id` = 1 ORDER BY id desc LIMIT 1   [ RunTime:0.0200s ]
NOTIC: [8] Undefined index: cost E:\myphp\fkx\Application\Home\Controller\ServiceController.class.php 第 797 行.
NOTIC: [8] Undefined index: cost E:\myphp\fkx\Application\Home\Controller\ServiceController.class.php 第 798 行.
NOTIC: [8] Undefined index: cost E:\myphp\fkx\Application\Home\Controller\ServiceController.class.php 第 798 行.

[ 2018-07-26T16:59:06+08:00 ] 127.0.0.1 /index.php/Service/bills_info
INFO: [ app_init ] --START--
INFO: Run Behavior\BuildLiteBehavior [ RunTime:0.000000s ]
INFO: [ app_init ] --END-- [ RunTime:0.001000s ]
INFO: [ app_begin ] --START--
INFO: Run Behavior\ReadHtmlCacheBehavior [ RunTime:0.001000s ]
INFO: [ app_begin ] --END-- [ RunTime:0.001000s ]
SQL: SHOW COLUMNS FROM `Shops` [ RunTime:0.0200s ]
SQL: SELECT * FROM `Shops` WHERE `user_id` = 100022 LIMIT 1   [ RunTime:0.0190s ]
SQL: SHOW COLUMNS FROM `apartment_rooms` [ RunTime:0.0200s ]
SQL: SELECT * FROM `apartment_rooms` WHERE `id` = 6 LIMIT 1   [ RunTime:0.0190s ]
SQL: SHOW COLUMNS FROM `agreement` [ RunTime:0.0190s ]
SQL: SELECT * FROM `agreement` WHERE `sell_user_id` = 100022 AND `room_id` = 6 AND `status` = 1 LIMIT 1   [ RunTime:0.0200s ]
SQL: SHOW COLUMNS FROM `agreement_cost` [ RunTime:0.0190s ]
SQL: SELECT * FROM `agreement_cost` WHERE `a_id` = 1  [ RunTime:0.0190s ]
NOTIC: [8] Undefined index: rood_id E:\myphp\fkx\Application\Home\Controller\ServiceController.class.php 第 731 行.
SQL: SHOW COLUMNS FROM `bills` [ RunTime:0.0200s ]
SQL: SELECT * FROM `bills` WHERE `start_date` = '2018-07-22' AND `end_date` = '2018-08-21' LIMIT 1   [ RunTime:0.0190s ]
SQL: SELECT * FROM `bills` WHERE `a_id` = 1 ORDER BY id desc LIMIT 1   [ RunTime:0.0190s ]
NOTIC: [8] Undefined index: cost E:\myphp\fkx\Application\Home\Controller\ServiceController.class.php 第 797 行.
NOTIC: [8] Undefined index: cost E:\myphp\fkx\Application\Home\Controller\ServiceController.class.php 第 798 行.
NOTIC: [8] Undefined index: cost E:\myphp\fkx\Application\Home\Controller\ServiceController.class.php 第 798 行.

[ 2018-07-26T17:00:26+08:00 ] 127.0.0.1 /index.php/Service/bills_info
INFO: [ app_init ] --START--
INFO: Run Behavior\BuildLiteBehavior [ RunTime:0.000000s ]
INFO: [ app_init ] --END-- [ RunTime:0.001000s ]
INFO: [ app_begin ] --START--
INFO: Run Behavior\ReadHtmlCacheBehavior [ RunTime:0.001000s ]
INFO: [ app_begin ] --END-- [ RunTime:0.001000s ]
SQL: SHOW COLUMNS FROM `Shops` [ RunTime:0.0180s ]
SQL: SELECT * FROM `Shops` WHERE `user_id` = 100022 LIMIT 1   [ RunTime:0.0180s ]
SQL: SHOW COLUMNS FROM `apartment_rooms` [ RunTime:0.0190s ]
SQL: SELECT * FROM `apartment_rooms` WHERE `id` = 6 LIMIT 1   [ RunTime:0.0180s ]
SQL: SHOW COLUMNS FROM `agreement` [ RunTime:0.0180s ]
SQL: SELECT * FROM `agreement` WHERE `sell_user_id` = 100022 AND `room_id` = 6 AND `status` = 1 LIMIT 1   [ RunTime:0.0190s ]
SQL: SHOW COLUMNS FROM `agreement_cost` [ RunTime:0.0180s ]
SQL: SELECT * FROM `agreement_cost` WHERE `a_id` = 1  [ RunTime:0.0190s ]
NOTIC: [8] Undefined index: rood_id E:\myphp\fkx\Application\Home\Controller\ServiceController.class.php 第 731 行.
SQL: SHOW COLUMNS FROM `bills` [ RunTime:0.0180s ]
SQL: SELECT * FROM `bills` WHERE `start_date` = '2018-07-22' AND `end_date` = '2018-08-21' LIMIT 1   [ RunTime:0.0180s ]
SQL: SELECT * FROM `bills` WHERE `a_id` = 1 ORDER BY id desc LIMIT 1   [ RunTime:0.0180s ]
NOTIC: [8] Undefined index: cost E:\myphp\fkx\Application\Home\Controller\ServiceController.class.php 第 797 行.
NOTIC: [8] Undefined index: cost E:\myphp\fkx\Application\Home\Controller\ServiceController.class.php 第 798 行.
NOTIC: [8] Undefined index: cost E:\myphp\fkx\Application\Home\Controller\ServiceController.class.php 第 798 行.
SQL: INSERT INTO `bills` (`a_id`,`house_id`,`room_id`,`start_date`,`end_date`,`total_price`,`price`,`is_msg`,`is_pay`,`create_time`,`update_time`) VALUES ('1','1000000022','6','2018-07-22','2018-08-21','1400.0000','1400.0000','0','0','1532595626','0') [ RunTime:0.0270s ]

[ 2018-07-26T17:01:51+08:00 ] 127.0.0.1 /index.php/Service/bills_info
INFO: [ app_init ] --START--
INFO: Run Behavior\BuildLiteBehavior [ RunTime:0.000000s ]
INFO: [ app_init ] --END-- [ RunTime:0.001000s ]
INFO: [ app_begin ] --START--
INFO: Run Behavior\ReadHtmlCacheBehavior [ RunTime:0.001000s ]
INFO: [ app_begin ] --END-- [ RunTime:0.002000s ]
SQL: SHOW COLUMNS FROM `Shops` [ RunTime:0.0180s ]
SQL: SELECT * FROM `Shops` WHERE `user_id` = 100022 LIMIT 1   [ RunTime:0.0200s ]
SQL: SHOW COLUMNS FROM `apartment_rooms` [ RunTime:0.0180s ]
SQL: SELECT * FROM `apartment_rooms` WHERE `id` = 6 LIMIT 1   [ RunTime:0.0180s ]
SQL: SHOW COLUMNS FROM `agreement` [ RunTime:0.0180s ]
SQL: SELECT * FROM `agreement` WHERE `sell_user_id` = 100022 AND `room_id` = 6 AND `status` = 1 LIMIT 1   [ RunTime:0.0170s ]
SQL: SHOW COLUMNS FROM `agreement_cost` [ RunTime:0.0170s ]
SQL: SELECT * FROM `agreement_cost` WHERE `a_id` = 1  [ RunTime:0.0170s ]
NOTIC: [8] Undefined index: rood_id E:\myphp\fkx\Application\Home\Controller\ServiceController.class.php 第 731 行.
SQL: SHOW COLUMNS FROM `bills` [ RunTime:0.0190s ]
SQL: SELECT * FROM `bills` WHERE `start_date` = '2018-07-22' AND `end_date` = '2018-08-21' LIMIT 1   [ RunTime:0.0180s ]
SQL: SELECT * FROM `bills` WHERE `a_id` = 1 ORDER BY id desc LIMIT 1   [ RunTime:0.0180s ]

[ 2018-07-26T17:02:33+08:00 ] 127.0.0.1 /index.php/Service/bills_info
INFO: [ app_init ] --START--
INFO: Run Behavior\BuildLiteBehavior [ RunTime:0.000000s ]
INFO: [ app_init ] --END-- [ RunTime:0.001000s ]
INFO: [ app_begin ] --START--
INFO: Run Behavior\ReadHtmlCacheBehavior [ RunTime:0.001000s ]
INFO: [ app_begin ] --END-- [ RunTime:0.001000s ]
SQL: SHOW COLUMNS FROM `Shops` [ RunTime:0.0190s ]
SQL: SELECT * FROM `Shops` WHERE `user_id` = 100022 LIMIT 1   [ RunTime:0.0180s ]
SQL: SHOW COLUMNS FROM `apartment_rooms` [ RunTime:0.0190s ]
SQL: SELECT * FROM `apartment_rooms` WHERE `id` = 6 LIMIT 1   [ RunTime:0.0190s ]
SQL: SHOW COLUMNS FROM `agreement` [ RunTime:0.0190s ]
SQL: SELECT * FROM `agreement` WHERE `sell_user_id` = 100022 AND `room_id` = 6 AND `status` = 1 LIMIT 1   [ RunTime:0.0180s ]
SQL: SHOW COLUMNS FROM `agreement_cost` [ RunTime:0.0180s ]
SQL: SELECT * FROM `agreement_cost` WHERE `a_id` = 1  [ RunTime:0.0180s ]
NOTIC: [8] Undefined index: rood_id E:\myphp\fkx\Application\Home\Controller\ServiceController.class.php 第 731 行.
SQL: SHOW COLUMNS FROM `bills` [ RunTime:0.0180s ]
SQL: SELECT * FROM `bills` WHERE `start_date` = '2018-07-22' AND `end_date` = '2018-08-21' LIMIT 1   [ RunTime:0.0170s ]
SQL: SELECT * FROM `bills` WHERE `a_id` = 1 ORDER BY id desc LIMIT 1   [ RunTime:0.0170s ]

[ 2018-07-26T17:02:59+08:00 ] 127.0.0.1 /index.php/Service/bills_info
INFO: [ app_init ] --START--
INFO: Run Behavior\BuildLiteBehavior [ RunTime:0.000000s ]
INFO: [ app_init ] --END-- [ RunTime:0.001000s ]
INFO: [ app_begin ] --START--
INFO: Run Behavior\ReadHtmlCacheBehavior [ RunTime:0.005000s ]
INFO: [ app_begin ] --END-- [ RunTime:0.006000s ]
SQL: SHOW COLUMNS FROM `Shops` [ RunTime:0.0180s ]
SQL: SELECT * FROM `Shops` WHERE `user_id` = 100022 LIMIT 1   [ RunTime:0.0180s ]
SQL: SHOW COLUMNS FROM `apartment_rooms` [ RunTime:0.0180s ]
SQL: SELECT * FROM `apartment_rooms` WHERE `id` = 6 LIMIT 1   [ RunTime:0.0170s ]
SQL: SHOW COLUMNS FROM `agreement` [ RunTime:0.0170s ]
SQL: SELECT * FROM `agreement` WHERE `sell_user_id` = 100022 AND `room_id` = 6 AND `status` = 1 LIMIT 1   [ RunTime:0.0170s ]
SQL: SHOW COLUMNS FROM `agreement_cost` [ RunTime:0.0180s ]
SQL: SELECT * FROM `agreement_cost` WHERE `a_id` = 1  [ RunTime:0.0170s ]
NOTIC: [8] Undefined index: rood_id E:\myphp\fkx\Application\Home\Controller\ServiceController.class.php 第 731 行.
SQL: SHOW COLUMNS FROM `bills` [ RunTime:0.0170s ]
SQL: SELECT * FROM `bills` WHERE `start_date` = '2018-07-22' AND `end_date` = '2018-08-21' LIMIT 1   [ RunTime:0.0190s ]
SQL: SELECT * FROM `bills` WHERE `a_id` = 1 ORDER BY id desc LIMIT 1   [ RunTime:0.0170s ]

[ 2018-07-26T17:03:21+08:00 ] 127.0.0.1 /index.php/Service/bills_info
INFO: [ app_init ] --START--
INFO: Run Behavior\BuildLiteBehavior [ RunTime:0.000000s ]
INFO: [ app_init ] --END-- [ RunTime:0.001000s ]
INFO: [ app_begin ] --START--
INFO: Run Behavior\ReadHtmlCacheBehavior [ RunTime:0.001000s ]
INFO: [ app_begin ] --END-- [ RunTime:0.001000s ]
SQL: SHOW COLUMNS FROM `Shops` [ RunTime:0.0180s ]
SQL: SELECT * FROM `Shops` WHERE `user_id` = 100022 LIMIT 1   [ RunTime:0.0180s ]
SQL: SHOW COLUMNS FROM `apartment_rooms` [ RunTime:0.0180s ]
SQL: SELECT * FROM `apartment_rooms` WHERE `id` = 6 LIMIT 1   [ RunTime:0.0180s ]
SQL: SHOW COLUMNS FROM `agreement` [ RunTime:0.0180s ]
SQL: SELECT * FROM `agreement` WHERE `sell_user_id` = 100022 AND `room_id` = 6 AND `status` = 1 LIMIT 1   [ RunTime:0.0170s ]
SQL: SHOW COLUMNS FROM `agreement_cost` [ RunTime:0.0180s ]
SQL: SELECT * FROM `agreement_cost` WHERE `a_id` = 1  [ RunTime:0.0170s ]
NOTIC: [8] Undefined index: rood_id E:\myphp\fkx\Application\Home\Controller\ServiceController.class.php 第 731 行.
SQL: SHOW COLUMNS FROM `bills` [ RunTime:0.0170s ]
SQL: SELECT * FROM `bills` WHERE `start_date` = '2018-07-22' AND `end_date` = '2018-08-21' LIMIT 1   [ RunTime:0.0180s ]
SQL: SELECT * FROM `bills` WHERE `a_id` = 1 ORDER BY id desc LIMIT 1   [ RunTime:0.0170s ]
NOTIC: [8] Undefined index: cost E:\myphp\fkx\Application\Home\Controller\ServiceController.class.php 第 772 行.

[ 2018-07-26T17:03:38+08:00 ] 127.0.0.1 /index.php/Service/bills_info
INFO: [ app_init ] --START--
INFO: Run Behavior\BuildLiteBehavior [ RunTime:0.000000s ]
INFO: [ app_init ] --END-- [ RunTime:0.001000s ]
INFO: [ app_begin ] --START--
INFO: Run Behavior\ReadHtmlCacheBehavior [ RunTime:0.001000s ]
INFO: [ app_begin ] --END-- [ RunTime:0.001000s ]
SQL: SHOW COLUMNS FROM `Shops` [ RunTime:0.0170s ]
SQL: SELECT * FROM `Shops` WHERE `user_id` = 100022 LIMIT 1   [ RunTime:0.0180s ]
SQL: SHOW COLUMNS FROM `apartment_rooms` [ RunTime:0.0170s ]
SQL: SELECT * FROM `apartment_rooms` WHERE `id` = 6 LIMIT 1   [ RunTime:0.0170s ]
SQL: SHOW COLUMNS FROM `agreement` [ RunTime:0.0180s ]
SQL: SELECT * FROM `agreement` WHERE `sell_user_id` = 100022 AND `room_id` = 6 AND `status` = 1 LIMIT 1   [ RunTime:0.0180s ]
SQL: SHOW COLUMNS FROM `agreement_cost` [ RunTime:0.0180s ]
SQL: SELECT * FROM `agreement_cost` WHERE `a_id` = 1  [ RunTime:0.0180s ]
NOTIC: [8] Undefined index: rood_id E:\myphp\fkx\Application\Home\Controller\ServiceController.class.php 第 731 行.
SQL: SHOW COLUMNS FROM `bills` [ RunTime:0.0180s ]
SQL: SELECT * FROM `bills` WHERE `start_date` = '2018-07-22' AND `end_date` = '2018-08-21' LIMIT 1   [ RunTime:0.0170s ]
SQL: SELECT * FROM `bills` WHERE `a_id` = 1 ORDER BY id desc LIMIT 1   [ RunTime:0.0170s ]

[ 2018-07-26T17:04:26+08:00 ] 127.0.0.1 /index.php/Service/bills_info
INFO: [ app_init ] --START--
INFO: Run Behavior\BuildLiteBehavior [ RunTime:0.000000s ]
INFO: [ app_init ] --END-- [ RunTime:0.002000s ]
INFO: [ app_begin ] --START--
INFO: Run Behavior\ReadHtmlCacheBehavior [ RunTime:0.001000s ]
INFO: [ app_begin ] --END-- [ RunTime:0.001000s ]
SQL: SHOW COLUMNS FROM `Shops` [ RunTime:0.0180s ]
SQL: SELECT * FROM `Shops` WHERE `user_id` = 100022 LIMIT 1   [ RunTime:0.0170s ]
SQL: SHOW COLUMNS FROM `apartment_rooms` [ RunTime:0.0190s ]
SQL: SELECT * FROM `apartment_rooms` WHERE `id` = 6 LIMIT 1   [ RunTime:0.0180s ]
SQL: SHOW COLUMNS FROM `agreement` [ RunTime:0.0190s ]
SQL: SELECT * FROM `agreement` WHERE `sell_user_id` = 100022 AND `room_id` = 6 AND `status` = 1 LIMIT 1   [ RunTime:0.0190s ]
SQL: SHOW COLUMNS FROM `agreement_cost` [ RunTime:0.0180s ]
SQL: SELECT * FROM `agreement_cost` WHERE `a_id` = 1  [ RunTime:0.0230s ]

[ 2018-07-26T17:05:09+08:00 ] 127.0.0.1 /index.php/Service/bills_info
INFO: [ app_init ] --START--
INFO: Run Behavior\BuildLiteBehavior [ RunTime:0.000000s ]
INFO: [ app_init ] --END-- [ RunTime:0.001000s ]
INFO: [ app_begin ] --START--
INFO: Run Behavior\ReadHtmlCacheBehavior [ RunTime:0.001000s ]
INFO: [ app_begin ] --END-- [ RunTime:0.001000s ]
SQL: SHOW COLUMNS FROM `Shops` [ RunTime:0.0180s ]
SQL: SELECT * FROM `Shops` WHERE `user_id` = 100022 LIMIT 1   [ RunTime:0.0170s ]
SQL: SHOW COLUMNS FROM `apartment_rooms` [ RunTime:0.0180s ]
SQL: SELECT * FROM `apartment_rooms` WHERE `id` = 6 LIMIT 1   [ RunTime:0.0180s ]
SQL: SHOW COLUMNS FROM `agreement` [ RunTime:0.0180s ]
SQL: SELECT * FROM `agreement` WHERE `sell_user_id` = 100022 AND `room_id` = 6 AND `status` = 1 LIMIT 1   [ RunTime:0.0200s ]
SQL: SHOW COLUMNS FROM `agreement_cost` [ RunTime:0.0180s ]
SQL: SELECT * FROM `agreement_cost` WHERE `a_id` = 1  [ RunTime:0.0170s ]

[ 2018-07-26T17:05:29+08:00 ] 127.0.0.1 /index.php/Service/bills_info
INFO: [ app_init ] --START--
INFO: Run Behavior\BuildLiteBehavior [ RunTime:0.000000s ]
INFO: [ app_init ] --END-- [ RunTime:0.001000s ]
INFO: [ app_begin ] --START--
INFO: Run Behavior\ReadHtmlCacheBehavior [ RunTime:0.001000s ]
INFO: [ app_begin ] --END-- [ RunTime:0.001000s ]
SQL: SHOW COLUMNS FROM `Shops` [ RunTime:0.0210s ]
SQL: SELECT * FROM `Shops` WHERE `user_id` = 100022 LIMIT 1   [ RunTime:0.0200s ]
SQL: SHOW COLUMNS FROM `apartment_rooms` [ RunTime:0.0210s ]
SQL: SELECT * FROM `apartment_rooms` WHERE `id` = 6 LIMIT 1   [ RunTime:0.0190s ]
SQL: SHOW COLUMNS FROM `agreement` [ RunTime:0.0200s ]
SQL: SELECT * FROM `agreement` WHERE `sell_user_id` = 100022 AND `room_id` = 6 AND `status` = 1 LIMIT 1   [ RunTime:0.0200s ]
SQL: SHOW COLUMNS FROM `agreement_cost` [ RunTime:0.0210s ]
SQL: SELECT * FROM `agreement_cost` WHERE `a_id` = 1  [ RunTime:0.0200s ]

[ 2018-07-26T17:05:46+08:00 ] 127.0.0.1 /index.php/Service/bills_info
INFO: [ app_init ] --START--
INFO: Run Behavior\BuildLiteBehavior [ RunTime:0.000000s ]
INFO: [ app_init ] --END-- [ RunTime:0.001000s ]
INFO: [ app_begin ] --START--
INFO: Run Behavior\ReadHtmlCacheBehavior [ RunTime:0.001000s ]
INFO: [ app_begin ] --END-- [ RunTime:0.001000s ]
SQL: SHOW COLUMNS FROM `Shops` [ RunTime:0.0210s ]
SQL: SELECT * FROM `Shops` WHERE `user_id` = 100022 LIMIT 1   [ RunTime:0.0200s ]
SQL: SHOW COLUMNS FROM `apartment_rooms` [ RunTime:0.0210s ]
SQL: SELECT * FROM `apartment_rooms` WHERE `id` = 6 LIMIT 1   [ RunTime:0.0200s ]
SQL: SHOW COLUMNS FROM `agreement` [ RunTime:0.0210s ]
SQL: SELECT * FROM `agreement` WHERE `sell_user_id` = 100022 AND `room_id` = 6 AND `status` = 1 LIMIT 1   [ RunTime:0.0210s ]
SQL: SHOW COLUMNS FROM `agreement_cost` [ RunTime:0.0200s ]
SQL: SELECT * FROM `agreement_cost` WHERE `a_id` = 1  [ RunTime:0.0190s ]
NOTIC: [8] Undefined index: rood_id E:\myphp\fkx\Application\Home\Controller\ServiceController.class.php 第 731 行.
SQL: SHOW COLUMNS FROM `bills` [ RunTime:0.0210s ]
SQL: SELECT * FROM `bills` WHERE `start_date` = '2018-07-22' AND `end_date` = '2018-08-21' LIMIT 1   [ RunTime:0.0190s ]
SQL: SELECT * FROM `bills` WHERE `a_id` = 1 ORDER BY id desc LIMIT 1   [ RunTime:0.0200s ]

[ 2018-07-26T17:05:55+08:00 ] 127.0.0.1 /index.php/Service/bills_info
INFO: [ app_init ] --START--
INFO: Run Behavior\BuildLiteBehavior [ RunTime:0.000000s ]
INFO: [ app_init ] --END-- [ RunTime:0.000000s ]
INFO: [ app_begin ] --START--
INFO: Run Behavior\ReadHtmlCacheBehavior [ RunTime:0.001000s ]
INFO: [ app_begin ] --END-- [ RunTime:0.001000s ]
SQL: SHOW COLUMNS FROM `Shops` [ RunTime:0.0190s ]
SQL: SELECT * FROM `Shops` WHERE `user_id` = 100022 LIMIT 1   [ RunTime:0.0180s ]
SQL: SHOW COLUMNS FROM `apartment_rooms` [ RunTime:0.0210s ]
SQL: SELECT * FROM `apartment_rooms` WHERE `id` = 6 LIMIT 1   [ RunTime:0.0190s ]
SQL: SHOW COLUMNS FROM `agreement` [ RunTime:0.0190s ]
SQL: SELECT * FROM `agreement` WHERE `sell_user_id` = 100022 AND `room_id` = 6 AND `status` = 1 LIMIT 1   [ RunTime:0.0190s ]
SQL: SHOW COLUMNS FROM `agreement_cost` [ RunTime:0.0190s ]
SQL: SELECT * FROM `agreement_cost` WHERE `a_id` = 1  [ RunTime:0.0180s ]
NOTIC: [8] Undefined index: rood_id E:\myphp\fkx\Application\Home\Controller\ServiceController.class.php 第 731 行.
SQL: SHOW COLUMNS FROM `bills` [ RunTime:0.0180s ]
SQL: SELECT * FROM `bills` WHERE `start_date` = '2018-07-22' AND `end_date` = '2018-08-21' LIMIT 1   [ RunTime:0.0170s ]
SQL: SELECT * FROM `bills` WHERE `a_id` = 1 ORDER BY id desc LIMIT 1   [ RunTime:0.0180s ]
NOTIC: [8] Undefined index: cost E:\myphp\fkx\Application\Home\Controller\ServiceController.class.php 第 798 行.
SQL: INSERT INTO `bills` (`a_id`,`house_id`,`room_id`,`start_date`,`end_date`,`total_price`,`price`,`is_msg`,`is_pay`,`create_time`,`update_time`) VALUES ('1','1000000022','6','2018-07-22','2018-08-21','1400.0000','1400.0000','0','0','1532595955','0') [ RunTime:0.0260s ]

[ 2018-07-26T17:06:13+08:00 ] 127.0.0.1 /index.php/Service/bills_info
INFO: [ app_init ] --START--
INFO: Run Behavior\BuildLiteBehavior [ RunTime:0.000000s ]
INFO: [ app_init ] --END-- [ RunTime:0.001000s ]
INFO: [ app_begin ] --START--
INFO: Run Behavior\ReadHtmlCacheBehavior [ RunTime:0.001000s ]
INFO: [ app_begin ] --END-- [ RunTime:0.001000s ]
SQL: SHOW COLUMNS FROM `Shops` [ RunTime:0.0180s ]
SQL: SELECT * FROM `Shops` WHERE `user_id` = 100022 LIMIT 1   [ RunTime:0.0180s ]
SQL: SHOW COLUMNS FROM `apartment_rooms` [ RunTime:0.0180s ]
SQL: SELECT * FROM `apartment_rooms` WHERE `id` = 6 LIMIT 1   [ RunTime:0.0180s ]
SQL: SHOW COLUMNS FROM `agreement` [ RunTime:0.0190s ]
SQL: SELECT * FROM `agreement` WHERE `sell_user_id` = 100022 AND `room_id` = 6 AND `status` = 1 LIMIT 1   [ RunTime:0.0180s ]
SQL: SHOW COLUMNS FROM `agreement_cost` [ RunTime:0.0180s ]
SQL: SELECT * FROM `agreement_cost` WHERE `a_id` = 1  [ RunTime:0.0180s ]
NOTIC: [8] Undefined index: rood_id E:\myphp\fkx\Application\Home\Controller\ServiceController.class.php 第 731 行.
SQL: SHOW COLUMNS FROM `bills` [ RunTime:0.0180s ]
SQL: SELECT * FROM `bills` WHERE `start_date` = '2018-07-22' AND `end_date` = '2018-08-21' LIMIT 1   [ RunTime:0.0180s ]
SQL: SHOW COLUMNS FROM `bills_detail` [ RunTime:0.0180s ]
SQL: SELECT * FROM `bills_detail` WHERE `b_id` = 4  [ RunTime:0.0180s ]

[ 2018-07-26T17:06:40+08:00 ] 127.0.0.1 /index.php/Service/bills_info
INFO: [ app_init ] --START--
INFO: Run Behavior\BuildLiteBehavior [ RunTime:0.000000s ]
INFO: [ app_init ] --END-- [ RunTime:0.001000s ]
INFO: [ app_begin ] --START--
INFO: Run Behavior\ReadHtmlCacheBehavior [ RunTime:0.002000s ]
INFO: [ app_begin ] --END-- [ RunTime:0.002000s ]
SQL: SHOW COLUMNS FROM `Shops` [ RunTime:0.0180s ]
SQL: SELECT * FROM `Shops` WHERE `user_id` = 100022 LIMIT 1   [ RunTime:0.0170s ]
SQL: SHOW COLUMNS FROM `apartment_rooms` [ RunTime:0.0190s ]
SQL: SELECT * FROM `apartment_rooms` WHERE `id` = 6 LIMIT 1   [ RunTime:0.0170s ]
SQL: SHOW COLUMNS FROM `agreement` [ RunTime:0.0180s ]
SQL: SELECT * FROM `agreement` WHERE `sell_user_id` = 100022 AND `room_id` = 6 AND `status` = 1 LIMIT 1   [ RunTime:0.0180s ]
SQL: SHOW COLUMNS FROM `agreement_cost` [ RunTime:0.0190s ]
SQL: SELECT * FROM `agreement_cost` WHERE `a_id` = 1  [ RunTime:0.0190s ]
NOTIC: [8] Undefined index: rood_id E:\myphp\fkx\Application\Home\Controller\ServiceController.class.php 第 731 行.
SQL: SHOW COLUMNS FROM `bills` [ RunTime:0.0190s ]
SQL: SELECT * FROM `bills` WHERE `start_date` = '2018-07-22' AND `end_date` = '2018-08-21' LIMIT 1   [ RunTime:0.0180s ]
SQL: SELECT * FROM `bills` WHERE `a_id` = 1 ORDER BY id desc LIMIT 1   [ RunTime:0.0170s ]
NOTIC: [8] Undefined index: cost E:\myphp\fkx\Application\Home\Controller\ServiceController.class.php 第 798 行.
SQL: INSERT INTO `bills` (`a_id`,`house_id`,`room_id`,`start_date`,`end_date`,`total_price`,`price`,`is_msg`,`is_pay`,`create_time`,`update_time`) VALUES ('1','1000000022','6','2018-07-22','2018-08-21','1400.0000','1400.0000','0','0','1532596000','0') [ RunTime:0.0260s ]
SQL: SHOW COLUMNS FROM `bills_detail` [ RunTime:0.0180s ]
SQL: INSERT INTO `bills_detail` (`cost_unit_id`,`cost_name_id`,`cost_type_id`,`last_num`,`create_time`,`b_id`) VALUES ('1','2','2','0','1532596000','5'),('0','0','0','0','1532596000','5') [ RunTime:0.0290s ]

[ 2018-07-26T17:07:41+08:00 ] 127.0.0.1 /index.php/Service/bills_info
INFO: [ app_init ] --START--
INFO: Run Behavior\BuildLiteBehavior [ RunTime:0.000000s ]
INFO: [ app_init ] --END-- [ RunTime:0.002000s ]
INFO: [ app_begin ] --START--
INFO: Run Behavior\ReadHtmlCacheBehavior [ RunTime:0.001000s ]
INFO: [ app_begin ] --END-- [ RunTime:0.001000s ]
SQL: SHOW COLUMNS FROM `Shops` [ RunTime:0.1050s ]
SQL: SELECT * FROM `Shops` WHERE `user_id` = 100022 LIMIT 1   [ RunTime:0.1050s ]
SQL: SHOW COLUMNS FROM `apartment_rooms` [ RunTime:0.1050s ]
SQL: SELECT * FROM `apartment_rooms` WHERE `id` = 6 LIMIT 1   [ RunTime:0.1030s ]
SQL: SHOW COLUMNS FROM `agreement` [ RunTime:0.1070s ]
SQL: SELECT * FROM `agreement` WHERE `sell_user_id` = 100022 AND `room_id` = 6 AND `status` = 1 LIMIT 1   [ RunTime:0.1050s ]

[ 2018-07-26T17:09:01+08:00 ] 127.0.0.1 /index.php/Service/bills_info
INFO: [ app_init ] --START--
INFO: Run Behavior\BuildLiteBehavior [ RunTime:0.000000s ]
INFO: [ app_init ] --END-- [ RunTime:0.001000s ]
INFO: [ app_begin ] --START--
INFO: Run Behavior\ReadHtmlCacheBehavior [ RunTime:0.002000s ]
INFO: [ app_begin ] --END-- [ RunTime:0.002000s ]
SQL: SHOW COLUMNS FROM `Shops` [ RunTime:0.0210s ]
SQL: SELECT * FROM `Shops` WHERE `user_id` = 100022 LIMIT 1   [ RunTime:0.0200s ]
SQL: SHOW COLUMNS FROM `apartment_rooms` [ RunTime:0.0210s ]
SQL: SELECT * FROM `apartment_rooms` WHERE `id` = 6 LIMIT 1   [ RunTime:0.0210s ]
SQL: SHOW COLUMNS FROM `agreement` [ RunTime:0.0210s ]
SQL: SELECT * FROM `agreement` WHERE `sell_user_id` = 100022 AND `room_id` = 6 AND `status` = 1 LIMIT 1   [ RunTime:0.0210s ]

[ 2018-07-26T17:09:23+08:00 ] 127.0.0.1 /index.php/Service/bills_info
INFO: [ app_init ] --START--
INFO: Run Behavior\BuildLiteBehavior [ RunTime:0.000000s ]
INFO: [ app_init ] --END-- [ RunTime:0.001000s ]
INFO: [ app_begin ] --START--
INFO: Run Behavior\ReadHtmlCacheBehavior [ RunTime:0.001000s ]
INFO: [ app_begin ] --END-- [ RunTime:0.001000s ]
SQL: SHOW COLUMNS FROM `Shops` [ RunTime:0.0200s ]
SQL: SELECT * FROM `Shops` WHERE `user_id` = 100022 LIMIT 1   [ RunTime:0.0200s ]
SQL: SHOW COLUMNS FROM `apartment_rooms` [ RunTime:0.0200s ]
SQL: SELECT * FROM `apartment_rooms` WHERE `id` = 6 LIMIT 1   [ RunTime:0.0200s ]
SQL: SHOW COLUMNS FROM `agreement` [ RunTime:0.0200s ]
SQL: SELECT * FROM `agreement` WHERE `sell_user_id` = 100022 AND `room_id` = 6 AND `status` = 1 LIMIT 1   [ RunTime:0.0200s ]
SQL: SHOW COLUMNS FROM `agreement_cost` [ RunTime:0.0200s ]
SQL: SELECT * FROM `agreement_cost` WHERE `a_id` = 1  [ RunTime:0.0200s ]
NOTIC: [8] Undefined index: rood_id E:\myphp\fkx\Application\Home\Controller\ServiceController.class.php 第 731 行.
SQL: SHOW COLUMNS FROM `bills` [ RunTime:0.0200s ]
SQL: SELECT * FROM `bills` WHERE `start_date` = '2018-07-22' AND `end_date` = '2018-08-21' LIMIT 1   [ RunTime:0.0200s ]
SQL: SELECT * FROM `bills` WHERE `a_id` = 1 ORDER BY id desc LIMIT 1   [ RunTime:0.0200s ]
NOTIC: [8] Undefined index: cost E:\myphp\fkx\Application\Home\Controller\ServiceController.class.php 第 798 行.

[ 2018-07-26T17:10:01+08:00 ] 127.0.0.1 /index.php/Service/bills_info
INFO: [ app_init ] --START--
INFO: Run Behavior\BuildLiteBehavior [ RunTime:0.000000s ]
INFO: [ app_init ] --END-- [ RunTime:0.001000s ]
INFO: [ app_begin ] --START--
INFO: Run Behavior\ReadHtmlCacheBehavior [ RunTime:0.002000s ]
INFO: [ app_begin ] --END-- [ RunTime:0.002000s ]
SQL: SHOW COLUMNS FROM `Shops` [ RunTime:0.0180s ]
SQL: SELECT * FROM `Shops` WHERE `user_id` = 100022 LIMIT 1   [ RunTime:0.0180s ]
SQL: SHOW COLUMNS FROM `apartment_rooms` [ RunTime:0.0190s ]
SQL: SELECT * FROM `apartment_rooms` WHERE `id` = 6 LIMIT 1   [ RunTime:0.0240s ]
SQL: SHOW COLUMNS FROM `agreement` [ RunTime:0.0180s ]
SQL: SELECT * FROM `agreement` WHERE `sell_user_id` = 100022 AND `room_id` = 6 AND `status` = 1 LIMIT 1   [ RunTime:0.0190s ]
SQL: SHOW COLUMNS FROM `agreement_cost` [ RunTime:0.0180s ]
SQL: SELECT * FROM `agreement_cost` WHERE `a_id` = 1  [ RunTime:0.0180s ]
NOTIC: [8] Undefined index: rood_id E:\myphp\fkx\Application\Home\Controller\ServiceController.class.php 第 731 行.
SQL: SHOW COLUMNS FROM `bills` [ RunTime:0.0180s ]
SQL: SELECT * FROM `bills` WHERE `start_date` = '2018-07-22' AND `end_date` = '2018-08-21' LIMIT 1   [ RunTime:0.0180s ]
SQL: SELECT * FROM `bills` WHERE `a_id` = 1 ORDER BY id desc LIMIT 1   [ RunTime:0.0180s ]
NOTIC: [8] Undefined index: cost E:\myphp\fkx\Application\Home\Controller\ServiceController.class.php 第 798 行.
SQL: INSERT INTO `bills` (`a_id`,`house_id`,`room_id`,`start_date`,`end_date`,`total_price`,`price`,`is_msg`,`is_pay`,`create_time`,`update_time`) VALUES ('1','1000000022','6','2018-07-22','2018-08-21','1400.0000','1400.0000','0','0','1532596201','0') [ RunTime:0.0250s ]
SQL: SHOW COLUMNS FROM `bills_detail` [ RunTime:0.0180s ]
SQL: INSERT INTO `bills_detail` (`cost_unit_id`,`cost_name_id`,`cost_type_id`,`last_num`,`create_time`,`b_id`) VALUES ('1','2','2','0','1532596201','6'),('0','0','0','0','1532596201','6') [ RunTime:0.0290s ]

[ 2018-07-26T17:11:41+08:00 ] 127.0.0.1 /index.php/Service/bills_info
INFO: [ app_init ] --START--
INFO: Run Behavior\BuildLiteBehavior [ RunTime:0.000000s ]
INFO: [ app_init ] --END-- [ RunTime:0.001000s ]
INFO: [ app_begin ] --START--
INFO: Run Behavior\ReadHtmlCacheBehavior [ RunTime:0.001000s ]
INFO: [ app_begin ] --END-- [ RunTime:0.001000s ]
SQL: SHOW COLUMNS FROM `Shops` [ RunTime:0.0200s ]
SQL: SELECT * FROM `Shops` WHERE `user_id` = 100022 LIMIT 1   [ RunTime:0.0190s ]
SQL: SHOW COLUMNS FROM `apartment_rooms` [ RunTime:0.0190s ]
SQL: SELECT * FROM `apartment_rooms` WHERE `id` = 6 LIMIT 1   [ RunTime:0.0190s ]
SQL: SHOW COLUMNS FROM `agreement` [ RunTime:0.0200s ]
SQL: SELECT * FROM `agreement` WHERE `sell_user_id` = 100022 AND `room_id` = 6 AND `status` = 1 LIMIT 1   [ RunTime:0.0200s ]
SQL: SHOW COLUMNS FROM `agreement_cost` [ RunTime:0.0190s ]
SQL: SELECT * FROM `agreement_cost` WHERE `a_id` = 1  [ RunTime:0.0190s ]
NOTIC: [8] Undefined index: rood_id E:\myphp\fkx\Application\Home\Controller\ServiceController.class.php 第 731 行.
SQL: SHOW COLUMNS FROM `bills` [ RunTime:0.0200s ]
SQL: SELECT * FROM `bills` WHERE `start_date` = '2018-07-22' AND `end_date` = '2018-08-21' LIMIT 1   [ RunTime:0.0210s ]

[ 2018-07-26T17:13:09+08:00 ] 127.0.0.1 /index.php/Service/bills_info
INFO: [ app_init ] --START--
INFO: Run Behavior\BuildLiteBehavior [ RunTime:0.000000s ]
INFO: [ app_init ] --END-- [ RunTime:0.001000s ]
INFO: [ app_begin ] --START--
INFO: Run Behavior\ReadHtmlCacheBehavior [ RunTime:0.001000s ]
INFO: [ app_begin ] --END-- [ RunTime:0.002000s ]
SQL: SHOW COLUMNS FROM `Shops` [ RunTime:0.0200s ]
SQL: SELECT * FROM `Shops` WHERE `user_id` = 100022 LIMIT 1   [ RunTime:0.0190s ]
SQL: SHOW COLUMNS FROM `apartment_rooms` [ RunTime:0.0200s ]
SQL: SELECT * FROM `apartment_rooms` WHERE `id` = 6 LIMIT 1   [ RunTime:0.0200s ]
SQL: SHOW COLUMNS FROM `agreement` [ RunTime:0.0210s ]
SQL: SELECT * FROM `agreement` WHERE `sell_user_id` = 100022 AND `room_id` = 6 AND `status` = 1 LIMIT 1   [ RunTime:0.0200s ]
SQL: SHOW COLUMNS FROM `agreement_cost` [ RunTime:0.0200s ]
SQL: SELECT * FROM `agreement_cost` WHERE `a_id` = 1  [ RunTime:0.0190s ]
NOTIC: [8] Undefined index: rood_id E:\myphp\fkx\Application\Home\Controller\ServiceController.class.php 第 731 行.
SQL: SHOW COLUMNS FROM `bills` [ RunTime:0.0210s ]
SQL: SELECT * FROM `bills` WHERE `start_date` = '2018-07-22' AND `end_date` = '2018-08-21' LIMIT 1   [ RunTime:0.0200s ]

[ 2018-07-26T17:13:24+08:00 ] 127.0.0.1 /index.php/Service/bills_info
INFO: [ app_init ] --START--
INFO: Run Behavior\BuildLiteBehavior [ RunTime:0.000000s ]
INFO: [ app_init ] --END-- [ RunTime:0.001000s ]
INFO: [ app_begin ] --START--
INFO: Run Behavior\ReadHtmlCacheBehavior [ RunTime:0.001000s ]
INFO: [ app_begin ] --END-- [ RunTime:0.001000s ]
SQL: SHOW COLUMNS FROM `Shops` [ RunTime:0.0200s ]
SQL: SELECT * FROM `Shops` WHERE `user_id` = 100022 LIMIT 1   [ RunTime:0.0250s ]
SQL: SHOW COLUMNS FROM `apartment_rooms` [ RunTime:0.0200s ]
SQL: SELECT * FROM `apartment_rooms` WHERE `id` = 6 LIMIT 1   [ RunTime:0.0200s ]
SQL: SHOW COLUMNS FROM `agreement` [ RunTime:0.0200s ]
SQL: SELECT * FROM `agreement` WHERE `sell_user_id` = 100022 AND `room_id` = 6 AND `status` = 1 LIMIT 1   [ RunTime:0.0200s ]
SQL: SHOW COLUMNS FROM `agreement_cost` [ RunTime:0.0190s ]
SQL: SELECT * FROM `agreement_cost` WHERE `a_id` = 1  [ RunTime:0.0200s ]
NOTIC: [8] Undefined index: rood_id E:\myphp\fkx\Application\Home\Controller\ServiceController.class.php 第 731 行.
SQL: SHOW COLUMNS FROM `bills` [ RunTime:0.0220s ]
SQL: SELECT * FROM `bills` WHERE `start_date` = '2018-07-22' AND `end_date` = '2018-08-21' LIMIT 1   [ RunTime:0.0240s ]
SQL: SELECT * FROM `bills` WHERE `a_id` = 1 ORDER BY id desc LIMIT 1   [ RunTime:0.0200s ]
NOTIC: [8] Undefined index: cost E:\myphp\fkx\Application\Home\Controller\ServiceController.class.php 第 799 行.

[ 2018-07-26T17:15:10+08:00 ] 127.0.0.1 /index.php/Service/bills_info
INFO: [ app_init ] --START--
INFO: Run Behavior\BuildLiteBehavior [ RunTime:0.000000s ]
INFO: [ app_init ] --END-- [ RunTime:0.001000s ]
INFO: [ app_begin ] --START--
INFO: Run Behavior\ReadHtmlCacheBehavior [ RunTime:0.002000s ]
INFO: [ app_begin ] --END-- [ RunTime:0.002000s ]
SQL: SHOW COLUMNS FROM `Shops` [ RunTime:0.0180s ]
SQL: SELECT * FROM `Shops` WHERE `user_id` = 100022 LIMIT 1   [ RunTime:0.0180s ]
SQL: SHOW COLUMNS FROM `apartment_rooms` [ RunTime:0.0190s ]
SQL: SELECT * FROM `apartment_rooms` WHERE `id` = 6 LIMIT 1   [ RunTime:0.0180s ]
SQL: SHOW COLUMNS FROM `agreement` [ RunTime:0.0170s ]
SQL: SELECT * FROM `agreement` WHERE `sell_user_id` = 100022 AND `room_id` = 6 AND `status` = 1 LIMIT 1   [ RunTime:0.0180s ]
SQL: SHOW COLUMNS FROM `agreement_cost` [ RunTime:0.0180s ]
SQL: SELECT * FROM `agreement_cost` WHERE `a_id` = 1  [ RunTime:0.0170s ]
NOTIC: [8] Undefined index: rood_id E:\myphp\fkx\Application\Home\Controller\ServiceController.class.php 第 731 行.
SQL: SHOW COLUMNS FROM `bills` [ RunTime:0.0180s ]
SQL: SELECT * FROM `bills` WHERE `start_date` = '2018-07-22' AND `end_date` = '2018-08-21' LIMIT 1   [ RunTime:0.0180s ]
SQL: SELECT * FROM `bills` WHERE `a_id` = 1 ORDER BY id desc LIMIT 1   [ RunTime:0.0180s ]

[ 2018-07-26T17:15:29+08:00 ] 127.0.0.1 /index.php/Service/bills_info
INFO: [ app_init ] --START--
INFO: Run Behavior\BuildLiteBehavior [ RunTime:0.000000s ]
INFO: [ app_init ] --END-- [ RunTime:0.002000s ]
INFO: [ app_begin ] --START--
INFO: Run Behavior\ReadHtmlCacheBehavior [ RunTime:0.001000s ]
INFO: [ app_begin ] --END-- [ RunTime:0.001000s ]
SQL: SHOW COLUMNS FROM `Shops` [ RunTime:0.0200s ]
SQL: SELECT * FROM `Shops` WHERE `user_id` = 100022 LIMIT 1   [ RunTime:0.0200s ]
SQL: SHOW COLUMNS FROM `apartment_rooms` [ RunTime:0.0200s ]
SQL: SELECT * FROM `apartment_rooms` WHERE `id` = 6 LIMIT 1   [ RunTime:0.0200s ]
SQL: SHOW COLUMNS FROM `agreement` [ RunTime:0.0200s ]
SQL: SELECT * FROM `agreement` WHERE `sell_user_id` = 100022 AND `room_id` = 6 AND `status` = 1 LIMIT 1   [ RunTime:0.0210s ]
SQL: SHOW COLUMNS FROM `agreement_cost` [ RunTime:0.0210s ]
SQL: SELECT * FROM `agreement_cost` WHERE `a_id` = 1  [ RunTime:0.0200s ]
NOTIC: [8] Undefined index: rood_id E:\myphp\fkx\Application\Home\Controller\ServiceController.class.php 第 731 行.
SQL: SHOW COLUMNS FROM `bills` [ RunTime:0.0200s ]
SQL: SELECT * FROM `bills` WHERE `start_date` = '2018-07-22' AND `end_date` = '2018-08-21' LIMIT 1   [ RunTime:0.0200s ]
SQL: SELECT * FROM `bills` WHERE `a_id` = 1 ORDER BY id desc LIMIT 1   [ RunTime:0.0200s ]
SQL: INSERT INTO `bills` (`a_id`,`house_id`,`room_id`,`start_date`,`end_date`,`total_price`,`price`,`is_msg`,`is_pay`,`create_time`,`update_time`) VALUES ('1','1000000022','6','2018-07-22','2018-08-21','2815','1400.0000','0','0','1532596529','0') [ RunTime:0.0250s ]
SQL: SHOW COLUMNS FROM `bills_detail` [ RunTime:0.0200s ]
SQL: INSERT INTO `bills_detail` (`cost_unit_id`,`cost_name_id`,`cost_type_id`,`last_num`,`create_time`,`b_id`) VALUES ('1','2','2','0','1532596529','7'),('0','0','0','0','1532596529','7') [ RunTime:0.0360s ]

[ 2018-07-26T17:18:34+08:00 ] 127.0.0.1 /index.php/Service/bills_info
INFO: [ app_init ] --START--
INFO: Run Behavior\BuildLiteBehavior [ RunTime:0.000000s ]
INFO: [ app_init ] --END-- [ RunTime:0.001000s ]
INFO: [ app_begin ] --START--
INFO: Run Behavior\ReadHtmlCacheBehavior [ RunTime:0.001000s ]
INFO: [ app_begin ] --END-- [ RunTime:0.001000s ]
SQL: SHOW COLUMNS FROM `Shops` [ RunTime:0.1100s ]
SQL: SELECT * FROM `Shops` WHERE `user_id` = 100022 LIMIT 1   [ RunTime:0.1070s ]
SQL: SHOW COLUMNS FROM `apartment_rooms` [ RunTime:0.1080s ]
SQL: SELECT * FROM `apartment_rooms` WHERE `id` = 6 LIMIT 1   [ RunTime:0.1060s ]
SQL: SHOW COLUMNS FROM `agreement` [ RunTime:0.3700s ]
SQL: SELECT * FROM `agreement` WHERE `sell_user_id` = 100022 AND `room_id` = 6 AND `status` = 1 LIMIT 1   [ RunTime:0.0710s ]
SQL: SHOW COLUMNS FROM `agreement_cost` [ RunTime:0.0810s ]
SQL: SELECT * FROM `agreement_cost` WHERE `a_id` = 1  [ RunTime:0.0910s ]
NOTIC: [8] Undefined index: rood_id E:\myphp\fkx\Application\Home\Controller\ServiceController.class.php 第 731 行.
SQL: SHOW COLUMNS FROM `bills` [ RunTime:0.1070s ]
SQL: SELECT * FROM `bills` WHERE `start_date` = '2018-07-22' AND `end_date` = '2018-08-21' LIMIT 1   [ RunTime:0.4100s ]
SQL: SHOW COLUMNS FROM `bills_detail` [ RunTime:0.1010s ]
SQL: SELECT * FROM `bills_detail` WHERE `b_id` = 7  [ RunTime:0.0990s ]

[ 2018-07-26T17:19:30+08:00 ] 127.0.0.1 /index.php/Service/bills_info
INFO: [ app_init ] --START--
INFO: Run Behavior\BuildLiteBehavior [ RunTime:0.000000s ]
INFO: [ app_init ] --END-- [ RunTime:0.001000s ]
INFO: [ app_begin ] --START--
INFO: Run Behavior\ReadHtmlCacheBehavior [ RunTime:0.002000s ]
INFO: [ app_begin ] --END-- [ RunTime:0.002000s ]
SQL: SHOW COLUMNS FROM `Shops` [ RunTime:0.0200s ]
SQL: SELECT * FROM `Shops` WHERE `user_id` = 100022 LIMIT 1   [ RunTime:0.0200s ]
SQL: SHOW COLUMNS FROM `apartment_rooms` [ RunTime:0.0200s ]
SQL: SELECT * FROM `apartment_rooms` WHERE `id` = 6 LIMIT 1   [ RunTime:0.0210s ]
SQL: SHOW COLUMNS FROM `agreement` [ RunTime:0.0200s ]
SQL: SELECT * FROM `agreement` WHERE `sell_user_id` = 100022 AND `room_id` = 6 AND `status` = 1 LIMIT 1   [ RunTime:0.0200s ]
SQL: SHOW COLUMNS FROM `agreement_cost` [ RunTime:0.0200s ]
SQL: SELECT * FROM `agreement_cost` WHERE `a_id` = 1  [ RunTime:0.0200s ]
NOTIC: [8] Undefined index: rood_id E:\myphp\fkx\Application\Home\Controller\ServiceController.class.php 第 731 行.
SQL: SHOW COLUMNS FROM `bills` [ RunTime:0.0200s ]
SQL: SELECT * FROM `bills` WHERE `start_date` = '2018-07-22' AND `end_date` = '2018-08-21' LIMIT 1   [ RunTime:0.0200s ]
SQL: SHOW COLUMNS FROM `bills_detail` [ RunTime:0.0190s ]
SQL: SELECT * FROM `bills_detail` WHERE `b_id` = 7  [ RunTime:0.0190s ]

[ 2018-07-26T17:19:34+08:00 ] 127.0.0.1 /index.php/Service/bills_info
INFO: [ app_init ] --START--
INFO: Run Behavior\BuildLiteBehavior [ RunTime:0.000000s ]
INFO: [ app_init ] --END-- [ RunTime:0.001000s ]
INFO: [ app_begin ] --START--
INFO: Run Behavior\ReadHtmlCacheBehavior [ RunTime:0.002000s ]
INFO: [ app_begin ] --END-- [ RunTime:0.002000s ]
SQL: SHOW COLUMNS FROM `Shops` [ RunTime:0.0210s ]
SQL: SELECT * FROM `Shops` WHERE `user_id` = 100022 LIMIT 1   [ RunTime:0.0200s ]
SQL: SHOW COLUMNS FROM `apartment_rooms` [ RunTime:0.0210s ]
SQL: SELECT * FROM `apartment_rooms` WHERE `id` = 6 LIMIT 1   [ RunTime:0.0210s ]
SQL: SHOW COLUMNS FROM `agreement` [ RunTime:0.0210s ]
SQL: SELECT * FROM `agreement` WHERE `sell_user_id` = 100022 AND `room_id` = 6 AND `status` = 1 LIMIT 1   [ RunTime:0.0200s ]
SQL: SHOW COLUMNS FROM `agreement_cost` [ RunTime:0.0220s ]
SQL: SELECT * FROM `agreement_cost` WHERE `a_id` = 1  [ RunTime:0.0200s ]
NOTIC: [8] Undefined index: rood_id E:\myphp\fkx\Application\Home\Controller\ServiceController.class.php 第 731 行.
SQL: SHOW COLUMNS FROM `bills` [ RunTime:0.0210s ]
SQL: SELECT * FROM `bills` WHERE `start_date` = '2018-07-22' AND `end_date` = '2018-08-21' LIMIT 1   [ RunTime:0.0200s ]
SQL: SHOW COLUMNS FROM `bills_detail` [ RunTime:0.0210s ]
SQL: SELECT * FROM `bills_detail` WHERE `b_id` = 7  [ RunTime:0.0210s ]

[ 2018-07-26T17:19:53+08:00 ] 127.0.0.1 /index.php/Service/bills_info
INFO: [ app_init ] --START--
INFO: Run Behavior\BuildLiteBehavior [ RunTime:0.000000s ]
INFO: [ app_init ] --END-- [ RunTime:0.001000s ]
INFO: [ app_begin ] --START--
INFO: Run Behavior\ReadHtmlCacheBehavior [ RunTime:0.001000s ]
INFO: [ app_begin ] --END-- [ RunTime:0.002000s ]
SQL: SHOW COLUMNS FROM `Shops` [ RunTime:0.0210s ]
SQL: SELECT * FROM `Shops` WHERE `user_id` = 100022 LIMIT 1   [ RunTime:0.0240s ]
SQL: SHOW COLUMNS FROM `apartment_rooms` [ RunTime:0.0210s ]
SQL: SELECT * FROM `apartment_rooms` WHERE `id` = 6 LIMIT 1   [ RunTime:0.0200s ]
SQL: SHOW COLUMNS FROM `agreement` [ RunTime:0.0210s ]
SQL: SELECT * FROM `agreement` WHERE `sell_user_id` = 100022 AND `room_id` = 6 AND `status` = 1 LIMIT 1   [ RunTime:0.0200s ]
SQL: SHOW COLUMNS FROM `agreement_cost` [ RunTime:0.0200s ]
SQL: SELECT * FROM `agreement_cost` WHERE `a_id` = 1  [ RunTime:0.0200s ]
NOTIC: [8] Undefined index: rood_id E:\myphp\fkx\Application\Home\Controller\ServiceController.class.php 第 731 行.
SQL: SHOW COLUMNS FROM `bills` [ RunTime:0.0200s ]
SQL: SELECT * FROM `bills` WHERE `start_date` = '2018-07-22' AND `end_date` = '2018-08-21' LIMIT 1   [ RunTime:0.0200s ]
SQL: SELECT * FROM `bills` WHERE `a_id` = 1 ORDER BY id desc LIMIT 1   [ RunTime:0.0200s ]
SQL: INSERT INTO `bills` (`a_id`,`house_id`,`room_id`,`start_date`,`end_date`,`total_price`,`price`,`is_msg`,`is_pay`,`create_time`,`update_time`) VALUES ('1','1000000022','6','2018-07-22','2018-08-21','2815','1400.0000','0','0','1532596793','0') [ RunTime:0.0260s ]
SQL: SHOW COLUMNS FROM `bills_detail` [ RunTime:0.0210s ]
SQL: INSERT INTO `bills_detail` (`cost_unit_id`,`cost_name_id`,`cost_type_id`,`cost`,`last_num`,`create_time`,`b_id`) VALUES ('1','2','2','15.0000','0','1532596793','8'),('0','0','0','1400.0000','0','1532596793','8') [ RunTime:0.0380s ]

