[ 2018-07-30T14:03:23+08:00 ] 127.0.0.1 /index.php/Im/getLoginInfo.html
INFO: [ app_init ] --START--
INFO: Run Behavior\BuildLiteBehavior [ RunTime:0.000000s ]
INFO: [ app_init ] --END-- [ RunTime:0.003000s ]
INFO: [ app_begin ] --START--
INFO: Run Behavior\ReadHtmlCacheBehavior [ RunTime:0.003000s ]
INFO: [ app_begin ] --END-- [ RunTime:0.003000s ]
NOTIC: [2] Missing argument 1 for Library\TencentIMSdk\IMSdk::createAndInitRestAPI(), called in E:\myphp\fkx\Application\Home\Controller\ImController.class.php on line 200 and defined E:\myphp\fkx\Library\TencentIMSdk\IMSdk.class.php 第 32 行.
NOTIC: [8] Undefined variable: identifier E:\myphp\fkx\Library\TencentIMSdk\IMSdk.class.php 第 35 行.

[ 2018-07-30T14:03:23+08:00 ] 127.0.0.1 /uploads/pictures/2018-05-03/5aeaa96931b8e.jpeg
INFO: [ app_init ] --START--
INFO: Run Behavior\BuildLiteBehavior [ RunTime:0.000000s ]
INFO: [ app_init ] --END-- [ RunTime:0.001000s ]
INFO: [ app_begin ] --START--
INFO: Run Behavior\ReadHtmlCacheBehavior [ RunTime:0.001000s ]
INFO: [ app_begin ] --END-- [ RunTime:0.001000s ]
ERR: 无法加载控制器:Uploads

[ 2018-07-30T14:03:24+08:00 ] 127.0.0.1 /public/Home/images/left.png
INFO: [ app_init ] --START--
INFO: Run Behavior\BuildLiteBehavior [ RunTime:0.000000s ]
INFO: [ app_init ] --END-- [ RunTime:0.001000s ]

[ 2018-07-30T14:03:28+08:00 ] 127.0.0.1 /index.php
INFO: [ app_init ] --START--
INFO: Run Behavior\BuildLiteBehavior [ RunTime:0.000000s ]
INFO: [ app_init ] --END-- [ RunTime:0.001000s ]
INFO: [ app_begin ] --START--
INFO: Run Behavior\ReadHtmlCacheBehavior [ RunTime:0.001000s ]
INFO: [ app_begin ] --END-- [ RunTime:0.001000s ]
NOTIC: [8] Undefined index: debug E:\myphp\fkx\ThinkPHP\Library\Think\Db\Driver.class.php 第 108 行.
NOTIC: [8] Undefined offset: 0 E:\myphp\fkx\ThinkPHP\Library\Think\Db\Driver.class.php 第 113 行.
NOTIC: [8] Undefined index: debug E:\myphp\fkx\ThinkPHP\Library\Think\Db\Driver.class.php 第 108 行.
NOTIC: [8] Undefined offset: 0 E:\myphp\fkx\ThinkPHP\Library\Think\Db\Driver.class.php 第 113 行.
NOTIC: [8] Undefined index: debug E:\myphp\fkx\ThinkPHP\Library\Think\Db\Driver.class.php 第 108 行.
NOTIC: [8] Undefined offset: 0 E:\myphp\fkx\ThinkPHP\Library\Think\Db\Driver.class.php 第 113 行.
INFO: [ view_parse ] --START--
INFO: [ template_filter ] --START--
INFO: Run Behavior\ContentReplaceBehavior [ RunTime:0.002000s ]
INFO: [ template_filter ] --END-- [ RunTime:0.002000s ]
NOTIC: [8] Undefined variable: houses E:\myphp\fkx\Runtime\Cache\Home\9b1c26b1cee56f532f15c56b96a07c74.php 第 167 行.
NOTIC: [8] Undefined variable: houses E:\myphp\fkx\Runtime\Cache\Home\9b1c26b1cee56f532f15c56b96a07c74.php 第 204 行.
INFO: Run Behavior\ParseTemplateBehavior [ RunTime:0.041000s ]
INFO: [ view_parse ] --END-- [ RunTime:0.041000s ]
INFO: [ view_filter ] --START--
INFO: Run Behavior\WriteHtmlCacheBehavior [ RunTime:0.002000s ]
INFO: [ view_filter ] --END-- [ RunTime:0.002000s ]
INFO: [ app_end ] --START--
INFO: Run Behavior\ShowPageTraceBehavior [ RunTime:0.004000s ]
INFO: [ app_end ] --END-- [ RunTime:0.004000s ]

[ 2018-07-30T14:03:35+08:00 ] 127.0.0.1 /index.php/Index/loadRecommendOldHouse.html
INFO: [ app_init ] --START--
INFO: Run Behavior\BuildLiteBehavior [ RunTime:0.000000s ]
INFO: [ app_init ] --END-- [ RunTime:0.001000s ]
INFO: [ app_begin ] --START--
INFO: Run Behavior\ReadHtmlCacheBehavior [ RunTime:0.001000s ]
INFO: [ app_begin ] --END-- [ RunTime:0.001000s ]
NOTIC: [8] Undefined index: debug E:\myphp\fkx\ThinkPHP\Library\Think\Db\Driver.class.php 第 108 行.
NOTIC: [8] Undefined offset: 0 E:\myphp\fkx\ThinkPHP\Library\Think\Db\Driver.class.php 第 113 行.
NOTIC: [8] Undefined index: debug E:\myphp\fkx\ThinkPHP\Library\Think\Db\Driver.class.php 第 108 行.
NOTIC: [8] Undefined offset: 0 E:\myphp\fkx\ThinkPHP\Library\Think\Db\Driver.class.php 第 113 行.
NOTIC: [8] Undefined index: debug E:\myphp\fkx\ThinkPHP\Library\Think\Db\Driver.class.php 第 108 行.
NOTIC: [8] Undefined offset: 0 E:\myphp\fkx\ThinkPHP\Library\Think\Db\Driver.class.php 第 113 行.
NOTIC: [2] Invalid argument supplied for foreach() E:\myphp\fkx\Application\Home\Controller\IndexController.class.php 第 106 行.
NOTIC: [8] Undefined index: debug E:\myphp\fkx\ThinkPHP\Library\Think\Db\Driver.class.php 第 108 行.
NOTIC: [8] Undefined offset: 0 E:\myphp\fkx\ThinkPHP\Library\Think\Db\Driver.class.php 第 113 行.
NOTIC: [8] Undefined index: debug E:\myphp\fkx\ThinkPHP\Library\Think\Db\Driver.class.php 第 108 行.
NOTIC: [8] Undefined offset: 0 E:\myphp\fkx\ThinkPHP\Library\Think\Db\Driver.class.php 第 113 行.
NOTIC: [8] Undefined index: debug E:\myphp\fkx\ThinkPHP\Library\Think\Db\Driver.class.php 第 108 行.
NOTIC: [8] Undefined offset: 0 E:\myphp\fkx\ThinkPHP\Library\Think\Db\Driver.class.php 第 113 行.
NOTIC: [2] Invalid argument supplied for foreach() E:\myphp\fkx\Application\Home\Controller\IndexController.class.php 第 116 行.
INFO: [ view_parse ] --START--
INFO: [ template_filter ] --START--
INFO: Run Behavior\ContentReplaceBehavior [ RunTime:0.000000s ]
INFO: [ template_filter ] --END-- [ RunTime:0.001000s ]
INFO: Run Behavior\ParseTemplateBehavior [ RunTime:0.012000s ]
INFO: [ view_parse ] --END-- [ RunTime:0.012000s ]
INFO: [ view_filter ] --START--
INFO: Run Behavior\WriteHtmlCacheBehavior [ RunTime:0.001000s ]
INFO: [ view_filter ] --END-- [ RunTime:0.002000s ]
INFO: [ app_end ] --START--
INFO: Run Behavior\ShowPageTraceBehavior [ RunTime:0.001000s ]
INFO: [ app_end ] --END-- [ RunTime:0.001000s ]

[ 2018-07-30T14:03:41+08:00 ] 127.0.0.1 /index.php/Index/loadRecommendNewHouse.html
INFO: [ app_init ] --START--
INFO: Run Behavior\BuildLiteBehavior [ RunTime:0.000000s ]
INFO: [ app_init ] --END-- [ RunTime:0.001000s ]
INFO: [ app_begin ] --START--
INFO: Run Behavior\ReadHtmlCacheBehavior [ RunTime:0.002000s ]
INFO: [ app_begin ] --END-- [ RunTime:0.002000s ]
NOTIC: [8] Undefined index: debug E:\myphp\fkx\ThinkPHP\Library\Think\Db\Driver.class.php 第 108 行.
NOTIC: [8] Undefined offset: 0 E:\myphp\fkx\ThinkPHP\Library\Think\Db\Driver.class.php 第 113 行.
NOTIC: [8] Undefined index: debug E:\myphp\fkx\ThinkPHP\Library\Think\Db\Driver.class.php 第 108 行.
NOTIC: [8] Undefined offset: 0 E:\myphp\fkx\ThinkPHP\Library\Think\Db\Driver.class.php 第 113 行.
NOTIC: [8] Undefined index: debug E:\myphp\fkx\ThinkPHP\Library\Think\Db\Driver.class.php 第 108 行.
NOTIC: [8] Undefined offset: 0 E:\myphp\fkx\ThinkPHP\Library\Think\Db\Driver.class.php 第 113 行.
NOTIC: [2] Invalid argument supplied for foreach() E:\myphp\fkx\Application\Home\Controller\IndexController.class.php 第 78 行.
NOTIC: [8] Undefined index: debug E:\myphp\fkx\ThinkPHP\Library\Think\Db\Driver.class.php 第 108 行.
NOTIC: [8] Undefined offset: 0 E:\myphp\fkx\ThinkPHP\Library\Think\Db\Driver.class.php 第 113 行.
NOTIC: [8] Undefined index: debug E:\myphp\fkx\ThinkPHP\Library\Think\Db\Driver.class.php 第 108 行.
NOTIC: [8] Undefined offset: 0 E:\myphp\fkx\ThinkPHP\Library\Think\Db\Driver.class.php 第 113 行.
NOTIC: [8] Undefined index: debug E:\myphp\fkx\ThinkPHP\Library\Think\Db\Driver.class.php 第 108 行.
NOTIC: [8] Undefined offset: 0 E:\myphp\fkx\ThinkPHP\Library\Think\Db\Driver.class.php 第 113 行.
NOTIC: [2] Invalid argument supplied for foreach() E:\myphp\fkx\Application\Home\Controller\IndexController.class.php 第 94 行.
INFO: [ view_parse ] --START--
INFO: [ template_filter ] --START--
INFO: Run Behavior\ContentReplaceBehavior [ RunTime:0.000000s ]
INFO: [ template_filter ] --END-- [ RunTime:0.000000s ]
INFO: Run Behavior\ParseTemplateBehavior [ RunTime:0.012000s ]
INFO: [ view_parse ] --END-- [ RunTime:0.012000s ]
INFO: [ view_filter ] --START--
INFO: Run Behavior\WriteHtmlCacheBehavior [ RunTime:0.001000s ]
INFO: [ view_filter ] --END-- [ RunTime:0.001000s ]
INFO: [ app_end ] --START--
INFO: Run Behavior\ShowPageTraceBehavior [ RunTime:0.001000s ]
INFO: [ app_end ] --END-- [ RunTime:0.001000s ]

[ 2018-07-30T14:03:43+08:00 ] 127.0.0.1 /public/Home/images/left.png
INFO: [ app_init ] --START--
INFO: Run Behavior\BuildLiteBehavior [ RunTime:0.001000s ]
INFO: [ app_init ] --END-- [ RunTime:0.001000s ]

[ 2018-07-30T14:03:43+08:00 ] 127.0.0.1 /public/Home/images/right.png
INFO: [ app_init ] --START--
INFO: Run Behavior\BuildLiteBehavior [ RunTime:0.000000s ]
INFO: [ app_init ] --END-- [ RunTime:0.001000s ]

[ 2018-07-30T14:04:00+08:00 ] 127.0.0.1 /index.php/Index/loadRecommendRentalHouse.html
INFO: [ app_init ] --START--
INFO: Run Behavior\BuildLiteBehavior [ RunTime:0.000000s ]
INFO: [ app_init ] --END-- [ RunTime:0.001000s ]
INFO: [ app_begin ] --START--
INFO: Run Behavior\ReadHtmlCacheBehavior [ RunTime:0.003000s ]
INFO: [ app_begin ] --END-- [ RunTime:0.003000s ]
NOTIC: [8] Undefined index: debug E:\myphp\fkx\ThinkPHP\Library\Think\Db\Driver.class.php 第 108 行.
NOTIC: [8] Undefined offset: 0 E:\myphp\fkx\ThinkPHP\Library\Think\Db\Driver.class.php 第 113 行.
NOTIC: [8] Undefined index: debug E:\myphp\fkx\ThinkPHP\Library\Think\Db\Driver.class.php 第 108 行.
NOTIC: [8] Undefined offset: 0 E:\myphp\fkx\ThinkPHP\Library\Think\Db\Driver.class.php 第 113 行.
NOTIC: [8] Undefined index: debug E:\myphp\fkx\ThinkPHP\Library\Think\Db\Driver.class.php 第 108 行.
NOTIC: [8] Undefined offset: 0 E:\myphp\fkx\ThinkPHP\Library\Think\Db\Driver.class.php 第 113 行.
NOTIC: [2] Invalid argument supplied for foreach() E:\myphp\fkx\Application\Home\Controller\IndexController.class.php 第 127 行.
NOTIC: [8] Undefined index: debug E:\myphp\fkx\ThinkPHP\Library\Think\Db\Driver.class.php 第 108 行.
NOTIC: [8] Undefined offset: 0 E:\myphp\fkx\ThinkPHP\Library\Think\Db\Driver.class.php 第 113 行.
NOTIC: [8] Undefined index: debug E:\myphp\fkx\ThinkPHP\Library\Think\Db\Driver.class.php 第 108 行.
NOTIC: [8] Undefined offset: 0 E:\myphp\fkx\ThinkPHP\Library\Think\Db\Driver.class.php 第 113 行.
NOTIC: [8] Undefined index: debug E:\myphp\fkx\ThinkPHP\Library\Think\Db\Driver.class.php 第 108 行.
NOTIC: [8] Undefined offset: 0 E:\myphp\fkx\ThinkPHP\Library\Think\Db\Driver.class.php 第 113 行.
NOTIC: [2] Invalid argument supplied for foreach() E:\myphp\fkx\Application\Home\Controller\IndexController.class.php 第 137 行.
INFO: [ view_parse ] --START--
INFO: [ template_filter ] --START--
INFO: Run Behavior\ContentReplaceBehavior [ RunTime:0.000000s ]
INFO: [ template_filter ] --END-- [ RunTime:0.000000s ]
INFO: Run Behavior\ParseTemplateBehavior [ RunTime:0.012000s ]
INFO: [ view_parse ] --END-- [ RunTime:0.012000s ]
INFO: [ view_filter ] --START--
INFO: Run Behavior\WriteHtmlCacheBehavior [ RunTime:0.001000s ]
INFO: [ view_filter ] --END-- [ RunTime:0.001000s ]
INFO: [ app_end ] --START--
INFO: Run Behavior\ShowPageTraceBehavior [ RunTime:0.001000s ]
INFO: [ app_end ] --END-- [ RunTime:0.001000s ]

[ 2018-07-30T14:04:00+08:00 ] 127.0.0.1 /index.php/Im/getLoginInfo.html
INFO: [ app_init ] --START--
INFO: Run Behavior\BuildLiteBehavior [ RunTime:0.001000s ]
INFO: [ app_init ] --END-- [ RunTime:0.001000s ]
INFO: [ app_begin ] --START--
INFO: Run Behavior\ReadHtmlCacheBehavior [ RunTime:0.003000s ]
INFO: [ app_begin ] --END-- [ RunTime:0.003000s ]
NOTIC: [2] Missing argument 1 for Library\TencentIMSdk\IMSdk::createAndInitRestAPI(), called in E:\myphp\fkx\Application\Home\Controller\ImController.class.php on line 200 and defined E:\myphp\fkx\Library\TencentIMSdk\IMSdk.class.php 第 32 行.
NOTIC: [8] Undefined variable: identifier E:\myphp\fkx\Library\TencentIMSdk\IMSdk.class.php 第 35 行.

[ 2018-07-30T14:08:04+08:00 ] 127.0.0.1 /index.php/Service/index.html
INFO: [ app_init ] --START--
INFO: Run Behavior\BuildLiteBehavior [ RunTime:0.000000s ]
INFO: [ app_init ] --END-- [ RunTime:0.001000s ]
INFO: [ app_begin ] --START--
INFO: Run Behavior\ReadHtmlCacheBehavior [ RunTime:0.001000s ]
INFO: [ app_begin ] --END-- [ RunTime:0.001000s ]
NOTIC: [8] Undefined index: debug E:\myphp\fkx\ThinkPHP\Library\Think\Db\Driver.class.php 第 108 行.
NOTIC: [8] Undefined offset: 0 E:\myphp\fkx\ThinkPHP\Library\Think\Db\Driver.class.php 第 113 行.
NOTIC: [8] Undefined index: debug E:\myphp\fkx\ThinkPHP\Library\Think\Db\Driver.class.php 第 108 行.
NOTIC: [8] Undefined offset: 0 E:\myphp\fkx\ThinkPHP\Library\Think\Db\Driver.class.php 第 113 行.
NOTIC: [8] Undefined index: debug E:\myphp\fkx\ThinkPHP\Library\Think\Db\Driver.class.php 第 108 行.
NOTIC: [8] Undefined offset: 0 E:\myphp\fkx\ThinkPHP\Library\Think\Db\Driver.class.php 第 113 行.
INFO: [ view_parse ] --START--
INFO: [ template_filter ] --START--
INFO: Run Behavior\ContentReplaceBehavior [ RunTime:0.000000s ]
INFO: [ template_filter ] --END-- [ RunTime:0.000000s ]
INFO: Run Behavior\ParseTemplateBehavior [ RunTime:0.026000s ]
INFO: [ view_parse ] --END-- [ RunTime:0.026000s ]
INFO: [ view_filter ] --START--
INFO: Run Behavior\WriteHtmlCacheBehavior [ RunTime:0.002000s ]
INFO: [ view_filter ] --END-- [ RunTime:0.002000s ]
INFO: [ app_end ] --START--
INFO: Run Behavior\ShowPageTraceBehavior [ RunTime:0.002000s ]
INFO: [ app_end ] --END-- [ RunTime:0.002000s ]

[ 2018-07-30T14:08:05+08:00 ] 127.0.0.1 /index.php/Im/getLoginInfo.html
INFO: [ app_init ] --START--
INFO: Run Behavior\BuildLiteBehavior [ RunTime:0.000000s ]
INFO: [ app_init ] --END-- [ RunTime:0.002000s ]
INFO: [ app_begin ] --START--
INFO: Run Behavior\ReadHtmlCacheBehavior [ RunTime:0.002000s ]
INFO: [ app_begin ] --END-- [ RunTime:0.002000s ]
NOTIC: [2] Missing argument 1 for Library\TencentIMSdk\IMSdk::createAndInitRestAPI(), called in E:\myphp\fkx\Application\Home\Controller\ImController.class.php on line 200 and defined E:\myphp\fkx\Library\TencentIMSdk\IMSdk.class.php 第 32 行.
NOTIC: [8] Undefined variable: identifier E:\myphp\fkx\Library\TencentIMSdk\IMSdk.class.php 第 35 行.

[ 2018-07-30T14:08:11+08:00 ] 127.0.0.1 /index.php/Service/house_setup.html
INFO: [ app_init ] --START--
INFO: Run Behavior\BuildLiteBehavior [ RunTime:0.000000s ]
INFO: [ app_init ] --END-- [ RunTime:0.001000s ]
INFO: [ app_begin ] --START--
INFO: Run Behavior\ReadHtmlCacheBehavior [ RunTime:0.002000s ]
INFO: [ app_begin ] --END-- [ RunTime:0.002000s ]
NOTIC: [8] Undefined index: debug E:\myphp\fkx\ThinkPHP\Library\Think\Db\Driver.class.php 第 108 行.
NOTIC: [8] Undefined offset: 0 E:\myphp\fkx\ThinkPHP\Library\Think\Db\Driver.class.php 第 113 行.
NOTIC: [8] Undefined index: debug E:\myphp\fkx\ThinkPHP\Library\Think\Db\Driver.class.php 第 108 行.
NOTIC: [8] Undefined offset: 0 E:\myphp\fkx\ThinkPHP\Library\Think\Db\Driver.class.php 第 113 行.
NOTIC: [8] Undefined index: debug E:\myphp\fkx\ThinkPHP\Library\Think\Db\Driver.class.php 第 108 行.
NOTIC: [8] Undefined offset: 0 E:\myphp\fkx\ThinkPHP\Library\Think\Db\Driver.class.php 第 113 行.
INFO: [ view_parse ] --START--
INFO: [ template_filter ] --START--
INFO: Run Behavior\ContentReplaceBehavior [ RunTime:0.000000s ]
INFO: [ template_filter ] --END-- [ RunTime:0.000000s ]
INFO: Run Behavior\ParseTemplateBehavior [ RunTime:0.012000s ]
INFO: [ view_parse ] --END-- [ RunTime:0.013000s ]
INFO: [ view_filter ] --START--
INFO: Run Behavior\WriteHtmlCacheBehavior [ RunTime:0.000000s ]
INFO: [ view_filter ] --END-- [ RunTime:0.001000s ]
INFO: [ app_end ] --START--
INFO: Run Behavior\ShowPageTraceBehavior [ RunTime:0.002000s ]
INFO: [ app_end ] --END-- [ RunTime:0.002000s ]

[ 2018-07-30T14:08:20+08:00 ] 127.0.0.1 /index.php/Service/load_houses.html
INFO: [ app_init ] --START--
INFO: Run Behavior\BuildLiteBehavior [ RunTime:0.000000s ]
INFO: [ app_init ] --END-- [ RunTime:0.005000s ]
INFO: [ app_begin ] --START--
INFO: Run Behavior\ReadHtmlCacheBehavior [ RunTime:0.005000s ]
INFO: [ app_begin ] --END-- [ RunTime:0.005000s ]
NOTIC: [8] Undefined index: debug E:\myphp\fkx\ThinkPHP\Library\Think\Db\Driver.class.php 第 108 行.
NOTIC: [8] Undefined offset: 0 E:\myphp\fkx\ThinkPHP\Library\Think\Db\Driver.class.php 第 113 行.
NOTIC: [8] Undefined index: debug E:\myphp\fkx\ThinkPHP\Library\Think\Db\Driver.class.php 第 108 行.
NOTIC: [8] Undefined offset: 0 E:\myphp\fkx\ThinkPHP\Library\Think\Db\Driver.class.php 第 113 行.
NOTIC: [8] Undefined index: debug E:\myphp\fkx\ThinkPHP\Library\Think\Db\Driver.class.php 第 108 行.
NOTIC: [8] Undefined offset: 0 E:\myphp\fkx\ThinkPHP\Library\Think\Db\Driver.class.php 第 113 行.
NOTIC: [8] Undefined index: debug E:\myphp\fkx\ThinkPHP\Library\Think\Db\Driver.class.php 第 108 行.
NOTIC: [8] Undefined offset: 0 E:\myphp\fkx\ThinkPHP\Library\Think\Db\Driver.class.php 第 113 行.
NOTIC: [8] Undefined index: debug E:\myphp\fkx\ThinkPHP\Library\Think\Db\Driver.class.php 第 108 行.
NOTIC: [8] Undefined offset: 0 E:\myphp\fkx\ThinkPHP\Library\Think\Db\Driver.class.php 第 113 行.
NOTIC: [8] Undefined index: debug E:\myphp\fkx\ThinkPHP\Library\Think\Db\Driver.class.php 第 108 行.
NOTIC: [8] Undefined offset: 0 E:\myphp\fkx\ThinkPHP\Library\Think\Db\Driver.class.php 第 113 行.
NOTIC: [8] Undefined variable: reorder E:\myphp\fkx\Application\Home\Controller\ServiceController.class.php 第 81 行.
NOTIC: [8] Undefined index: debug E:\myphp\fkx\ThinkPHP\Library\Think\Db\Driver.class.php 第 108 行.
NOTIC: [8] Undefined offset: 0 E:\myphp\fkx\ThinkPHP\Library\Think\Db\Driver.class.php 第 113 行.
INFO: [ app_end ] --START--
INFO: Run Behavior\ShowPageTraceBehavior [ RunTime:0.001000s ]
INFO: [ app_end ] --END-- [ RunTime:0.001000s ]

[ 2018-07-30T14:08:32+08:00 ] 127.0.0.1 /index.php/Service/index.html
INFO: [ app_init ] --START--
INFO: Run Behavior\BuildLiteBehavior [ RunTime:0.000000s ]
INFO: [ app_init ] --END-- [ RunTime:0.000000s ]
INFO: [ app_begin ] --START--
INFO: Run Behavior\ReadHtmlCacheBehavior [ RunTime:0.001000s ]
INFO: [ app_begin ] --END-- [ RunTime:0.001000s ]
NOTIC: [8] Undefined index: debug E:\myphp\fkx\ThinkPHP\Library\Think\Db\Driver.class.php 第 108 行.
NOTIC: [8] Undefined offset: 0 E:\myphp\fkx\ThinkPHP\Library\Think\Db\Driver.class.php 第 113 行.
NOTIC: [8] Undefined index: debug E:\myphp\fkx\ThinkPHP\Library\Think\Db\Driver.class.php 第 108 行.
NOTIC: [8] Undefined offset: 0 E:\myphp\fkx\ThinkPHP\Library\Think\Db\Driver.class.php 第 113 行.
NOTIC: [8] Undefined index: debug E:\myphp\fkx\ThinkPHP\Library\Think\Db\Driver.class.php 第 108 行.
NOTIC: [8] Undefined offset: 0 E:\myphp\fkx\ThinkPHP\Library\Think\Db\Driver.class.php 第 113 行.
INFO: [ view_parse ] --START--
INFO: [ template_filter ] --START--
INFO: Run Behavior\ContentReplaceBehavior [ RunTime:0.001000s ]
INFO: [ template_filter ] --END-- [ RunTime:0.001000s ]
INFO: Run Behavior\ParseTemplateBehavior [ RunTime:0.012000s ]
INFO: [ view_parse ] --END-- [ RunTime:0.012000s ]
INFO: [ view_filter ] --START--
INFO: Run Behavior\WriteHtmlCacheBehavior [ RunTime:0.001000s ]
INFO: [ view_filter ] --END-- [ RunTime:0.001000s ]
INFO: [ app_end ] --START--
INFO: Run Behavior\ShowPageTraceBehavior [ RunTime:0.005000s ]
INFO: [ app_end ] --END-- [ RunTime:0.005000s ]

[ 2018-07-30T14:08:33+08:00 ] 127.0.0.1 /index.php/Im/getLoginInfo.html
INFO: [ app_init ] --START--
INFO: Run Behavior\BuildLiteBehavior [ RunTime:0.000000s ]
INFO: [ app_init ] --END-- [ RunTime:0.001000s ]
INFO: [ app_begin ] --START--
INFO: Run Behavior\ReadHtmlCacheBehavior [ RunTime:0.002000s ]
INFO: [ app_begin ] --END-- [ RunTime:0.002000s ]
NOTIC: [2] Missing argument 1 for Library\TencentIMSdk\IMSdk::createAndInitRestAPI(), called in E:\myphp\fkx\Application\Home\Controller\ImController.class.php on line 200 and defined E:\myphp\fkx\Library\TencentIMSdk\IMSdk.class.php 第 32 行.
NOTIC: [8] Undefined variable: identifier E:\myphp\fkx\Library\TencentIMSdk\IMSdk.class.php 第 35 行.

[ 2018-07-30T14:22:24+08:00 ] 127.0.0.1 /index.php/Service/house_setup.html
INFO: [ app_init ] --START--
INFO: Run Behavior\BuildLiteBehavior [ RunTime:0.000000s ]
INFO: [ app_init ] --END-- [ RunTime:0.001000s ]
INFO: [ app_begin ] --START--
INFO: Run Behavior\ReadHtmlCacheBehavior [ RunTime:0.000000s ]
INFO: [ app_begin ] --END-- [ RunTime:0.001000s ]
NOTIC: [8] Undefined index: debug E:\myphp\fkx\ThinkPHP\Library\Think\Db\Driver.class.php 第 108 行.
NOTIC: [8] Undefined offset: 0 E:\myphp\fkx\ThinkPHP\Library\Think\Db\Driver.class.php 第 113 行.
NOTIC: [8] Undefined index: debug E:\myphp\fkx\ThinkPHP\Library\Think\Db\Driver.class.php 第 108 行.
NOTIC: [8] Undefined offset: 0 E:\myphp\fkx\ThinkPHP\Library\Think\Db\Driver.class.php 第 113 行.
NOTIC: [8] Undefined index: debug E:\myphp\fkx\ThinkPHP\Library\Think\Db\Driver.class.php 第 108 行.
NOTIC: [8] Undefined offset: 0 E:\myphp\fkx\ThinkPHP\Library\Think\Db\Driver.class.php 第 113 行.
INFO: [ view_parse ] --START--
INFO: [ template_filter ] --START--
INFO: Run Behavior\ContentReplaceBehavior [ RunTime:0.000000s ]
INFO: [ template_filter ] --END-- [ RunTime:0.000000s ]
INFO: Run Behavior\ParseTemplateBehavior [ RunTime:0.012000s ]
INFO: [ view_parse ] --END-- [ RunTime:0.012000s ]
INFO: [ view_filter ] --START--
INFO: Run Behavior\WriteHtmlCacheBehavior [ RunTime:0.002000s ]
INFO: [ view_filter ] --END-- [ RunTime:0.002000s ]
INFO: [ app_end ] --START--
INFO: Run Behavior\ShowPageTraceBehavior [ RunTime:0.002000s ]
INFO: [ app_end ] --END-- [ RunTime:0.003000s ]

[ 2018-07-30T14:22:31+08:00 ] 127.0.0.1 /index.php/Service/load_houses.html
INFO: [ app_init ] --START--
INFO: Run Behavior\BuildLiteBehavior [ RunTime:0.000000s ]
INFO: [ app_init ] --END-- [ RunTime:0.000000s ]
INFO: [ app_begin ] --START--
INFO: Run Behavior\ReadHtmlCacheBehavior [ RunTime:0.001000s ]
INFO: [ app_begin ] --END-- [ RunTime:0.001000s ]
NOTIC: [8] Undefined index: debug E:\myphp\fkx\ThinkPHP\Library\Think\Db\Driver.class.php 第 108 行.
NOTIC: [8] Undefined offset: 0 E:\myphp\fkx\ThinkPHP\Library\Think\Db\Driver.class.php 第 113 行.
NOTIC: [8] Undefined index: debug E:\myphp\fkx\ThinkPHP\Library\Think\Db\Driver.class.php 第 108 行.
NOTIC: [8] Undefined offset: 0 E:\myphp\fkx\ThinkPHP\Library\Think\Db\Driver.class.php 第 113 行.
NOTIC: [8] Undefined index: debug E:\myphp\fkx\ThinkPHP\Library\Think\Db\Driver.class.php 第 108 行.
NOTIC: [8] Undefined offset: 0 E:\myphp\fkx\ThinkPHP\Library\Think\Db\Driver.class.php 第 113 行.
NOTIC: [8] Undefined index: debug E:\myphp\fkx\ThinkPHP\Library\Think\Db\Driver.class.php 第 108 行.
NOTIC: [8] Undefined offset: 0 E:\myphp\fkx\ThinkPHP\Library\Think\Db\Driver.class.php 第 113 行.
NOTIC: [8] Undefined index: debug E:\myphp\fkx\ThinkPHP\Library\Think\Db\Driver.class.php 第 108 行.
NOTIC: [8] Undefined offset: 0 E:\myphp\fkx\ThinkPHP\Library\Think\Db\Driver.class.php 第 113 行.
NOTIC: [8] Undefined index: debug E:\myphp\fkx\ThinkPHP\Library\Think\Db\Driver.class.php 第 108 行.
NOTIC: [8] Undefined offset: 0 E:\myphp\fkx\ThinkPHP\Library\Think\Db\Driver.class.php 第 113 行.
NOTIC: [8] Undefined variable: reorder E:\myphp\fkx\Application\Home\Controller\ServiceController.class.php 第 81 行.
NOTIC: [8] Undefined index: debug E:\myphp\fkx\ThinkPHP\Library\Think\Db\Driver.class.php 第 108 行.
NOTIC: [8] Undefined offset: 0 E:\myphp\fkx\ThinkPHP\Library\Think\Db\Driver.class.php 第 113 行.
INFO: [ app_end ] --START--
INFO: Run Behavior\ShowPageTraceBehavior [ RunTime:0.003000s ]
INFO: [ app_end ] --END-- [ RunTime:0.003000s ]

[ 2018-07-30T14:46:51+08:00 ] 127.0.0.1 /index.php/Service/house_setup.html
INFO: [ app_init ] --START--
INFO: Run Behavior\BuildLiteBehavior [ RunTime:0.000000s ]
INFO: [ app_init ] --END-- [ RunTime:0.001000s ]
INFO: [ app_begin ] --START--
INFO: Run Behavior\ReadHtmlCacheBehavior [ RunTime:0.001000s ]
INFO: [ app_begin ] --END-- [ RunTime:0.001000s ]
SQL: SHOW COLUMNS FROM `Shops` [ RunTime:0.1880s ]
SQL: SELECT * FROM `Shops` WHERE `user_id` = 100022 LIMIT 1   [ RunTime:0.0900s ]
INFO: [ view_parse ] --START--
INFO: [ template_filter ] --START--
INFO: Run Behavior\ContentReplaceBehavior [ RunTime:0.000000s ]
INFO: [ template_filter ] --END-- [ RunTime:0.000000s ]
INFO: Run Behavior\ParseTemplateBehavior [ RunTime:0.013000s ]
INFO: [ view_parse ] --END-- [ RunTime:0.013000s ]
INFO: [ view_filter ] --START--
INFO: Run Behavior\WriteHtmlCacheBehavior [ RunTime:0.001000s ]
INFO: [ view_filter ] --END-- [ RunTime:0.001000s ]
INFO: [ app_end ] --START--
INFO: Run Behavior\ShowPageTraceBehavior [ RunTime:0.003000s ]
INFO: [ app_end ] --END-- [ RunTime:0.003000s ]

[ 2018-07-30T14:46:54+08:00 ] 127.0.0.1 /index.php/Service/load_houses.html
INFO: [ app_init ] --START--
INFO: Run Behavior\BuildLiteBehavior [ RunTime:0.000000s ]
INFO: [ app_init ] --END-- [ RunTime:0.002000s ]
INFO: [ app_begin ] --START--
INFO: Run Behavior\ReadHtmlCacheBehavior [ RunTime:0.002000s ]
INFO: [ app_begin ] --END-- [ RunTime:0.002000s ]
SQL: SHOW COLUMNS FROM `Shops` [ RunTime:0.0170s ]
SQL: SELECT * FROM `Shops` WHERE `user_id` = 100022 LIMIT 1   [ RunTime:0.0170s ]
SQL: SHOW COLUMNS FROM `RentalHouses` [ RunTime:0.0640s ]
SQL: SELECT * FROM `RentalHouses` WHERE `source` = 2 AND `userId` = 100022 AND `shop_id` = 1 LIMIT 0,20   [ RunTime:0.2830s ]
NOTIC: [8] Undefined variable: reorder E:\myphp\fkx\Application\Home\Controller\ServiceController.class.php 第 81 行.
SQL: SELECT COUNT(*) AS tp_count FROM `RentalHouses` WHERE `source` = 2 AND `userId` = 100022 AND `shop_id` = 1 LIMIT 1   [ RunTime:0.0200s ]
INFO: [ app_end ] --START--
INFO: Run Behavior\ShowPageTraceBehavior [ RunTime:0.002000s ]
INFO: [ app_end ] --END-- [ RunTime:0.002000s ]

[ 2018-07-30T14:47:56+08:00 ] 127.0.0.1 /index.php/Service/houses_info/house_id/1000000031.html
INFO: [ app_init ] --START--
INFO: Run Behavior\BuildLiteBehavior [ RunTime:0.000000s ]
INFO: [ app_init ] --END-- [ RunTime:0.001000s ]
INFO: [ app_begin ] --START--
INFO: Run Behavior\ReadHtmlCacheBehavior [ RunTime:0.002000s ]
INFO: [ app_begin ] --END-- [ RunTime:0.002000s ]
SQL: SHOW COLUMNS FROM `Shops` [ RunTime:0.0180s ]
SQL: SELECT * FROM `Shops` WHERE `user_id` = 100022 LIMIT 1   [ RunTime:0.0170s ]
SQL: SHOW COLUMNS FROM `RentalHouses` [ RunTime:0.0190s ]
SQL: SELECT * FROM `RentalHouses` WHERE `id` = 1000000031 LIMIT 1   [ RunTime:0.0180s ]
SQL: SHOW COLUMNS FROM `apartment_floor` [ RunTime:0.0520s ]
SQL: SELECT `id`,`floor_name` FROM `apartment_floor` WHERE `house_id` = 1000000031  [ RunTime:0.0180s ]
SQL: SHOW COLUMNS FROM `apartment_rooms` [ RunTime:0.0510s ]
SQL: SELECT * FROM `apartment_rooms` WHERE `house_id` = 1000000031  [ RunTime:0.0180s ]
INFO: [ view_parse ] --START--
INFO: [ template_filter ] --START--
INFO: Run Behavior\ContentReplaceBehavior [ RunTime:0.000000s ]
INFO: [ template_filter ] --END-- [ RunTime:0.000000s ]
INFO: Run Behavior\ParseTemplateBehavior [ RunTime:0.019000s ]
INFO: [ view_parse ] --END-- [ RunTime:0.019000s ]
INFO: [ view_filter ] --START--
INFO: Run Behavior\WriteHtmlCacheBehavior [ RunTime:0.001000s ]
INFO: [ view_filter ] --END-- [ RunTime:0.001000s ]
INFO: [ app_end ] --START--
INFO: Run Behavior\ShowPageTraceBehavior [ RunTime:0.004000s ]
INFO: [ app_end ] --END-- [ RunTime:0.004000s ]

[ 2018-07-30T14:48:01+08:00 ] 127.0.0.1 /index.php/Service/house_setup.html
INFO: [ app_init ] --START--
INFO: Run Behavior\BuildLiteBehavior [ RunTime:0.000000s ]
INFO: [ app_init ] --END-- [ RunTime:0.000000s ]
INFO: [ app_begin ] --START--
INFO: Run Behavior\ReadHtmlCacheBehavior [ RunTime:0.001000s ]
INFO: [ app_begin ] --END-- [ RunTime:0.001000s ]
SQL: SHOW COLUMNS FROM `Shops` [ RunTime:0.0200s ]
SQL: SELECT * FROM `Shops` WHERE `user_id` = 100022 LIMIT 1   [ RunTime:0.0200s ]
INFO: [ view_parse ] --START--
INFO: [ template_filter ] --START--
INFO: Run Behavior\ContentReplaceBehavior [ RunTime:0.000000s ]
INFO: [ template_filter ] --END-- [ RunTime:0.000000s ]
INFO: Run Behavior\ParseTemplateBehavior [ RunTime:0.012000s ]
INFO: [ view_parse ] --END-- [ RunTime:0.012000s ]
INFO: [ view_filter ] --START--
INFO: Run Behavior\WriteHtmlCacheBehavior [ RunTime:0.001000s ]
INFO: [ view_filter ] --END-- [ RunTime:0.001000s ]
INFO: [ app_end ] --START--
INFO: Run Behavior\ShowPageTraceBehavior [ RunTime:0.007000s ]
INFO: [ app_end ] --END-- [ RunTime:0.007000s ]

[ 2018-07-30T14:48:25+08:00 ] 127.0.0.1 /index.php/Service/load_houses.html
INFO: [ app_init ] --START--
INFO: Run Behavior\BuildLiteBehavior [ RunTime:0.000000s ]
INFO: [ app_init ] --END-- [ RunTime:0.001000s ]
INFO: [ app_begin ] --START--
INFO: Run Behavior\ReadHtmlCacheBehavior [ RunTime:0.001000s ]
INFO: [ app_begin ] --END-- [ RunTime:0.001000s ]
SQL: SHOW COLUMNS FROM `Shops` [ RunTime:0.0210s ]
SQL: SELECT * FROM `Shops` WHERE `user_id` = 100022 LIMIT 1   [ RunTime:0.0210s ]
SQL: SHOW COLUMNS FROM `RentalHouses` [ RunTime:0.0220s ]
SQL: SELECT * FROM `RentalHouses` WHERE `source` = 2 AND `userId` = 100022 AND `shop_id` = 1 LIMIT 0,20   [ RunTime:0.0650s ]
NOTIC: [8] Undefined variable: reorder E:\myphp\fkx\Application\Home\Controller\ServiceController.class.php 第 81 行.
SQL: SELECT COUNT(*) AS tp_count FROM `RentalHouses` WHERE `source` = 2 AND `userId` = 100022 AND `shop_id` = 1 LIMIT 1   [ RunTime:0.0200s ]
INFO: [ app_end ] --START--
INFO: Run Behavior\ShowPageTraceBehavior [ RunTime:0.002000s ]
INFO: [ app_end ] --END-- [ RunTime:0.002000s ]

[ 2018-07-30T14:55:47+08:00 ] 127.0.0.1 /index.php/Service/houses_info/house_id/1000000022.html
INFO: [ app_init ] --START--
INFO: Run Behavior\BuildLiteBehavior [ RunTime:0.000000s ]
INFO: [ app_init ] --END-- [ RunTime:0.002000s ]
INFO: [ app_begin ] --START--
INFO: Run Behavior\ReadHtmlCacheBehavior [ RunTime:0.002000s ]
INFO: [ app_begin ] --END-- [ RunTime:0.002000s ]
SQL: SHOW COLUMNS FROM `Shops` [ RunTime:0.0180s ]
SQL: SELECT * FROM `Shops` WHERE `user_id` = 100022 LIMIT 1   [ RunTime:0.0170s ]
SQL: SHOW COLUMNS FROM `RentalHouses` [ RunTime:0.0180s ]
SQL: SELECT * FROM `RentalHouses` WHERE `id` = 1000000022 LIMIT 1   [ RunTime:0.0180s ]
SQL: SHOW COLUMNS FROM `apartment_floor` [ RunTime:0.0170s ]
SQL: SELECT `id`,`floor_name` FROM `apartment_floor` WHERE `house_id` = 1000000022  [ RunTime:0.0170s ]
SQL: SHOW COLUMNS FROM `apartment_rooms` [ RunTime:0.0180s ]
SQL: SELECT * FROM `apartment_rooms` WHERE `house_id` = 1000000022  [ RunTime:0.0180s ]
INFO: [ view_parse ] --START--
INFO: [ template_filter ] --START--
INFO: Run Behavior\ContentReplaceBehavior [ RunTime:0.000000s ]
INFO: [ template_filter ] --END-- [ RunTime:0.000000s ]
INFO: Run Behavior\ParseTemplateBehavior [ RunTime:0.020000s ]
INFO: [ view_parse ] --END-- [ RunTime:0.020000s ]
INFO: [ view_filter ] --START--
INFO: Run Behavior\WriteHtmlCacheBehavior [ RunTime:0.001000s ]
INFO: [ view_filter ] --END-- [ RunTime:0.001000s ]
INFO: [ app_end ] --START--
INFO: Run Behavior\ShowPageTraceBehavior [ RunTime:0.002000s ]
INFO: [ app_end ] --END-- [ RunTime:0.002000s ]

[ 2018-07-30T14:55:51+08:00 ] 127.0.0.1 /index.php/Service/load_houses.html
INFO: [ app_init ] --START--
INFO: Run Behavior\BuildLiteBehavior [ RunTime:0.000000s ]
INFO: [ app_init ] --END-- [ RunTime:0.002000s ]
INFO: [ app_begin ] --START--
INFO: Run Behavior\ReadHtmlCacheBehavior [ RunTime:0.002000s ]
INFO: [ app_begin ] --END-- [ RunTime:0.002000s ]
SQL: SHOW COLUMNS FROM `Shops` [ RunTime:0.0210s ]
SQL: SELECT * FROM `Shops` WHERE `user_id` = 100022 LIMIT 1   [ RunTime:0.0200s ]
SQL: SHOW COLUMNS FROM `RentalHouses` [ RunTime:0.0220s ]
SQL: SELECT * FROM `RentalHouses` WHERE `source` = 2 AND `userId` = 100022 AND `shop_id` = 1 LIMIT 0,20   [ RunTime:0.0220s ]
NOTIC: [8] Undefined variable: reorder E:\myphp\fkx\Application\Home\Controller\ServiceController.class.php 第 81 行.
SQL: SELECT COUNT(*) AS tp_count FROM `RentalHouses` WHERE `source` = 2 AND `userId` = 100022 AND `shop_id` = 1 LIMIT 1   [ RunTime:0.0200s ]
INFO: [ app_end ] --START--
INFO: Run Behavior\ShowPageTraceBehavior [ RunTime:0.002000s ]
INFO: [ app_end ] --END-- [ RunTime:0.002000s ]

[ 2018-07-30T14:55:56+08:00 ] 127.0.0.1 /index.php/Service/tenant_info/house_id/1000000022.html
INFO: [ app_init ] --START--
INFO: Run Behavior\BuildLiteBehavior [ RunTime:0.000000s ]
INFO: [ app_init ] --END-- [ RunTime:0.001000s ]
INFO: [ app_begin ] --START--
INFO: Run Behavior\ReadHtmlCacheBehavior [ RunTime:0.001000s ]
INFO: [ app_begin ] --END-- [ RunTime:0.001000s ]
SQL: SHOW COLUMNS FROM `Shops` [ RunTime:0.0200s ]
SQL: SELECT * FROM `Shops` WHERE `user_id` = 100022 LIMIT 1   [ RunTime:0.0190s ]
SQL: SHOW COLUMNS FROM `RentalHouses` [ RunTime:0.0200s ]
SQL: SELECT * FROM `RentalHouses` WHERE `id` = 1000000022 LIMIT 1   [ RunTime:0.0190s ]
SQL: SHOW COLUMNS FROM `apartment_floor` [ RunTime:0.0190s ]
SQL: SELECT `id`,`floor_name` FROM `apartment_floor` WHERE `house_id` = 1000000022  [ RunTime:0.0180s ]
SQL: SHOW COLUMNS FROM `apartment_rooms` [ RunTime:0.0190s ]
SQL: SELECT * FROM `apartment_rooms` WHERE `house_id` = 1000000022  [ RunTime:0.0200s ]
INFO: [ view_parse ] --START--
INFO: [ template_filter ] --START--
INFO: Run Behavior\ContentReplaceBehavior [ RunTime:0.000000s ]
INFO: [ template_filter ] --END-- [ RunTime:0.000000s ]
INFO: Run Behavior\ParseTemplateBehavior [ RunTime:0.015000s ]
INFO: [ view_parse ] --END-- [ RunTime:0.015000s ]
INFO: [ view_filter ] --START--
INFO: Run Behavior\WriteHtmlCacheBehavior [ RunTime:0.001000s ]
INFO: [ view_filter ] --END-- [ RunTime:0.001000s ]
INFO: [ app_end ] --START--
INFO: Run Behavior\ShowPageTraceBehavior [ RunTime:0.003000s ]
INFO: [ app_end ] --END-- [ RunTime:0.003000s ]

[ 2018-07-30T14:56:00+08:00 ] 127.0.0.1 /index.php/Service/edit_tenant/room_id/6.html
INFO: [ app_init ] --START--
INFO: Run Behavior\BuildLiteBehavior [ RunTime:0.000000s ]
INFO: [ app_init ] --END-- [ RunTime:0.009000s ]
INFO: [ app_begin ] --START--
INFO: Run Behavior\ReadHtmlCacheBehavior [ RunTime:0.001000s ]
INFO: [ app_begin ] --END-- [ RunTime:0.001000s ]
SQL: SHOW COLUMNS FROM `Shops` [ RunTime:0.0200s ]
SQL: SELECT * FROM `Shops` WHERE `user_id` = 100022 LIMIT 1   [ RunTime:0.0200s ]
INFO: [ view_parse ] --START--
INFO: [ template_filter ] --START--
INFO: Run Behavior\ContentReplaceBehavior [ RunTime:0.000000s ]
INFO: [ template_filter ] --END-- [ RunTime:0.000000s ]
NOTIC: [8] Undefined variable: room_info E:\myphp\fkx\Runtime\Cache\Home\deeefc58b350474d3703c29f19a96015.php 第 41 行.
NOTIC: [8] Undefined variable: agreement_info E:\myphp\fkx\Runtime\Cache\Home\deeefc58b350474d3703c29f19a96015.php 第 112 行.
NOTIC: [8] Undefined variable: room_info E:\myphp\fkx\Runtime\Cache\Home\deeefc58b350474d3703c29f19a96015.php 第 113 行.
NOTIC: [8] Undefined variable: house_info E:\myphp\fkx\Runtime\Cache\Home\deeefc58b350474d3703c29f19a96015.php 第 117 行.
NOTIC: [8] Undefined variable: room_info E:\myphp\fkx\Runtime\Cache\Home\deeefc58b350474d3703c29f19a96015.php 第 117 行.
NOTIC: [8] Undefined variable: house_info E:\myphp\fkx\Runtime\Cache\Home\deeefc58b350474d3703c29f19a96015.php 第 118 行.
NOTIC: [8] Undefined variable: agreement_info E:\myphp\fkx\Runtime\Cache\Home\deeefc58b350474d3703c29f19a96015.php 第 125 行.
NOTIC: [8] Undefined variable: agreement_info E:\myphp\fkx\Runtime\Cache\Home\deeefc58b350474d3703c29f19a96015.php 第 131 行.
NOTIC: [8] Undefined variable: agreement_info E:\myphp\fkx\Runtime\Cache\Home\deeefc58b350474d3703c29f19a96015.php 第 140 行.
NOTIC: [8] Undefined variable: agreement_info E:\myphp\fkx\Runtime\Cache\Home\deeefc58b350474d3703c29f19a96015.php 第 146 行.
NOTIC: [8] Undefined variable: agreement_info E:\myphp\fkx\Runtime\Cache\Home\deeefc58b350474d3703c29f19a96015.php 第 160 行.
NOTIC: [8] Undefined variable: agreement_info E:\myphp\fkx\Runtime\Cache\Home\deeefc58b350474d3703c29f19a96015.php 第 166 行.
NOTIC: [8] Undefined variable: apartment_type E:\myphp\fkx\Runtime\Cache\Home\deeefc58b350474d3703c29f19a96015.php 第 173 行.
NOTIC: [8] Undefined variable: payment_type E:\myphp\fkx\Runtime\Cache\Home\deeefc58b350474d3703c29f19a96015.php 第 181 行.
NOTIC: [8] Undefined variable: pay_date E:\myphp\fkx\Runtime\Cache\Home\deeefc58b350474d3703c29f19a96015.php 第 189 行.
NOTIC: [8] Undefined variable: room_info E:\myphp\fkx\Runtime\Cache\Home\deeefc58b350474d3703c29f19a96015.php 第 205 行.
NOTIC: [8] Undefined variable: room_info E:\myphp\fkx\Runtime\Cache\Home\deeefc58b350474d3703c29f19a96015.php 第 262 行.
NOTIC: [8] Undefined variable: cost_name_id E:\myphp\fkx\Runtime\Cache\Home\deeefc58b350474d3703c29f19a96015.php 第 313 行.
NOTIC: [8] Undefined variable: cost_type_id E:\myphp\fkx\Runtime\Cache\Home\deeefc58b350474d3703c29f19a96015.php 第 314 行.
NOTIC: [8] Undefined variable: cost_unit_id E:\myphp\fkx\Runtime\Cache\Home\deeefc58b350474d3703c29f19a96015.php 第 315 行.
INFO: Run Behavior\ParseTemplateBehavior [ RunTime:0.020000s ]
INFO: [ view_parse ] --END-- [ RunTime:0.021000s ]
INFO: [ view_filter ] --START--
INFO: Run Behavior\WriteHtmlCacheBehavior [ RunTime:0.001000s ]
INFO: [ view_filter ] --END-- [ RunTime:0.001000s ]
INFO: [ app_end ] --START--
INFO: Run Behavior\ShowPageTraceBehavior [ RunTime:0.002000s ]
INFO: [ app_end ] --END-- [ RunTime:0.002000s ]

[ 2018-07-30T15:12:48+08:00 ] 127.0.0.1 /index.php/Service/tenant_info.html
INFO: [ app_init ] --START--
INFO: Run Behavior\BuildLiteBehavior [ RunTime:0.000000s ]
INFO: [ app_init ] --END-- [ RunTime:0.001000s ]
INFO: [ app_begin ] --START--
INFO: Run Behavior\ReadHtmlCacheBehavior [ RunTime:0.002000s ]
INFO: [ app_begin ] --END-- [ RunTime:0.002000s ]
SQL: SHOW COLUMNS FROM `Shops` [ RunTime:0.0200s ]
SQL: SELECT * FROM `Shops` WHERE `user_id` = 100022 LIMIT 1   [ RunTime:0.0190s ]
INFO: [ view_parse ] --START--
INFO: [ template_filter ] --START--
INFO: Run Behavior\ContentReplaceBehavior [ RunTime:0.000000s ]
INFO: [ template_filter ] --END-- [ RunTime:0.001000s ]
INFO: Run Behavior\ParseTemplateBehavior [ RunTime:0.013000s ]
INFO: [ view_parse ] --END-- [ RunTime:0.013000s ]
INFO: [ view_filter ] --START--
INFO: Run Behavior\WriteHtmlCacheBehavior [ RunTime:0.004000s ]
INFO: [ view_filter ] --END-- [ RunTime:0.004000s ]

[ 2018-07-30T15:12:54+08:00 ] 127.0.0.1 /index.php/Service/tenant_info/house_id/1000000022.html
INFO: [ app_init ] --START--
INFO: Run Behavior\BuildLiteBehavior [ RunTime:0.000000s ]
INFO: [ app_init ] --END-- [ RunTime:0.000000s ]
INFO: [ app_begin ] --START--
INFO: Run Behavior\ReadHtmlCacheBehavior [ RunTime:0.001000s ]
INFO: [ app_begin ] --END-- [ RunTime:0.002000s ]
SQL: SHOW COLUMNS FROM `Shops` [ RunTime:0.0170s ]
SQL: SELECT * FROM `Shops` WHERE `user_id` = 100022 LIMIT 1   [ RunTime:0.0180s ]
SQL: SHOW COLUMNS FROM `RentalHouses` [ RunTime:0.0190s ]
SQL: SELECT * FROM `RentalHouses` WHERE `id` = 1000000022 LIMIT 1   [ RunTime:0.0170s ]
SQL: SHOW COLUMNS FROM `apartment_floor` [ RunTime:0.0170s ]
SQL: SELECT `id`,`floor_name` FROM `apartment_floor` WHERE `house_id` = 1000000022  [ RunTime:0.0170s ]
SQL: SHOW COLUMNS FROM `apartment_rooms` [ RunTime:0.0180s ]
SQL: SELECT * FROM `apartment_rooms` WHERE `house_id` = 1000000022  [ RunTime:0.0180s ]
INFO: [ view_parse ] --START--
INFO: [ template_filter ] --START--
INFO: Run Behavior\ContentReplaceBehavior [ RunTime:0.000000s ]
INFO: [ template_filter ] --END-- [ RunTime:0.000000s ]
INFO: Run Behavior\ParseTemplateBehavior [ RunTime:0.015000s ]
INFO: [ view_parse ] --END-- [ RunTime:0.015000s ]
INFO: [ view_filter ] --START--
INFO: Run Behavior\WriteHtmlCacheBehavior [ RunTime:0.001000s ]
INFO: [ view_filter ] --END-- [ RunTime:0.001000s ]
INFO: [ app_end ] --START--
INFO: Run Behavior\ShowPageTraceBehavior [ RunTime:0.002000s ]
INFO: [ app_end ] --END-- [ RunTime:0.002000s ]

[ 2018-07-30T15:13:54+08:00 ] 127.0.0.1 /index.php/Service/tenant_info/house_id/1000000022.html
INFO: [ app_init ] --START--
INFO: Run Behavior\BuildLiteBehavior [ RunTime:0.000000s ]
INFO: [ app_init ] --END-- [ RunTime:0.002000s ]
INFO: [ app_begin ] --START--
INFO: Run Behavior\ReadHtmlCacheBehavior [ RunTime:0.002000s ]
INFO: [ app_begin ] --END-- [ RunTime:0.002000s ]
SQL: SHOW COLUMNS FROM `Shops` [ RunTime:0.0180s ]
SQL: SELECT * FROM `Shops` WHERE `user_id` = 100022 LIMIT 1   [ RunTime:0.0180s ]
SQL: SHOW COLUMNS FROM `RentalHouses` [ RunTime:0.0190s ]
SQL: SELECT * FROM `RentalHouses` WHERE `id` = 1000000022 LIMIT 1   [ RunTime:0.0190s ]
SQL: SHOW COLUMNS FROM `apartment_floor` [ RunTime:0.0190s ]
SQL: SELECT `id`,`floor_name` FROM `apartment_floor` WHERE `house_id` = 1000000022  [ RunTime:0.0180s ]
SQL: SHOW COLUMNS FROM `apartment_rooms` [ RunTime:0.0180s ]
SQL: SELECT * FROM `apartment_rooms` WHERE `house_id` = 1000000022  [ RunTime:0.0170s ]
INFO: [ view_parse ] --START--
INFO: [ template_filter ] --START--
INFO: Run Behavior\ContentReplaceBehavior [ RunTime:0.000000s ]
INFO: [ template_filter ] --END-- [ RunTime:0.000000s ]
INFO: Run Behavior\ParseTemplateBehavior [ RunTime:0.017000s ]
INFO: [ view_parse ] --END-- [ RunTime:0.017000s ]
INFO: [ view_filter ] --START--
INFO: Run Behavior\WriteHtmlCacheBehavior [ RunTime:0.001000s ]
INFO: [ view_filter ] --END-- [ RunTime:0.001000s ]
INFO: [ app_end ] --START--
INFO: Run Behavior\ShowPageTraceBehavior [ RunTime:0.002000s ]
INFO: [ app_end ] --END-- [ RunTime:0.002000s ]

[ 2018-07-30T15:13:54+08:00 ] 127.0.0.1 /index.php/Service/edit_tenant/room_id/6.html
INFO: [ app_init ] --START--
INFO: Run Behavior\BuildLiteBehavior [ RunTime:0.000000s ]
INFO: [ app_init ] --END-- [ RunTime:0.001000s ]
INFO: [ app_begin ] --START--
INFO: Run Behavior\ReadHtmlCacheBehavior [ RunTime:0.001000s ]
INFO: [ app_begin ] --END-- [ RunTime:0.001000s ]
SQL: SHOW COLUMNS FROM `Shops` [ RunTime:0.0190s ]
SQL: SELECT * FROM `Shops` WHERE `user_id` = 100022 LIMIT 1   [ RunTime:0.0200s ]
INFO: [ view_parse ] --START--
INFO: [ template_filter ] --START--
INFO: Run Behavior\ContentReplaceBehavior [ RunTime:0.000000s ]
INFO: [ template_filter ] --END-- [ RunTime:0.000000s ]
NOTIC: [8] Undefined variable: room_info E:\myphp\fkx\Runtime\Cache\Home\deeefc58b350474d3703c29f19a96015.php 第 41 行.
NOTIC: [8] Undefined variable: agreement_info E:\myphp\fkx\Runtime\Cache\Home\deeefc58b350474d3703c29f19a96015.php 第 112 行.
NOTIC: [8] Undefined variable: room_info E:\myphp\fkx\Runtime\Cache\Home\deeefc58b350474d3703c29f19a96015.php 第 113 行.
NOTIC: [8] Undefined variable: house_info E:\myphp\fkx\Runtime\Cache\Home\deeefc58b350474d3703c29f19a96015.php 第 117 行.
NOTIC: [8] Undefined variable: room_info E:\myphp\fkx\Runtime\Cache\Home\deeefc58b350474d3703c29f19a96015.php 第 117 行.
NOTIC: [8] Undefined variable: house_info E:\myphp\fkx\Runtime\Cache\Home\deeefc58b350474d3703c29f19a96015.php 第 118 行.
NOTIC: [8] Undefined variable: agreement_info E:\myphp\fkx\Runtime\Cache\Home\deeefc58b350474d3703c29f19a96015.php 第 125 行.
NOTIC: [8] Undefined variable: agreement_info E:\myphp\fkx\Runtime\Cache\Home\deeefc58b350474d3703c29f19a96015.php 第 131 行.
NOTIC: [8] Undefined variable: agreement_info E:\myphp\fkx\Runtime\Cache\Home\deeefc58b350474d3703c29f19a96015.php 第 140 行.
NOTIC: [8] Undefined variable: agreement_info E:\myphp\fkx\Runtime\Cache\Home\deeefc58b350474d3703c29f19a96015.php 第 146 行.
NOTIC: [8] Undefined variable: agreement_info E:\myphp\fkx\Runtime\Cache\Home\deeefc58b350474d3703c29f19a96015.php 第 160 行.
NOTIC: [8] Undefined variable: agreement_info E:\myphp\fkx\Runtime\Cache\Home\deeefc58b350474d3703c29f19a96015.php 第 166 行.
NOTIC: [8] Undefined variable: apartment_type E:\myphp\fkx\Runtime\Cache\Home\deeefc58b350474d3703c29f19a96015.php 第 173 行.
NOTIC: [8] Undefined variable: payment_type E:\myphp\fkx\Runtime\Cache\Home\deeefc58b350474d3703c29f19a96015.php 第 181 行.
NOTIC: [8] Undefined variable: pay_date E:\myphp\fkx\Runtime\Cache\Home\deeefc58b350474d3703c29f19a96015.php 第 189 行.
NOTIC: [8] Undefined variable: room_info E:\myphp\fkx\Runtime\Cache\Home\deeefc58b350474d3703c29f19a96015.php 第 205 行.
NOTIC: [8] Undefined variable: room_info E:\myphp\fkx\Runtime\Cache\Home\deeefc58b350474d3703c29f19a96015.php 第 262 行.
NOTIC: [8] Undefined variable: cost_name_id E:\myphp\fkx\Runtime\Cache\Home\deeefc58b350474d3703c29f19a96015.php 第 313 行.
NOTIC: [8] Undefined variable: cost_type_id E:\myphp\fkx\Runtime\Cache\Home\deeefc58b350474d3703c29f19a96015.php 第 314 行.
NOTIC: [8] Undefined variable: cost_unit_id E:\myphp\fkx\Runtime\Cache\Home\deeefc58b350474d3703c29f19a96015.php 第 315 行.
INFO: Run Behavior\ParseTemplateBehavior [ RunTime:0.018000s ]
INFO: [ view_parse ] --END-- [ RunTime:0.018000s ]
INFO: [ view_filter ] --START--
INFO: Run Behavior\WriteHtmlCacheBehavior [ RunTime:0.001000s ]
INFO: [ view_filter ] --END-- [ RunTime:0.002000s ]
INFO: [ app_end ] --START--
INFO: Run Behavior\ShowPageTraceBehavior [ RunTime:0.002000s ]
INFO: [ app_end ] --END-- [ RunTime:0.002000s ]

[ 2018-07-30T15:31:20+08:00 ] 127.0.0.1 /index.php/Service/bills_info.html
INFO: [ app_init ] --START--
INFO: Run Behavior\BuildLiteBehavior [ RunTime:0.000000s ]
INFO: [ app_init ] --END-- [ RunTime:0.001000s ]
INFO: [ app_begin ] --START--
INFO: Run Behavior\ReadHtmlCacheBehavior [ RunTime:0.002000s ]
INFO: [ app_begin ] --END-- [ RunTime:0.002000s ]
SQL: SHOW COLUMNS FROM `Shops` [ RunTime:0.0180s ]
SQL: SELECT * FROM `Shops` WHERE `user_id` = 100022 LIMIT 1   [ RunTime:0.0180s ]
INFO: [ view_parse ] --START--
INFO: [ template_filter ] --START--
INFO: Run Behavior\ContentReplaceBehavior [ RunTime:0.000000s ]
INFO: [ template_filter ] --END-- [ RunTime:0.000000s ]
INFO: Run Behavior\ParseTemplateBehavior [ RunTime:0.015000s ]
INFO: [ view_parse ] --END-- [ RunTime:0.016000s ]
INFO: [ view_filter ] --START--
INFO: Run Behavior\WriteHtmlCacheBehavior [ RunTime:0.001000s ]
INFO: [ view_filter ] --END-- [ RunTime:0.001000s ]

[ 2018-07-30T15:31:38+08:00 ] 127.0.0.1 /index.php/Service/bills_info.html
INFO: [ app_init ] --START--
INFO: Run Behavior\BuildLiteBehavior [ RunTime:0.000000s ]
INFO: [ app_init ] --END-- [ RunTime:0.000000s ]
INFO: [ app_begin ] --START--
INFO: Run Behavior\ReadHtmlCacheBehavior [ RunTime:0.001000s ]
INFO: [ app_begin ] --END-- [ RunTime:0.001000s ]
SQL: SHOW COLUMNS FROM `Shops` [ RunTime:0.0210s ]
SQL: SELECT * FROM `Shops` WHERE `user_id` = 100022 LIMIT 1   [ RunTime:0.0200s ]
INFO: [ view_parse ] --START--
INFO: [ template_filter ] --START--
INFO: Run Behavior\ContentReplaceBehavior [ RunTime:0.000000s ]
INFO: [ template_filter ] --END-- [ RunTime:0.000000s ]
INFO: Run Behavior\ParseTemplateBehavior [ RunTime:0.012000s ]
INFO: [ view_parse ] --END-- [ RunTime:0.012000s ]
INFO: [ view_filter ] --START--
INFO: Run Behavior\WriteHtmlCacheBehavior [ RunTime:0.001000s ]
INFO: [ view_filter ] --END-- [ RunTime:0.001000s ]

[ 2018-07-30T15:31:51+08:00 ] 127.0.0.1 /index.php/Service/bills_info.html
INFO: [ app_init ] --START--
INFO: Run Behavior\BuildLiteBehavior [ RunTime:0.000000s ]
INFO: [ app_init ] --END-- [ RunTime:0.000000s ]
INFO: [ app_begin ] --START--
INFO: Run Behavior\ReadHtmlCacheBehavior [ RunTime:0.001000s ]
INFO: [ app_begin ] --END-- [ RunTime:0.001000s ]
SQL: SHOW COLUMNS FROM `Shops` [ RunTime:0.0200s ]
SQL: SELECT * FROM `Shops` WHERE `user_id` = 100022 LIMIT 1   [ RunTime:0.0190s ]
SQL: SHOW COLUMNS FROM `apartment_rooms` [ RunTime:0.0210s ]
SQL: SELECT * FROM `apartment_rooms` WHERE `id` = 6 LIMIT 1   [ RunTime:0.0200s ]
SQL: SHOW COLUMNS FROM `agreement` [ RunTime:0.0750s ]
SQL: SELECT * FROM `agreement` WHERE `sell_user_id` = 100022 AND `room_id` = 6 AND `status` = 1 LIMIT 1   [ RunTime:0.0380s ]
SQL: SHOW COLUMNS FROM `agreement_cost` [ RunTime:0.0730s ]
SQL: SELECT * FROM `agreement_cost` WHERE `a_id` = 1  [ RunTime:0.0390s ]
NOTIC: [8] Undefined index: rood_id E:\myphp\fkx\Application\Home\Controller\ServiceController.class.php 第 744 行.
SQL: SHOW COLUMNS FROM `bills` [ RunTime:0.0520s ]
SQL: SELECT * FROM `bills` WHERE `start_date` = '2018-07-22' AND `end_date` = '2018-08-21' LIMIT 1   [ RunTime:0.0380s ]
SQL: SHOW COLUMNS FROM `bills_detail` [ RunTime:0.0210s ]
SQL: SELECT * FROM `bills_detail` WHERE `b_id` = 8  [ RunTime:0.0190s ]
INFO: [ view_parse ] --START--
INFO: [ template_filter ] --START--
INFO: Run Behavior\ContentReplaceBehavior [ RunTime:0.000000s ]
INFO: [ template_filter ] --END-- [ RunTime:0.000000s ]
NOTIC: [8] Undefined variable: agreement_info E:\myphp\fkx\Runtime\Cache\Home\ff8acb40b44465ce158708c04745adbf.php 第 132 行.
NOTIC: [8] Undefined variable: room_info E:\myphp\fkx\Runtime\Cache\Home\ff8acb40b44465ce158708c04745adbf.php 第 133 行.
NOTIC: [8] Undefined variable: house_info E:\myphp\fkx\Runtime\Cache\Home\ff8acb40b44465ce158708c04745adbf.php 第 137 行.
NOTIC: [8] Undefined variable: room_info E:\myphp\fkx\Runtime\Cache\Home\ff8acb40b44465ce158708c04745adbf.php 第 137 行.
NOTIC: [8] Undefined variable: house_info E:\myphp\fkx\Runtime\Cache\Home\ff8acb40b44465ce158708c04745adbf.php 第 138 行.
NOTIC: [8] Undefined variable: agreement_info E:\myphp\fkx\Runtime\Cache\Home\ff8acb40b44465ce158708c04745adbf.php 第 144 行.
NOTIC: [8] Undefined variable: agreement_info E:\myphp\fkx\Runtime\Cache\Home\ff8acb40b44465ce158708c04745adbf.php 第 145 行.
NOTIC: [8] Undefined variable: agreement_info E:\myphp\fkx\Runtime\Cache\Home\ff8acb40b44465ce158708c04745adbf.php 第 149 行.
NOTIC: [8] Undefined variable: agreement_info E:\myphp\fkx\Runtime\Cache\Home\ff8acb40b44465ce158708c04745adbf.php 第 150 行.
NOTIC: [8] Undefined index: cost_name E:\myphp\fkx\Runtime\Cache\Home\ff8acb40b44465ce158708c04745adbf.php 第 172 行.
NOTIC: [8] Undefined index: cost_name E:\myphp\fkx\Runtime\Cache\Home\ff8acb40b44465ce158708c04745adbf.php 第 172 行.
NOTIC: [8] Undefined variable: room_info E:\myphp\fkx\Runtime\Cache\Home\ff8acb40b44465ce158708c04745adbf.php 第 225 行.
INFO: Run Behavior\ParseTemplateBehavior [ RunTime:0.012000s ]
INFO: [ view_parse ] --END-- [ RunTime:0.013000s ]
INFO: [ view_filter ] --START--
INFO: Run Behavior\WriteHtmlCacheBehavior [ RunTime:0.001000s ]
INFO: [ view_filter ] --END-- [ RunTime:0.001000s ]
INFO: [ app_end ] --START--
INFO: Run Behavior\ShowPageTraceBehavior [ RunTime:0.003000s ]
INFO: [ app_end ] --END-- [ RunTime:0.003000s ]

[ 2018-07-30T15:33:15+08:00 ] 127.0.0.1 /index.php/Service/bills_info.html
INFO: [ app_init ] --START--
INFO: Run Behavior\BuildLiteBehavior [ RunTime:0.000000s ]
INFO: [ app_init ] --END-- [ RunTime:0.001000s ]
INFO: [ app_begin ] --START--
INFO: Run Behavior\ReadHtmlCacheBehavior [ RunTime:0.003000s ]
INFO: [ app_begin ] --END-- [ RunTime:0.003000s ]
SQL: SHOW COLUMNS FROM `Shops` [ RunTime:0.0170s ]
SQL: SELECT * FROM `Shops` WHERE `user_id` = 100022 LIMIT 1   [ RunTime:0.0170s ]
INFO: [ view_parse ] --START--
INFO: [ template_filter ] --START--
INFO: Run Behavior\ContentReplaceBehavior [ RunTime:0.000000s ]
INFO: [ template_filter ] --END-- [ RunTime:0.000000s ]
INFO: Run Behavior\ParseTemplateBehavior [ RunTime:0.008000s ]
INFO: [ view_parse ] --END-- [ RunTime:0.009000s ]
INFO: [ view_filter ] --START--
INFO: Run Behavior\WriteHtmlCacheBehavior [ RunTime:0.000000s ]
INFO: [ view_filter ] --END-- [ RunTime:0.000000s ]

[ 2018-07-30T15:33:44+08:00 ] 127.0.0.1 /index.php/Service/bills_info.html
INFO: [ app_init ] --START--
INFO: Run Behavior\BuildLiteBehavior [ RunTime:0.000000s ]
INFO: [ app_init ] --END-- [ RunTime:0.001000s ]
INFO: [ app_begin ] --START--
INFO: Run Behavior\ReadHtmlCacheBehavior [ RunTime:0.003000s ]
INFO: [ app_begin ] --END-- [ RunTime:0.003000s ]
SQL: SHOW COLUMNS FROM `Shops` [ RunTime:0.0180s ]
SQL: SELECT * FROM `Shops` WHERE `user_id` = 100022 LIMIT 1   [ RunTime:0.0170s ]
SQL: SHOW COLUMNS FROM `apartment_rooms` [ RunTime:0.0170s ]
SQL: SELECT * FROM `apartment_rooms` WHERE `id` = 6 LIMIT 1   [ RunTime:0.0180s ]
SQL: SHOW COLUMNS FROM `agreement` [ RunTime:0.0180s ]
SQL: SELECT * FROM `agreement` WHERE `sell_user_id` = 100022 AND `room_id` = 6 AND `status` = 1 LIMIT 1   [ RunTime:0.0220s ]
SQL: SHOW COLUMNS FROM `agreement_cost` [ RunTime:0.0180s ]
SQL: SELECT * FROM `agreement_cost` WHERE `a_id` = 1  [ RunTime:0.0170s ]
NOTIC: [8] Undefined index: rood_id E:\myphp\fkx\Application\Home\Controller\ServiceController.class.php 第 744 行.
SQL: SHOW COLUMNS FROM `bills` [ RunTime:0.0170s ]
SQL: SELECT * FROM `bills` WHERE `start_date` = '2018-07-22' AND `end_date` = '2018-08-21' LIMIT 1   [ RunTime:0.0180s ]
SQL: SHOW COLUMNS FROM `bills_detail` [ RunTime:0.0190s ]
SQL: SELECT * FROM `bills_detail` WHERE `b_id` = 8  [ RunTime:0.0170s ]
INFO: [ view_parse ] --START--
INFO: [ template_filter ] --START--
INFO: Run Behavior\ContentReplaceBehavior [ RunTime:0.000000s ]
INFO: [ template_filter ] --END-- [ RunTime:0.000000s ]
NOTIC: [8] Undefined variable: agreement_info E:\myphp\fkx\Runtime\Cache\Home\ff8acb40b44465ce158708c04745adbf.php 第 132 行.
NOTIC: [8] Undefined variable: room_info E:\myphp\fkx\Runtime\Cache\Home\ff8acb40b44465ce158708c04745adbf.php 第 133 行.
NOTIC: [8] Undefined variable: house_info E:\myphp\fkx\Runtime\Cache\Home\ff8acb40b44465ce158708c04745adbf.php 第 137 行.
NOTIC: [8] Undefined variable: room_info E:\myphp\fkx\Runtime\Cache\Home\ff8acb40b44465ce158708c04745adbf.php 第 137 行.
NOTIC: [8] Undefined variable: house_info E:\myphp\fkx\Runtime\Cache\Home\ff8acb40b44465ce158708c04745adbf.php 第 138 行.
NOTIC: [8] Undefined variable: agreement_info E:\myphp\fkx\Runtime\Cache\Home\ff8acb40b44465ce158708c04745adbf.php 第 144 行.
NOTIC: [8] Undefined variable: agreement_info E:\myphp\fkx\Runtime\Cache\Home\ff8acb40b44465ce158708c04745adbf.php 第 145 行.
NOTIC: [8] Undefined variable: agreement_info E:\myphp\fkx\Runtime\Cache\Home\ff8acb40b44465ce158708c04745adbf.php 第 149 行.
NOTIC: [8] Undefined variable: agreement_info E:\myphp\fkx\Runtime\Cache\Home\ff8acb40b44465ce158708c04745adbf.php 第 150 行.
NOTIC: [8] Undefined index: cost_name E:\myphp\fkx\Runtime\Cache\Home\ff8acb40b44465ce158708c04745adbf.php 第 172 行.
NOTIC: [8] Undefined index: cost_name E:\myphp\fkx\Runtime\Cache\Home\ff8acb40b44465ce158708c04745adbf.php 第 172 行.
NOTIC: [8] Undefined variable: room_info E:\myphp\fkx\Runtime\Cache\Home\ff8acb40b44465ce158708c04745adbf.php 第 225 行.
INFO: Run Behavior\ParseTemplateBehavior [ RunTime:0.015000s ]
INFO: [ view_parse ] --END-- [ RunTime:0.015000s ]
INFO: [ view_filter ] --START--
INFO: Run Behavior\WriteHtmlCacheBehavior [ RunTime:0.002000s ]
INFO: [ view_filter ] --END-- [ RunTime:0.002000s ]
INFO: [ app_end ] --START--
INFO: Run Behavior\ShowPageTraceBehavior [ RunTime:0.001000s ]
INFO: [ app_end ] --END-- [ RunTime:0.002000s ]

[ 2018-07-30T15:40:25+08:00 ] 127.0.0.1 /index.php/Service/edit_tenant/room_id/6.html
INFO: [ app_init ] --START--
INFO: Run Behavior\BuildLiteBehavior [ RunTime:0.000000s ]
INFO: [ app_init ] --END-- [ RunTime:0.001000s ]
INFO: [ app_begin ] --START--
INFO: Run Behavior\ReadHtmlCacheBehavior [ RunTime:0.003000s ]
INFO: [ app_begin ] --END-- [ RunTime:0.003000s ]
SQL: SHOW COLUMNS FROM `Shops` [ RunTime:0.0200s ]
SQL: SELECT * FROM `Shops` WHERE `user_id` = 100022 LIMIT 1   [ RunTime:0.0210s ]
INFO: [ view_parse ] --START--
INFO: [ template_filter ] --START--
INFO: Run Behavior\ContentReplaceBehavior [ RunTime:0.000000s ]
INFO: [ template_filter ] --END-- [ RunTime:0.000000s ]
NOTIC: [8] Undefined variable: room_info E:\myphp\fkx\Runtime\Cache\Home\deeefc58b350474d3703c29f19a96015.php 第 41 行.
NOTIC: [8] Undefined variable: agreement_info E:\myphp\fkx\Runtime\Cache\Home\deeefc58b350474d3703c29f19a96015.php 第 112 行.
NOTIC: [8] Undefined variable: room_info E:\myphp\fkx\Runtime\Cache\Home\deeefc58b350474d3703c29f19a96015.php 第 113 行.
NOTIC: [8] Undefined variable: house_info E:\myphp\fkx\Runtime\Cache\Home\deeefc58b350474d3703c29f19a96015.php 第 117 行.
NOTIC: [8] Undefined variable: room_info E:\myphp\fkx\Runtime\Cache\Home\deeefc58b350474d3703c29f19a96015.php 第 117 行.
NOTIC: [8] Undefined variable: house_info E:\myphp\fkx\Runtime\Cache\Home\deeefc58b350474d3703c29f19a96015.php 第 118 行.
NOTIC: [8] Undefined variable: agreement_info E:\myphp\fkx\Runtime\Cache\Home\deeefc58b350474d3703c29f19a96015.php 第 125 行.
NOTIC: [8] Undefined variable: agreement_info E:\myphp\fkx\Runtime\Cache\Home\deeefc58b350474d3703c29f19a96015.php 第 131 行.
NOTIC: [8] Undefined variable: agreement_info E:\myphp\fkx\Runtime\Cache\Home\deeefc58b350474d3703c29f19a96015.php 第 140 行.
NOTIC: [8] Undefined variable: agreement_info E:\myphp\fkx\Runtime\Cache\Home\deeefc58b350474d3703c29f19a96015.php 第 146 行.
NOTIC: [8] Undefined variable: agreement_info E:\myphp\fkx\Runtime\Cache\Home\deeefc58b350474d3703c29f19a96015.php 第 160 行.
NOTIC: [8] Undefined variable: agreement_info E:\myphp\fkx\Runtime\Cache\Home\deeefc58b350474d3703c29f19a96015.php 第 166 行.
NOTIC: [8] Undefined variable: apartment_type E:\myphp\fkx\Runtime\Cache\Home\deeefc58b350474d3703c29f19a96015.php 第 173 行.
NOTIC: [8] Undefined variable: payment_type E:\myphp\fkx\Runtime\Cache\Home\deeefc58b350474d3703c29f19a96015.php 第 181 行.
NOTIC: [8] Undefined variable: pay_date E:\myphp\fkx\Runtime\Cache\Home\deeefc58b350474d3703c29f19a96015.php 第 189 行.
NOTIC: [8] Undefined variable: room_info E:\myphp\fkx\Runtime\Cache\Home\deeefc58b350474d3703c29f19a96015.php 第 205 行.
NOTIC: [8] Undefined variable: room_info E:\myphp\fkx\Runtime\Cache\Home\deeefc58b350474d3703c29f19a96015.php 第 262 行.
NOTIC: [8] Undefined variable: cost_name_id E:\myphp\fkx\Runtime\Cache\Home\deeefc58b350474d3703c29f19a96015.php 第 313 行.
NOTIC: [8] Undefined variable: cost_type_id E:\myphp\fkx\Runtime\Cache\Home\deeefc58b350474d3703c29f19a96015.php 第 314 行.
NOTIC: [8] Undefined variable: cost_unit_id E:\myphp\fkx\Runtime\Cache\Home\deeefc58b350474d3703c29f19a96015.php 第 315 行.
INFO: Run Behavior\ParseTemplateBehavior [ RunTime:0.014000s ]
INFO: [ view_parse ] --END-- [ RunTime:0.014000s ]
INFO: [ view_filter ] --START--
INFO: Run Behavior\WriteHtmlCacheBehavior [ RunTime:0.001000s ]
INFO: [ view_filter ] --END-- [ RunTime:0.001000s ]
INFO: [ app_end ] --START--
INFO: Run Behavior\ShowPageTraceBehavior [ RunTime:0.001000s ]
INFO: [ app_end ] --END-- [ RunTime:0.001000s ]

[ 2018-07-30T15:40:48+08:00 ] 127.0.0.1 /index.php/Service/tenant_info.html
INFO: [ app_init ] --START--
INFO: Run Behavior\BuildLiteBehavior [ RunTime:0.001000s ]
INFO: [ app_init ] --END-- [ RunTime:0.001000s ]
INFO: [ app_begin ] --START--
INFO: Run Behavior\ReadHtmlCacheBehavior [ RunTime:0.001000s ]
INFO: [ app_begin ] --END-- [ RunTime:0.001000s ]
SQL: SHOW COLUMNS FROM `Shops` [ RunTime:0.0200s ]
SQL: SELECT * FROM `Shops` WHERE `user_id` = 100022 LIMIT 1   [ RunTime:0.0200s ]
INFO: [ view_parse ] --START--
INFO: [ template_filter ] --START--
INFO: Run Behavior\ContentReplaceBehavior [ RunTime:0.000000s ]
INFO: [ template_filter ] --END-- [ RunTime:0.001000s ]
INFO: Run Behavior\ParseTemplateBehavior [ RunTime:0.007000s ]
INFO: [ view_parse ] --END-- [ RunTime:0.007000s ]
INFO: [ view_filter ] --START--
INFO: Run Behavior\WriteHtmlCacheBehavior [ RunTime:0.000000s ]
INFO: [ view_filter ] --END-- [ RunTime:0.000000s ]

[ 2018-07-30T15:41:07+08:00 ] 127.0.0.1 /index.php/Service/
INFO: [ app_init ] --START--
INFO: Run Behavior\BuildLiteBehavior [ RunTime:0.000000s ]
INFO: [ app_init ] --END-- [ RunTime:0.001000s ]
INFO: [ app_begin ] --START--
INFO: Run Behavior\ReadHtmlCacheBehavior [ RunTime:0.001000s ]
INFO: [ app_begin ] --END-- [ RunTime:0.001000s ]
SQL: SHOW COLUMNS FROM `Shops` [ RunTime:0.1130s ]
SQL: SELECT * FROM `Shops` WHERE `user_id` = 100022 LIMIT 1   [ RunTime:0.1150s ]
INFO: [ view_parse ] --START--
INFO: [ template_filter ] --START--
INFO: Run Behavior\ContentReplaceBehavior [ RunTime:0.001000s ]
INFO: [ template_filter ] --END-- [ RunTime:0.001000s ]
INFO: Run Behavior\ParseTemplateBehavior [ RunTime:0.014000s ]
INFO: [ view_parse ] --END-- [ RunTime:0.014000s ]
INFO: [ view_filter ] --START--
INFO: Run Behavior\WriteHtmlCacheBehavior [ RunTime:0.001000s ]
INFO: [ view_filter ] --END-- [ RunTime:0.001000s ]
INFO: [ app_end ] --START--
INFO: Run Behavior\ShowPageTraceBehavior [ RunTime:0.001000s ]
INFO: [ app_end ] --END-- [ RunTime:0.001000s ]

[ 2018-07-30T15:41:09+08:00 ] 127.0.0.1 /index.php/Im/getLoginInfo.html
INFO: [ app_init ] --START--
INFO: Run Behavior\BuildLiteBehavior [ RunTime:0.000000s ]
INFO: [ app_init ] --END-- [ RunTime:0.001000s ]
INFO: [ app_begin ] --START--
INFO: Run Behavior\ReadHtmlCacheBehavior [ RunTime:0.001000s ]
INFO: [ app_begin ] --END-- [ RunTime:0.002000s ]
NOTIC: [2] Missing argument 1 for Library\TencentIMSdk\IMSdk::createAndInitRestAPI(), called in E:\myphp\fkx\Application\Home\Controller\ImController.class.php on line 200 and defined E:\myphp\fkx\Library\TencentIMSdk\IMSdk.class.php 第 32 行.
NOTIC: [8] Undefined variable: identifier E:\myphp\fkx\Library\TencentIMSdk\IMSdk.class.php 第 35 行.

[ 2018-07-30T15:41:12+08:00 ] 127.0.0.1 /index.php/Service/house_setup.html
INFO: [ app_init ] --START--
INFO: Run Behavior\BuildLiteBehavior [ RunTime:0.000000s ]
INFO: [ app_init ] --END-- [ RunTime:0.001000s ]
INFO: [ app_begin ] --START--
INFO: Run Behavior\ReadHtmlCacheBehavior [ RunTime:0.002000s ]
INFO: [ app_begin ] --END-- [ RunTime:0.002000s ]
SQL: SHOW COLUMNS FROM `Shops` [ RunTime:0.0960s ]
SQL: SELECT * FROM `Shops` WHERE `user_id` = 100022 LIMIT 1   [ RunTime:0.0680s ]
INFO: [ view_parse ] --START--
INFO: [ template_filter ] --START--
INFO: Run Behavior\ContentReplaceBehavior [ RunTime:0.000000s ]
INFO: [ template_filter ] --END-- [ RunTime:0.000000s ]
INFO: Run Behavior\ParseTemplateBehavior [ RunTime:0.010000s ]
INFO: [ view_parse ] --END-- [ RunTime:0.010000s ]
INFO: [ view_filter ] --START--
INFO: Run Behavior\WriteHtmlCacheBehavior [ RunTime:0.000000s ]
INFO: [ view_filter ] --END-- [ RunTime:0.000000s ]
INFO: [ app_end ] --START--
INFO: Run Behavior\ShowPageTraceBehavior [ RunTime:0.000000s ]
INFO: [ app_end ] --END-- [ RunTime:0.002000s ]

[ 2018-07-30T15:41:15+08:00 ] 127.0.0.1 /index.php/Service/load_houses.html
INFO: [ app_init ] --START--
INFO: Run Behavior\BuildLiteBehavior [ RunTime:0.000000s ]
INFO: [ app_init ] --END-- [ RunTime:0.001000s ]
INFO: [ app_begin ] --START--
INFO: Run Behavior\ReadHtmlCacheBehavior [ RunTime:0.001000s ]
INFO: [ app_begin ] --END-- [ RunTime:0.002000s ]
SQL: SHOW COLUMNS FROM `Shops` [ RunTime:0.0210s ]
SQL: SELECT * FROM `Shops` WHERE `user_id` = 100022 LIMIT 1   [ RunTime:0.0200s ]
SQL: SHOW COLUMNS FROM `RentalHouses` [ RunTime:0.0210s ]
SQL: SELECT * FROM `RentalHouses` WHERE `source` = 2 AND `userId` = 100022 AND `shop_id` = 1 LIMIT 0,20   [ RunTime:0.0210s ]
NOTIC: [8] Undefined variable: reorder E:\myphp\fkx\Application\Home\Controller\ServiceController.class.php 第 81 行.
SQL: SELECT COUNT(*) AS tp_count FROM `RentalHouses` WHERE `source` = 2 AND `userId` = 100022 AND `shop_id` = 1 LIMIT 1   [ RunTime:0.0210s ]
INFO: [ app_end ] --START--
INFO: Run Behavior\ShowPageTraceBehavior [ RunTime:0.001000s ]
INFO: [ app_end ] --END-- [ RunTime:0.001000s ]

[ 2018-07-30T15:41:19+08:00 ] 127.0.0.1 /index.php/Service/tenant_info/house_id/1000000022.html
INFO: [ app_init ] --START--
INFO: Run Behavior\BuildLiteBehavior [ RunTime:0.000000s ]
INFO: [ app_init ] --END-- [ RunTime:0.001000s ]
INFO: [ app_begin ] --START--
INFO: Run Behavior\ReadHtmlCacheBehavior [ RunTime:0.001000s ]
INFO: [ app_begin ] --END-- [ RunTime:0.001000s ]
SQL: SHOW COLUMNS FROM `Shops` [ RunTime:0.0280s ]
SQL: SELECT * FROM `Shops` WHERE `user_id` = 100022 LIMIT 1   [ RunTime:0.0200s ]
SQL: SHOW COLUMNS FROM `RentalHouses` [ RunTime:0.0210s ]
SQL: SELECT * FROM `RentalHouses` WHERE `id` = 1000000022 LIMIT 1   [ RunTime:0.0200s ]
SQL: SHOW COLUMNS FROM `apartment_floor` [ RunTime:0.0210s ]
SQL: SELECT `id`,`floor_name` FROM `apartment_floor` WHERE `house_id` = 1000000022  [ RunTime:0.0190s ]
SQL: SHOW COLUMNS FROM `apartment_rooms` [ RunTime:0.0200s ]
SQL: SELECT * FROM `apartment_rooms` WHERE `house_id` = 1000000022  [ RunTime:0.0200s ]
INFO: [ view_parse ] --START--
INFO: [ template_filter ] --START--
INFO: Run Behavior\ContentReplaceBehavior [ RunTime:0.000000s ]
INFO: [ template_filter ] --END-- [ RunTime:0.000000s ]
INFO: Run Behavior\ParseTemplateBehavior [ RunTime:0.012000s ]
INFO: [ view_parse ] --END-- [ RunTime:0.012000s ]
INFO: [ view_filter ] --START--
INFO: Run Behavior\WriteHtmlCacheBehavior [ RunTime:0.000000s ]
INFO: [ view_filter ] --END-- [ RunTime:0.000000s ]
INFO: [ app_end ] --START--
INFO: Run Behavior\ShowPageTraceBehavior [ RunTime:0.001000s ]
INFO: [ app_end ] --END-- [ RunTime:0.001000s ]

[ 2018-07-30T15:41:23+08:00 ] 127.0.0.1 /index.php/Service/register_tenant/room_id/7.html
INFO: [ app_init ] --START--
INFO: Run Behavior\BuildLiteBehavior [ RunTime:0.001000s ]
INFO: [ app_init ] --END-- [ RunTime:0.001000s ]
INFO: [ app_begin ] --START--
INFO: Run Behavior\ReadHtmlCacheBehavior [ RunTime:0.000000s ]
INFO: [ app_begin ] --END-- [ RunTime:0.000000s ]
SQL: SHOW COLUMNS FROM `Shops` [ RunTime:0.0180s ]
SQL: SELECT * FROM `Shops` WHERE `user_id` = 100022 LIMIT 1   [ RunTime:0.0180s ]
SQL: SHOW COLUMNS FROM `apartment_rooms` [ RunTime:0.0190s ]
SQL: SELECT * FROM `apartment_rooms` WHERE `id` = 7 LIMIT 1   [ RunTime:0.0180s ]
SQL: SHOW COLUMNS FROM `RentalHouses` [ RunTime:0.0190s ]
SQL: SELECT * FROM `RentalHouses` WHERE `id` = 1000000022 LIMIT 1   [ RunTime:0.0190s ]
INFO: [ view_parse ] --START--
INFO: [ template_filter ] --START--
INFO: Run Behavior\ContentReplaceBehavior [ RunTime:0.001000s ]
INFO: [ template_filter ] --END-- [ RunTime:0.001000s ]
NOTIC: [8] Undefined index: id E:\myphp\fkx\Runtime\Cache\Home\1acef8494ed09027ccdf9ff63d5582bd.php 第 104 行.
NOTIC: [8] Undefined index: buy_user_name E:\myphp\fkx\Runtime\Cache\Home\1acef8494ed09027ccdf9ff63d5582bd.php 第 117 行.
NOTIC: [8] Undefined index: buy_user_phone E:\myphp\fkx\Runtime\Cache\Home\1acef8494ed09027ccdf9ff63d5582bd.php 第 123 行.
NOTIC: [8] Undefined index: start_date E:\myphp\fkx\Runtime\Cache\Home\1acef8494ed09027ccdf9ff63d5582bd.php 第 136 行.
NOTIC: [8] Undefined index: end_date E:\myphp\fkx\Runtime\Cache\Home\1acef8494ed09027ccdf9ff63d5582bd.php 第 142 行.
NOTIC: [8] Undefined index: price E:\myphp\fkx\Runtime\Cache\Home\1acef8494ed09027ccdf9ff63d5582bd.php 第 156 行.
NOTIC: [8] Undefined index: foregift E:\myphp\fkx\Runtime\Cache\Home\1acef8494ed09027ccdf9ff63d5582bd.php 第 162 行.
NOTIC: [8] Undefined index: rental_type E:\myphp\fkx\Runtime\Cache\Home\1acef8494ed09027ccdf9ff63d5582bd.php 第 169 行.
NOTIC: [8] Undefined index: rental_type E:\myphp\fkx\Runtime\Cache\Home\1acef8494ed09027ccdf9ff63d5582bd.php 第 169 行.
NOTIC: [8] Undefined index: rental_type E:\myphp\fkx\Runtime\Cache\Home\1acef8494ed09027ccdf9ff63d5582bd.php 第 169 行.
NOTIC: [8] Undefined index: rental_type E:\myphp\fkx\Runtime\Cache\Home\1acef8494ed09027ccdf9ff63d5582bd.php 第 169 行.
NOTIC: [8] Undefined index: rental_type E:\myphp\fkx\Runtime\Cache\Home\1acef8494ed09027ccdf9ff63d5582bd.php 第 177 行.
NOTIC: [8] Undefined index: rental_type E:\myphp\fkx\Runtime\Cache\Home\1acef8494ed09027ccdf9ff63d5582bd.php 第 177 行.
NOTIC: [8] Undefined index: rental_type E:\myphp\fkx\Runtime\Cache\Home\1acef8494ed09027ccdf9ff63d5582bd.php 第 177 行.
NOTIC: [8] Undefined index: rental_type E:\myphp\fkx\Runtime\Cache\Home\1acef8494ed09027ccdf9ff63d5582bd.php 第 185 行.
INFO: Run Behavior\ParseTemplateBehavior [ RunTime:0.020000s ]
INFO: [ view_parse ] --END-- [ RunTime:0.020000s ]
INFO: [ view_filter ] --START--
INFO: Run Behavior\WriteHtmlCacheBehavior [ RunTime:0.001000s ]
INFO: [ view_filter ] --END-- [ RunTime:0.001000s ]
INFO: [ app_end ] --START--
INFO: Run Behavior\ShowPageTraceBehavior [ RunTime:0.003000s ]
INFO: [ app_end ] --END-- [ RunTime:0.003000s ]

[ 2018-07-30T15:41:31+08:00 ] 127.0.0.1 /index.php/Service/tenant_info/house_id/1000000022.html
INFO: [ app_init ] --START--
INFO: Run Behavior\BuildLiteBehavior [ RunTime:0.000000s ]
INFO: [ app_init ] --END-- [ RunTime:0.001000s ]
INFO: [ app_begin ] --START--
INFO: Run Behavior\ReadHtmlCacheBehavior [ RunTime:0.001000s ]
INFO: [ app_begin ] --END-- [ RunTime:0.001000s ]
SQL: SHOW COLUMNS FROM `Shops` [ RunTime:0.0200s ]
SQL: SELECT * FROM `Shops` WHERE `user_id` = 100022 LIMIT 1   [ RunTime:0.0200s ]
SQL: SHOW COLUMNS FROM `RentalHouses` [ RunTime:0.0210s ]
SQL: SELECT * FROM `RentalHouses` WHERE `id` = 1000000022 LIMIT 1   [ RunTime:0.0200s ]
SQL: SHOW COLUMNS FROM `apartment_floor` [ RunTime:0.0200s ]
SQL: SELECT `id`,`floor_name` FROM `apartment_floor` WHERE `house_id` = 1000000022  [ RunTime:0.0200s ]
SQL: SHOW COLUMNS FROM `apartment_rooms` [ RunTime:0.0200s ]
SQL: SELECT * FROM `apartment_rooms` WHERE `house_id` = 1000000022  [ RunTime:0.0210s ]
INFO: [ view_parse ] --START--
INFO: [ template_filter ] --START--
INFO: Run Behavior\ContentReplaceBehavior [ RunTime:0.000000s ]
INFO: [ template_filter ] --END-- [ RunTime:0.000000s ]
INFO: Run Behavior\ParseTemplateBehavior [ RunTime:0.015000s ]
INFO: [ view_parse ] --END-- [ RunTime:0.015000s ]
INFO: [ view_filter ] --START--
INFO: Run Behavior\WriteHtmlCacheBehavior [ RunTime:0.000000s ]
INFO: [ view_filter ] --END-- [ RunTime:0.001000s ]
INFO: [ app_end ] --START--
INFO: Run Behavior\ShowPageTraceBehavior [ RunTime:0.001000s ]
INFO: [ app_end ] --END-- [ RunTime:0.001000s ]

[ 2018-07-30T15:41:33+08:00 ] 127.0.0.1 /index.php/Service/edit_tenant/room_id/6.html
INFO: [ app_init ] --START--
INFO: Run Behavior\BuildLiteBehavior [ RunTime:0.000000s ]
INFO: [ app_init ] --END-- [ RunTime:0.001000s ]
INFO: [ app_begin ] --START--
INFO: Run Behavior\ReadHtmlCacheBehavior [ RunTime:0.001000s ]
INFO: [ app_begin ] --END-- [ RunTime:0.001000s ]
SQL: SHOW COLUMNS FROM `Shops` [ RunTime:0.0210s ]
SQL: SELECT * FROM `Shops` WHERE `user_id` = 100022 LIMIT 1   [ RunTime:0.0200s ]
INFO: [ view_parse ] --START--
INFO: [ template_filter ] --START--
INFO: Run Behavior\ContentReplaceBehavior [ RunTime:0.001000s ]
INFO: [ template_filter ] --END-- [ RunTime:0.001000s ]
NOTIC: [8] Undefined variable: room_info E:\myphp\fkx\Runtime\Cache\Home\deeefc58b350474d3703c29f19a96015.php 第 41 行.
NOTIC: [8] Undefined variable: agreement_info E:\myphp\fkx\Runtime\Cache\Home\deeefc58b350474d3703c29f19a96015.php 第 112 行.
NOTIC: [8] Undefined variable: room_info E:\myphp\fkx\Runtime\Cache\Home\deeefc58b350474d3703c29f19a96015.php 第 113 行.
NOTIC: [8] Undefined variable: house_info E:\myphp\fkx\Runtime\Cache\Home\deeefc58b350474d3703c29f19a96015.php 第 117 行.
NOTIC: [8] Undefined variable: room_info E:\myphp\fkx\Runtime\Cache\Home\deeefc58b350474d3703c29f19a96015.php 第 117 行.
NOTIC: [8] Undefined variable: house_info E:\myphp\fkx\Runtime\Cache\Home\deeefc58b350474d3703c29f19a96015.php 第 118 行.
NOTIC: [8] Undefined variable: agreement_info E:\myphp\fkx\Runtime\Cache\Home\deeefc58b350474d3703c29f19a96015.php 第 125 行.
NOTIC: [8] Undefined variable: agreement_info E:\myphp\fkx\Runtime\Cache\Home\deeefc58b350474d3703c29f19a96015.php 第 131 行.
NOTIC: [8] Undefined variable: agreement_info E:\myphp\fkx\Runtime\Cache\Home\deeefc58b350474d3703c29f19a96015.php 第 140 行.
NOTIC: [8] Undefined variable: agreement_info E:\myphp\fkx\Runtime\Cache\Home\deeefc58b350474d3703c29f19a96015.php 第 146 行.
NOTIC: [8] Undefined variable: agreement_info E:\myphp\fkx\Runtime\Cache\Home\deeefc58b350474d3703c29f19a96015.php 第 160 行.
NOTIC: [8] Undefined variable: agreement_info E:\myphp\fkx\Runtime\Cache\Home\deeefc58b350474d3703c29f19a96015.php 第 166 行.
NOTIC: [8] Undefined variable: apartment_type E:\myphp\fkx\Runtime\Cache\Home\deeefc58b350474d3703c29f19a96015.php 第 173 行.
NOTIC: [8] Undefined variable: payment_type E:\myphp\fkx\Runtime\Cache\Home\deeefc58b350474d3703c29f19a96015.php 第 181 行.
NOTIC: [8] Undefined variable: pay_date E:\myphp\fkx\Runtime\Cache\Home\deeefc58b350474d3703c29f19a96015.php 第 189 行.
NOTIC: [8] Undefined variable: room_info E:\myphp\fkx\Runtime\Cache\Home\deeefc58b350474d3703c29f19a96015.php 第 205 行.
NOTIC: [8] Undefined variable: room_info E:\myphp\fkx\Runtime\Cache\Home\deeefc58b350474d3703c29f19a96015.php 第 262 行.
NOTIC: [8] Undefined variable: cost_name_id E:\myphp\fkx\Runtime\Cache\Home\deeefc58b350474d3703c29f19a96015.php 第 313 行.
NOTIC: [8] Undefined variable: cost_type_id E:\myphp\fkx\Runtime\Cache\Home\deeefc58b350474d3703c29f19a96015.php 第 314 行.
NOTIC: [8] Undefined variable: cost_unit_id E:\myphp\fkx\Runtime\Cache\Home\deeefc58b350474d3703c29f19a96015.php 第 315 行.
INFO: Run Behavior\ParseTemplateBehavior [ RunTime:0.025000s ]
INFO: [ view_parse ] --END-- [ RunTime:0.025000s ]
INFO: [ view_filter ] --START--
INFO: Run Behavior\WriteHtmlCacheBehavior [ RunTime:0.001000s ]
INFO: [ view_filter ] --END-- [ RunTime:0.001000s ]
INFO: [ app_end ] --START--
INFO: Run Behavior\ShowPageTraceBehavior [ RunTime:0.004000s ]
INFO: [ app_end ] --END-- [ RunTime:0.004000s ]

[ 2018-07-30T15:41:55+08:00 ] 127.0.0.1 /index.php/Service/bills_info.html
INFO: [ app_init ] --START--
INFO: Run Behavior\BuildLiteBehavior [ RunTime:0.000000s ]
INFO: [ app_init ] --END-- [ RunTime:0.002000s ]
INFO: [ app_begin ] --START--
INFO: Run Behavior\ReadHtmlCacheBehavior [ RunTime:0.001000s ]
INFO: [ app_begin ] --END-- [ RunTime:0.001000s ]
SQL: SHOW COLUMNS FROM `Shops` [ RunTime:0.0180s ]
SQL: SELECT * FROM `Shops` WHERE `user_id` = 100022 LIMIT 1   [ RunTime:0.0180s ]
SQL: SHOW COLUMNS FROM `apartment_rooms` [ RunTime:0.0220s ]
SQL: SELECT * FROM `apartment_rooms` WHERE `id` = 6 LIMIT 1   [ RunTime:0.0190s ]
SQL: SHOW COLUMNS FROM `agreement` [ RunTime:0.0180s ]
SQL: SELECT * FROM `agreement` WHERE `sell_user_id` = 100022 AND `room_id` = 6 AND `status` = 1 LIMIT 1   [ RunTime:0.0180s ]
SQL: SHOW COLUMNS FROM `agreement_cost` [ RunTime:0.0180s ]
SQL: SELECT * FROM `agreement_cost` WHERE `a_id` = 1  [ RunTime:0.0170s ]
NOTIC: [8] Undefined index: rood_id E:\myphp\fkx\Application\Home\Controller\ServiceController.class.php 第 744 行.
SQL: SHOW COLUMNS FROM `bills` [ RunTime:0.0180s ]
SQL: SELECT * FROM `bills` WHERE `start_date` = '2018-07-22' AND `end_date` = '2018-08-21' LIMIT 1   [ RunTime:0.0180s ]
SQL: SHOW COLUMNS FROM `bills_detail` [ RunTime:0.0180s ]
SQL: SELECT * FROM `bills_detail` WHERE `b_id` = 8  [ RunTime:0.0170s ]
INFO: [ view_parse ] --START--
INFO: [ template_filter ] --START--
INFO: Run Behavior\ContentReplaceBehavior [ RunTime:0.001000s ]
INFO: [ template_filter ] --END-- [ RunTime:0.001000s ]
NOTIC: [8] Undefined variable: agreement_info E:\myphp\fkx\Runtime\Cache\Home\ff8acb40b44465ce158708c04745adbf.php 第 132 行.
NOTIC: [8] Undefined variable: room_info E:\myphp\fkx\Runtime\Cache\Home\ff8acb40b44465ce158708c04745adbf.php 第 133 行.
NOTIC: [8] Undefined variable: house_info E:\myphp\fkx\Runtime\Cache\Home\ff8acb40b44465ce158708c04745adbf.php 第 137 行.
NOTIC: [8] Undefined variable: room_info E:\myphp\fkx\Runtime\Cache\Home\ff8acb40b44465ce158708c04745adbf.php 第 137 行.
NOTIC: [8] Undefined variable: house_info E:\myphp\fkx\Runtime\Cache\Home\ff8acb40b44465ce158708c04745adbf.php 第 138 行.
NOTIC: [8] Undefined variable: agreement_info E:\myphp\fkx\Runtime\Cache\Home\ff8acb40b44465ce158708c04745adbf.php 第 144 行.
NOTIC: [8] Undefined variable: agreement_info E:\myphp\fkx\Runtime\Cache\Home\ff8acb40b44465ce158708c04745adbf.php 第 145 行.
NOTIC: [8] Undefined variable: agreement_info E:\myphp\fkx\Runtime\Cache\Home\ff8acb40b44465ce158708c04745adbf.php 第 149 行.
NOTIC: [8] Undefined variable: agreement_info E:\myphp\fkx\Runtime\Cache\Home\ff8acb40b44465ce158708c04745adbf.php 第 150 行.
NOTIC: [8] Undefined index: cost_name E:\myphp\fkx\Runtime\Cache\Home\ff8acb40b44465ce158708c04745adbf.php 第 172 行.
NOTIC: [8] Undefined index: cost_name E:\myphp\fkx\Runtime\Cache\Home\ff8acb40b44465ce158708c04745adbf.php 第 172 行.
NOTIC: [8] Undefined variable: room_info E:\myphp\fkx\Runtime\Cache\Home\ff8acb40b44465ce158708c04745adbf.php 第 225 行.
INFO: Run Behavior\ParseTemplateBehavior [ RunTime:0.011000s ]
INFO: [ view_parse ] --END-- [ RunTime:0.011000s ]
INFO: [ view_filter ] --START--
INFO: Run Behavior\WriteHtmlCacheBehavior [ RunTime:0.001000s ]
INFO: [ view_filter ] --END-- [ RunTime:0.001000s ]
INFO: [ app_end ] --START--
INFO: Run Behavior\ShowPageTraceBehavior [ RunTime:0.004000s ]
INFO: [ app_end ] --END-- [ RunTime:0.004000s ]

[ 2018-07-30T15:42:20+08:00 ] 127.0.0.1 /index.php/Service/edit_tenant/room_id/6.html
INFO: [ app_init ] --START--
INFO: Run Behavior\BuildLiteBehavior [ RunTime:0.000000s ]
INFO: [ app_init ] --END-- [ RunTime:0.000000s ]
INFO: [ app_begin ] --START--
INFO: Run Behavior\ReadHtmlCacheBehavior [ RunTime:0.000000s ]
INFO: [ app_begin ] --END-- [ RunTime:0.000000s ]
SQL: SHOW COLUMNS FROM `Shops` [ RunTime:0.0400s ]
SQL: SELECT * FROM `Shops` WHERE `user_id` = 100022 LIMIT 1   [ RunTime:0.0360s ]
INFO: [ view_parse ] --START--
INFO: [ template_filter ] --START--
INFO: Run Behavior\ContentReplaceBehavior [ RunTime:0.000000s ]
INFO: [ template_filter ] --END-- [ RunTime:0.001000s ]
NOTIC: [8] Undefined variable: room_info E:\myphp\fkx\Runtime\Cache\Home\deeefc58b350474d3703c29f19a96015.php 第 41 行.
NOTIC: [8] Undefined variable: agreement_info E:\myphp\fkx\Runtime\Cache\Home\deeefc58b350474d3703c29f19a96015.php 第 112 行.
NOTIC: [8] Undefined variable: room_info E:\myphp\fkx\Runtime\Cache\Home\deeefc58b350474d3703c29f19a96015.php 第 113 行.
NOTIC: [8] Undefined variable: house_info E:\myphp\fkx\Runtime\Cache\Home\deeefc58b350474d3703c29f19a96015.php 第 117 行.
NOTIC: [8] Undefined variable: room_info E:\myphp\fkx\Runtime\Cache\Home\deeefc58b350474d3703c29f19a96015.php 第 117 行.
NOTIC: [8] Undefined variable: house_info E:\myphp\fkx\Runtime\Cache\Home\deeefc58b350474d3703c29f19a96015.php 第 118 行.
NOTIC: [8] Undefined variable: agreement_info E:\myphp\fkx\Runtime\Cache\Home\deeefc58b350474d3703c29f19a96015.php 第 125 行.
NOTIC: [8] Undefined variable: agreement_info E:\myphp\fkx\Runtime\Cache\Home\deeefc58b350474d3703c29f19a96015.php 第 131 行.
NOTIC: [8] Undefined variable: agreement_info E:\myphp\fkx\Runtime\Cache\Home\deeefc58b350474d3703c29f19a96015.php 第 140 行.
NOTIC: [8] Undefined variable: agreement_info E:\myphp\fkx\Runtime\Cache\Home\deeefc58b350474d3703c29f19a96015.php 第 146 行.
NOTIC: [8] Undefined variable: agreement_info E:\myphp\fkx\Runtime\Cache\Home\deeefc58b350474d3703c29f19a96015.php 第 160 行.
NOTIC: [8] Undefined variable: agreement_info E:\myphp\fkx\Runtime\Cache\Home\deeefc58b350474d3703c29f19a96015.php 第 166 行.
NOTIC: [8] Undefined variable: apartment_type E:\myphp\fkx\Runtime\Cache\Home\deeefc58b350474d3703c29f19a96015.php 第 173 行.
NOTIC: [8] Undefined variable: payment_type E:\myphp\fkx\Runtime\Cache\Home\deeefc58b350474d3703c29f19a96015.php 第 181 行.
NOTIC: [8] Undefined variable: pay_date E:\myphp\fkx\Runtime\Cache\Home\deeefc58b350474d3703c29f19a96015.php 第 189 行.
NOTIC: [8] Undefined variable: room_info E:\myphp\fkx\Runtime\Cache\Home\deeefc58b350474d3703c29f19a96015.php 第 205 行.
NOTIC: [8] Undefined variable: room_info E:\myphp\fkx\Runtime\Cache\Home\deeefc58b350474d3703c29f19a96015.php 第 262 行.
NOTIC: [8] Undefined variable: cost_name_id E:\myphp\fkx\Runtime\Cache\Home\deeefc58b350474d3703c29f19a96015.php 第 313 行.
NOTIC: [8] Undefined variable: cost_type_id E:\myphp\fkx\Runtime\Cache\Home\deeefc58b350474d3703c29f19a96015.php 第 314 行.
NOTIC: [8] Undefined variable: cost_unit_id E:\myphp\fkx\Runtime\Cache\Home\deeefc58b350474d3703c29f19a96015.php 第 315 行.
INFO: Run Behavior\ParseTemplateBehavior [ RunTime:0.014000s ]
INFO: [ view_parse ] --END-- [ RunTime:0.014000s ]
INFO: [ view_filter ] --START--
INFO: Run Behavior\WriteHtmlCacheBehavior [ RunTime:0.000000s ]
INFO: [ view_filter ] --END-- [ RunTime:0.000000s ]
INFO: [ app_end ] --START--
INFO: Run Behavior\ShowPageTraceBehavior [ RunTime:0.001000s ]
INFO: [ app_end ] --END-- [ RunTime:0.001000s ]

[ 2018-07-30T15:49:31+08:00 ] 127.0.0.1 /index.php/Service/bills_info.html
INFO: [ app_init ] --START--
INFO: Run Behavior\BuildLiteBehavior [ RunTime:0.000000s ]
INFO: [ app_init ] --END-- [ RunTime:0.001000s ]
INFO: [ app_begin ] --START--
INFO: Run Behavior\ReadHtmlCacheBehavior [ RunTime:0.001000s ]
INFO: [ app_begin ] --END-- [ RunTime:0.001000s ]
SQL: SHOW COLUMNS FROM `Shops` [ RunTime:0.0210s ]
SQL: SELECT * FROM `Shops` WHERE `user_id` = 100022 LIMIT 1   [ RunTime:0.0210s ]
SQL: SHOW COLUMNS FROM `apartment_rooms` [ RunTime:0.0280s ]
SQL: SELECT * FROM `apartment_rooms` WHERE `id` = 6 LIMIT 1   [ RunTime:0.0200s ]
SQL: SHOW COLUMNS FROM `agreement` [ RunTime:0.0200s ]
SQL: SELECT * FROM `agreement` WHERE `sell_user_id` = 100022 AND `room_id` = 6 AND `status` = 1 LIMIT 1   [ RunTime:0.0270s ]
SQL: SHOW COLUMNS FROM `agreement_cost` [ RunTime:0.0210s ]
SQL: SELECT * FROM `agreement_cost` WHERE `a_id` = 1  [ RunTime:0.0190s ]
NOTIC: [8] Undefined index: rood_id E:\myphp\fkx\Application\Home\Controller\ServiceController.class.php 第 744 行.
SQL: SHOW COLUMNS FROM `bills` [ RunTime:0.0200s ]
SQL: SELECT * FROM `bills` WHERE `start_date` = '2018-07-22' AND `end_date` = '2018-08-21' LIMIT 1   [ RunTime:0.0200s ]
SQL: SHOW COLUMNS FROM `bills_detail` [ RunTime:0.0200s ]
SQL: SELECT * FROM `bills_detail` WHERE `b_id` = 8  [ RunTime:0.0200s ]
INFO: [ view_parse ] --START--
INFO: [ template_filter ] --START--
INFO: Run Behavior\ContentReplaceBehavior [ RunTime:0.000000s ]
INFO: [ template_filter ] --END-- [ RunTime:0.000000s ]
NOTIC: [8] Undefined variable: agreement_info E:\myphp\fkx\Runtime\Cache\Home\ff8acb40b44465ce158708c04745adbf.php 第 132 行.
NOTIC: [8] Undefined variable: room_info E:\myphp\fkx\Runtime\Cache\Home\ff8acb40b44465ce158708c04745adbf.php 第 133 行.
NOTIC: [8] Undefined variable: house_info E:\myphp\fkx\Runtime\Cache\Home\ff8acb40b44465ce158708c04745adbf.php 第 137 行.
NOTIC: [8] Undefined variable: room_info E:\myphp\fkx\Runtime\Cache\Home\ff8acb40b44465ce158708c04745adbf.php 第 137 行.
NOTIC: [8] Undefined variable: house_info E:\myphp\fkx\Runtime\Cache\Home\ff8acb40b44465ce158708c04745adbf.php 第 138 行.
NOTIC: [8] Undefined variable: agreement_info E:\myphp\fkx\Runtime\Cache\Home\ff8acb40b44465ce158708c04745adbf.php 第 144 行.
NOTIC: [8] Undefined variable: agreement_info E:\myphp\fkx\Runtime\Cache\Home\ff8acb40b44465ce158708c04745adbf.php 第 145 行.
NOTIC: [8] Undefined variable: agreement_info E:\myphp\fkx\Runtime\Cache\Home\ff8acb40b44465ce158708c04745adbf.php 第 149 行.
NOTIC: [8] Undefined variable: agreement_info E:\myphp\fkx\Runtime\Cache\Home\ff8acb40b44465ce158708c04745adbf.php 第 150 行.
NOTIC: [8] Undefined index: cost_name E:\myphp\fkx\Runtime\Cache\Home\ff8acb40b44465ce158708c04745adbf.php 第 172 行.
NOTIC: [8] Undefined index: cost_name E:\myphp\fkx\Runtime\Cache\Home\ff8acb40b44465ce158708c04745adbf.php 第 172 行.
NOTIC: [8] Undefined variable: room_info E:\myphp\fkx\Runtime\Cache\Home\ff8acb40b44465ce158708c04745adbf.php 第 225 行.
INFO: Run Behavior\ParseTemplateBehavior [ RunTime:0.012000s ]
INFO: [ view_parse ] --END-- [ RunTime:0.012000s ]
INFO: [ view_filter ] --START--
INFO: Run Behavior\WriteHtmlCacheBehavior [ RunTime:0.004000s ]
INFO: [ view_filter ] --END-- [ RunTime:0.004000s ]
INFO: [ app_end ] --START--
INFO: Run Behavior\ShowPageTraceBehavior [ RunTime:0.003000s ]
INFO: [ app_end ] --END-- [ RunTime:0.004000s ]

